<?xml version="1.0" encoding="UTF-8"?>
<coverage generated="1651415132799" clover="3.2.0">
  <project timestamp="1651415132800" name="All files">
    <metrics statements="643" coveredstatements="529" conditionals="216" coveredconditionals="174" methods="175" coveredmethods="154" elements="1034" coveredelements="857" complexity="0" loc="643" ncloc="643" packages="1" files="7" classes="7"/>
    <file name="date.ts" path="/Users/robrichards/practice/date.ts">
      <metrics statements="40" coveredstatements="40" conditionals="17" coveredconditionals="17" methods="7" coveredmethods="7"/>
      <line num="2" count="1" type="stmt"/>
      <line num="3" count="11" type="stmt"/>
      <line num="4" count="11" type="cond" truecount="2" falsecount="0"/>
      <line num="7" count="1" type="stmt"/>
      <line num="11" count="6" type="cond" truecount="1" falsecount="0"/>
      <line num="12" count="4" type="stmt"/>
      <line num="14" count="8" type="cond" truecount="1" falsecount="0"/>
      <line num="15" count="2" type="stmt"/>
      <line num="16" count="2" type="stmt"/>
      <line num="24" count="1" type="stmt"/>
      <line num="28" count="25" type="cond" truecount="1" falsecount="0"/>
      <line num="29" count="5" type="stmt"/>
      <line num="31" count="20" type="cond" truecount="1" falsecount="0"/>
      <line num="35" count="6" type="stmt"/>
      <line num="37" count="14" type="stmt"/>
      <line num="51" count="1" type="stmt"/>
      <line num="52" count="9" type="stmt"/>
      <line num="58" count="1" type="stmt"/>
      <line num="62" count="7" type="cond" truecount="1" falsecount="0"/>
      <line num="63" count="1" type="stmt"/>
      <line num="68" count="6" type="stmt"/>
      <line num="70" count="6" type="cond" truecount="2" falsecount="0"/>
      <line num="75" count="6" type="cond" truecount="1" falsecount="0"/>
      <line num="78" count="2" type="stmt"/>
      <line num="84" count="4" type="stmt"/>
      <line num="85" count="4" type="stmt"/>
      <line num="86" count="4" type="stmt"/>
      <line num="87" count="4" type="stmt"/>
      <line num="89" count="4" type="stmt"/>
      <line num="90" count="12" type="stmt"/>
      <line num="92" count="12" type="cond" truecount="1" falsecount="0"/>
      <line num="93" count="5" type="stmt"/>
      <line num="97" count="5" type="stmt"/>
      <line num="102" count="5" type="stmt"/>
      <line num="103" count="5" type="stmt"/>
      <line num="104" count="5" type="stmt"/>
      <line num="106" count="5" type="stmt"/>
      <line num="110" count="4" type="stmt"/>
      <line num="112" count="4" type="stmt"/>
      <line num="115" count="4" type="stmt"/>
    </file>
    <file name="faang.ts" path="/Users/robrichards/practice/faang.ts">
      <metrics statements="93" coveredstatements="92" conditionals="27" coveredconditionals="26" methods="10" coveredmethods="10"/>
      <line num="1" count="1" type="stmt"/>
      <line num="2" count="14" type="stmt"/>
      <line num="3" count="14" type="stmt"/>
      <line num="6" count="67" type="cond" truecount="2" falsecount="0"/>
      <line num="8" count="14" type="stmt"/>
      <line num="16" count="1" type="stmt"/>
      <line num="17" count="7" type="stmt"/>
      <line num="20" count="1" type="stmt"/>
      <line num="24" count="7" type="stmt"/>
      <line num="25" count="7" type="stmt"/>
      <line num="27" count="7" type="cond" truecount="2" falsecount="0"/>
      <line num="28" count="28" type="cond" truecount="4" falsecount="0"/>
      <line num="29" count="7" type="cond" truecount="1" falsecount="0"/>
      <line num="30" count="2" type="stmt"/>
      <line num="31" count="2" type="stmt"/>
      <line num="32" count="8" type="stmt"/>
      <line num="33" count="8" type="stmt"/>
      <line num="34" count="8" type="cond" truecount="1" falsecount="0"/>
      <line num="35" count="2" type="stmt"/>
      <line num="39" count="7" type="cond" truecount="1" falsecount="0"/>
      <line num="40" count="7" type="stmt"/>
      <line num="41" count="7" type="stmt"/>
      <line num="42" count="14" type="stmt"/>
      <line num="43" count="14" type="stmt"/>
      <line num="44" count="14" type="cond" truecount="0" falsecount="1"/>
      <line num="45" count="0" type="stmt"/>
      <line num="50" count="21" type="cond" truecount="1" falsecount="0"/>
      <line num="51" count="3" type="stmt"/>
      <line num="53" count="18" type="stmt"/>
      <line num="54" count="18" type="stmt"/>
      <line num="57" count="4" type="stmt"/>
      <line num="65" count="1" type="stmt"/>
      <line num="68" count="8" type="stmt"/>
      <line num="69" count="8" type="stmt"/>
      <line num="70" count="8" type="stmt"/>
      <line num="71" count="8" type="stmt"/>
      <line num="72" count="8" type="stmt"/>
      <line num="74" count="8" type="cond" truecount="1" falsecount="0"/>
      <line num="76" count="7" type="cond" truecount="2" falsecount="0"/>
      <line num="77" count="28" type="cond" truecount="2" falsecount="0"/>
      <line num="78" count="14" type="stmt"/>
      <line num="79" count="14" type="stmt"/>
      <line num="80" count="14" type="stmt"/>
      <line num="81" count="14" type="cond" truecount="1" falsecount="0"/>
      <line num="82" count="2" type="stmt"/>
      <line num="84" count="14" type="stmt"/>
      <line num="86" count="14" type="stmt"/>
      <line num="87" count="14" type="stmt"/>
      <line num="88" count="14" type="stmt"/>
      <line num="89" count="14" type="cond" truecount="1" falsecount="0"/>
      <line num="90" count="9" type="stmt"/>
      <line num="95" count="7" type="stmt"/>
      <line num="98" count="1" type="stmt"/>
      <line num="99" count="8" type="cond" truecount="1" falsecount="0"/>
      <line num="100" count="7" type="stmt"/>
      <line num="101" count="7" type="stmt"/>
      <line num="102" count="7" type="stmt"/>
      <line num="104" count="7" type="stmt"/>
      <line num="105" count="36" type="stmt"/>
      <line num="106" count="36" type="stmt"/>
      <line num="107" count="36" type="cond" truecount="1" falsecount="0"/>
      <line num="108" count="17" type="stmt"/>
      <line num="110" count="36" type="stmt"/>
      <line num="111" count="36" type="stmt"/>
      <line num="114" count="7" type="stmt"/>
      <line num="120" count="1" type="stmt"/>
      <line num="121" count="8" type="stmt"/>
      <line num="124" count="66" type="stmt"/>
      <line num="127" count="8" type="stmt"/>
      <line num="128" count="8" type="stmt"/>
      <line num="130" count="8" type="stmt"/>
      <line num="131" count="24" type="cond" truecount="1" falsecount="0"/>
      <line num="132" count="2" type="stmt"/>
      <line num="134" count="22" type="stmt"/>
      <line num="135" count="22" type="stmt"/>
      <line num="137" count="6" type="stmt"/>
      <line num="140" count="1" type="stmt"/>
      <line num="145" count="10" type="stmt"/>
      <line num="146" count="9" type="cond" truecount="1" falsecount="0"/>
      <line num="147" count="8" type="stmt"/>
      <line num="149" count="1" type="stmt"/>
      <line num="150" count="1" type="stmt"/>
      <line num="152" count="2" type="stmt"/>
      <line num="157" count="1" type="stmt"/>
      <line num="158" count="12" type="stmt"/>
      <line num="160" count="12" type="stmt"/>
      <line num="161" count="12" type="stmt"/>
      <line num="163" count="12" type="stmt"/>
      <line num="164" count="32" type="cond" truecount="1" falsecount="0"/>
      <line num="165" count="6" type="stmt"/>
      <line num="170" count="26" type="stmt"/>
      <line num="171" count="26" type="stmt"/>
      <line num="173" count="6" type="stmt"/>
    </file>
    <file name="index.ts" path="/Users/robrichards/practice/index.ts">
      <metrics statements="370" coveredstatements="261" conditionals="143" coveredconditionals="104" methods="137" coveredmethods="116"/>
      <line num="1" count="1" type="stmt"/>
      <line num="2" count="3" type="stmt"/>
      <line num="4" count="7" type="stmt"/>
      <line num="5" count="7" type="stmt"/>
      <line num="7" count="4" type="stmt"/>
      <line num="9" count="1" type="stmt"/>
      <line num="10" count="9" type="stmt"/>
      <line num="13" count="1" type="stmt"/>
      <line num="14" count="4" type="stmt"/>
      <line num="16" count="17" type="stmt"/>
      <line num="20" count="1" type="stmt"/>
      <line num="21" count="3" type="stmt"/>
      <line num="22" count="3" type="cond" truecount="2" falsecount="0"/>
      <line num="25" count="1" type="stmt"/>
      <line num="26" count="56" type="cond" truecount="2" falsecount="0"/>
      <line num="28" count="1" type="stmt"/>
      <line num="29" count="5" type="stmt"/>
      <line num="30" count="5" type="stmt"/>
      <line num="31" count="5" type="stmt"/>
      <line num="33" count="5" type="cond" truecount="1" falsecount="0"/>
      <line num="35" count="4" type="stmt"/>
      <line num="36" count="6" type="cond" truecount="1" falsecount="0"/>
      <line num="37" count="1" type="stmt"/>
      <line num="39" count="5" type="stmt"/>
      <line num="40" count="5" type="stmt"/>
      <line num="42" count="3" type="stmt"/>
      <line num="45" count="1" type="stmt"/>
      <line num="46" count="9" type="cond" truecount="7" falsecount="0"/>
      <line num="49" count="3" type="stmt"/>
      <line num="51" count="1" type="stmt"/>
      <line num="53" count="1" type="stmt"/>
      <line num="55" count="1" type="stmt"/>
      <line num="57" count="1" type="stmt"/>
      <line num="59" count="2" type="stmt"/>
      <line num="63" count="1" type="stmt"/>
      <line num="64" count="8" type="cond" truecount="2" falsecount="0"/>
      <line num="66" count="1" type="stmt"/>
      <line num="68" count="8" type="cond" truecount="2" falsecount="0"/>
      <line num="70" count="1" type="stmt"/>
      <line num="73" count="8" type="stmt"/>
      <line num="75" count="1" type="stmt"/>
      <line num="76" count="6" type="stmt"/>
      <line num="77" count="6" type="stmt"/>
      <line num="79" count="6" type="stmt"/>
      <line num="80" count="24" type="cond" truecount="2" falsecount="0"/>
      <line num="83" count="6" type="cond" truecount="2" falsecount="0"/>
      <line num="88" count="1" type="stmt"/>
      <line num="89" count="6" type="cond" truecount="1" falsecount="0"/>
      <line num="90" count="5" type="stmt"/>
      <line num="91" count="5" type="stmt"/>
      <line num="95" count="22" type="cond" truecount="2" falsecount="0"/>
      <line num="98" count="5" type="stmt"/>
      <line num="99" count="17" type="cond" truecount="1" falsecount="0"/>
      <line num="100" count="16" type="cond" truecount="1" falsecount="0"/>
      <line num="101" count="15" type="cond" truecount="1" falsecount="0"/>
      <line num="104" count="3" type="stmt"/>
      <line num="107" count="1" type="stmt"/>
      <line num="108" count="8" type="stmt"/>
      <line num="110" count="8" type="stmt"/>
      <line num="111" count="221" type="cond" truecount="1" falsecount="0"/>
      <line num="112" count="221" type="cond" truecount="3" falsecount="0"/>
      <line num="113" count="218" type="cond" truecount="3" falsecount="0"/>
      <line num="116" count="5" type="stmt"/>
      <line num="122" count="1" type="stmt"/>
      <line num="123" count="0" type="cond" truecount="0" falsecount="2"/>
      <line num="125" count="0" type="stmt"/>
      <line num="126" count="0" type="stmt"/>
      <line num="127" count="0" type="cond" truecount="0" falsecount="1"/>
      <line num="128" count="0" type="stmt"/>
      <line num="132" count="0" type="stmt"/>
      <line num="135" count="1" type="stmt"/>
      <line num="136" count="0" type="stmt"/>
      <line num="137" count="0" type="stmt"/>
      <line num="138" count="0" type="stmt"/>
      <line num="139" count="0" type="stmt"/>
      <line num="140" count="0" type="stmt"/>
      <line num="141" count="0" type="stmt"/>
      <line num="142" count="0" type="cond" truecount="0" falsecount="2"/>
      <line num="143" count="0" type="stmt"/>
      <line num="145" count="0" type="stmt"/>
      <line num="146" count="0" type="cond" truecount="0" falsecount="1"/>
      <line num="147" count="0" type="stmt"/>
      <line num="151" count="0" type="stmt"/>
      <line num="154" count="1" type="stmt"/>
      <line num="158" count="0" type="cond" truecount="0" falsecount="1"/>
      <line num="159" count="0" type="cond" truecount="0" falsecount="1"/>
      <line num="160" count="0" type="cond" truecount="0" falsecount="1"/>
      <line num="162" count="0" type="stmt"/>
      <line num="163" count="0" type="stmt"/>
      <line num="165" count="0" type="cond" truecount="0" falsecount="2"/>
      <line num="166" count="0" type="cond" truecount="0" falsecount="2"/>
      <line num="167" count="0" type="stmt"/>
      <line num="168" count="0" type="stmt"/>
      <line num="170" count="0" type="stmt"/>
      <line num="171" count="0" type="stmt"/>
      <line num="174" count="0" type="cond" truecount="0" falsecount="1"/>
      <line num="176" count="0" type="stmt"/>
      <line num="179" count="1" type="stmt"/>
      <line num="183" count="10" type="stmt"/>
      <line num="186" count="1" type="stmt"/>
      <line num="187" count="0" type="stmt"/>
      <line num="188" count="0" type="stmt"/>
      <line num="189" count="0" type="stmt"/>
      <line num="190" count="0" type="stmt"/>
      <line num="191" count="0" type="cond" truecount="0" falsecount="2"/>
      <line num="193" count="0" type="stmt"/>
      <line num="194" count="0" type="cond" truecount="0" falsecount="3"/>
      <line num="195" count="0" type="stmt"/>
      <line num="196" count="0" type="stmt"/>
      <line num="199" count="0" type="stmt"/>
      <line num="202" count="1" type="stmt"/>
      <line num="203" count="0" type="stmt"/>
      <line num="204" count="0" type="stmt"/>
      <line num="205" count="0" type="cond" truecount="0" falsecount="1"/>
      <line num="206" count="0" type="stmt"/>
      <line num="207" count="0" type="stmt"/>
      <line num="209" count="0" type="cond" truecount="0" falsecount="1"/>
      <line num="210" count="0" type="stmt"/>
      <line num="211" count="0" type="stmt"/>
      <line num="213" count="0" type="cond" truecount="0" falsecount="1"/>
      <line num="214" count="0" type="stmt"/>
      <line num="215" count="0" type="stmt"/>
      <line num="218" count="0" type="cond" truecount="0" falsecount="1"/>
      <line num="219" count="0" type="stmt"/>
      <line num="220" count="0" type="stmt"/>
      <line num="222" count="0" type="stmt"/>
      <line num="228" count="1" type="stmt"/>
      <line num="229" count="0" type="stmt"/>
      <line num="230" count="0" type="stmt"/>
      <line num="231" count="0" type="cond" truecount="0" falsecount="2"/>
      <line num="233" count="0" type="stmt"/>
      <line num="234" count="0" type="cond" truecount="0" falsecount="1"/>
      <line num="236" count="0" type="stmt"/>
      <line num="239" count="1" type="stmt"/>
      <line num="240" count="0" type="stmt"/>
      <line num="242" count="0" type="stmt"/>
      <line num="243" count="0" type="stmt"/>
      <line num="245" count="1" type="stmt"/>
      <line num="246" count="43" type="cond" truecount="4" falsecount="0"/>
      <line num="248" count="1" type="stmt"/>
      <line num="249" count="0" type="stmt"/>
      <line num="250" count="0" type="stmt"/>
      <line num="251" count="0" type="stmt"/>
      <line num="256" count="1" type="stmt"/>
      <line num="257" count="0" type="cond" truecount="0" falsecount="1"/>
      <line num="258" count="0" type="cond" truecount="0" falsecount="1"/>
      <line num="260" count="0" type="stmt"/>
      <line num="261" count="0" type="stmt"/>
      <line num="262" count="0" type="stmt"/>
      <line num="264" count="0" type="stmt"/>
      <line num="265" count="0" type="stmt"/>
      <line num="267" count="0" type="stmt"/>
      <line num="268" count="0" type="stmt"/>
      <line num="269" count="0" type="stmt"/>
      <line num="270" count="0" type="stmt"/>
      <line num="273" count="0" type="stmt"/>
      <line num="274" count="0" type="stmt"/>
      <line num="275" count="0" type="stmt"/>
      <line num="276" count="0" type="cond" truecount="0" falsecount="2"/>
      <line num="277" count="0" type="stmt"/>
      <line num="279" count="0" type="stmt"/>
      <line num="281" count="0" type="stmt"/>
      <line num="283" count="0" type="stmt"/>
      <line num="286" count="1" type="stmt"/>
      <line num="287" count="0" type="stmt"/>
      <line num="288" count="0" type="stmt"/>
      <line num="289" count="0" type="stmt"/>
      <line num="290" count="0" type="stmt"/>
      <line num="291" count="0" type="cond" truecount="0" falsecount="2"/>
      <line num="293" count="0" type="stmt"/>
      <line num="294" count="0" type="cond" truecount="0" falsecount="1"/>
      <line num="295" count="0" type="stmt"/>
      <line num="298" count="0" type="stmt"/>
      <line num="301" count="1" type="stmt"/>
      <line num="302" count="0" type="stmt"/>
      <line num="311" count="1" type="stmt"/>
      <line num="312" count="0" type="cond" truecount="0" falsecount="1"/>
      <line num="313" count="0" type="cond" truecount="0" falsecount="1"/>
      <line num="314" count="0" type="cond" truecount="0" falsecount="1"/>
      <line num="315" count="0" type="cond" truecount="0" falsecount="1"/>
      <line num="316" count="0" type="stmt"/>
      <line num="319" count="1" type="stmt"/>
      <line num="322" count="3" type="stmt"/>
      <line num="323" count="6" type="cond" truecount="1" falsecount="0"/>
      <line num="327" count="1" type="stmt"/>
      <line num="328" count="6" type="cond" truecount="1" falsecount="0"/>
      <line num="329" count="4" type="stmt"/>
      <line num="332" count="1" type="stmt"/>
      <line num="335" count="3" type="stmt"/>
      <line num="336" count="3" type="stmt"/>
      <line num="337" count="3" type="stmt"/>
      <line num="339" count="3" type="stmt"/>
      <line num="340" count="24" type="cond" truecount="4" falsecount="0"/>
      <line num="341" count="2" type="stmt"/>
      <line num="342" count="2" type="stmt"/>
      <line num="343" count="2" type="stmt"/>
      <line num="344" count="22" type="cond" truecount="2" falsecount="2"/>
      <line num="345" count="0" type="stmt"/>
      <line num="346" count="0" type="stmt"/>
      <line num="347" count="22" type="cond" truecount="2" falsecount="0"/>
      <line num="348" count="11" type="stmt"/>
      <line num="349" count="11" type="stmt"/>
      <line num="350" count="11" type="stmt"/>
      <line num="352" count="11" type="stmt"/>
      <line num="355" count="3" type="stmt"/>
      <line num="358" count="1" type="stmt"/>
      <line num="361" count="24" type="stmt"/>
      <line num="377" count="1" type="stmt"/>
      <line num="378" count="2" type="stmt"/>
      <line num="379" count="2" type="stmt"/>
      <line num="380" count="6" type="cond" truecount="2" falsecount="0"/>
      <line num="384" count="2" type="stmt"/>
      <line num="387" count="1" type="stmt"/>
      <line num="388" count="5" type="stmt"/>
      <line num="389" count="5" type="stmt"/>
      <line num="391" count="5" type="stmt"/>
      <line num="392" count="34" type="stmt"/>
      <line num="393" count="34" type="stmt"/>
      <line num="396" count="5" type="stmt"/>
      <line num="405" count="1" type="stmt"/>
      <line num="406" count="4" type="cond" truecount="1" falsecount="0"/>
      <line num="407" count="1" type="stmt"/>
      <line num="409" count="3" type="stmt"/>
      <line num="412" count="17" type="cond" truecount="1" falsecount="0"/>
      <line num="413" count="2" type="stmt"/>
      <line num="415" count="15" type="cond" truecount="1" falsecount="0"/>
      <line num="416" count="4" type="stmt"/>
      <line num="418" count="11" type="stmt"/>
      <line num="426" count="1" type="stmt"/>
      <line num="429" count="15" type="stmt"/>
      <line num="436" count="1" type="stmt"/>
      <line num="437" count="4" type="cond" truecount="1" falsecount="0"/>
      <line num="438" count="3" type="stmt"/>
      <line num="442" count="20" type="stmt"/>
      <line num="443" count="27" type="stmt"/>
      <line num="448" count="1" type="stmt"/>
      <line num="449" count="5" type="cond" truecount="1" falsecount="0"/>
      <line num="451" count="4" type="stmt"/>
      <line num="454" count="1" type="stmt"/>
      <line num="455" count="3" type="stmt"/>
      <line num="458" count="13" type="cond" truecount="1" falsecount="0"/>
      <line num="459" count="7" type="cond" truecount="1" falsecount="0"/>
      <line num="460" count="3" type="cond" truecount="1" falsecount="0"/>
      <line num="461" count="2" type="cond" truecount="1" falsecount="0"/>
      <line num="466" count="1" type="stmt"/>
      <line num="467" count="5" type="cond" truecount="1" falsecount="0"/>
      <line num="468" count="4" type="stmt"/>
      <line num="469" count="9" type="stmt"/>
      <line num="473" count="1" type="stmt"/>
      <line num="474" count="19" type="cond" truecount="3" falsecount="0"/>
      <line num="477" count="1" type="stmt"/>
      <line num="478" count="4" type="cond" truecount="1" falsecount="0"/>
      <line num="479" count="10" type="stmt"/>
      <line num="482" count="1" type="stmt"/>
      <line num="483" count="3" type="stmt"/>
      <line num="486" count="10" type="stmt"/>
      <line num="490" count="1" type="stmt"/>
      <line num="496" count="0" type="stmt"/>
      <line num="498" count="0" type="stmt"/>
      <line num="499" count="0" type="stmt"/>
      <line num="500" count="0" type="stmt"/>
      <line num="503" count="0" type="stmt"/>
      <line num="506" count="1" type="stmt"/>
      <line num="507" count="5" type="cond" truecount="2" falsecount="0"/>
      <line num="510" count="1" type="stmt"/>
      <line num="511" count="7" type="cond" truecount="1" falsecount="0"/>
      <line num="512" count="6" type="cond" truecount="1" falsecount="0"/>
      <line num="513" count="39" type="stmt"/>
      <line num="514" count="5" type="stmt"/>
      <line num="517" count="1" type="stmt"/>
      <line num="518" count="6" type="cond" truecount="2" falsecount="0"/>
      <line num="521" count="1" type="stmt"/>
      <line num="522" count="3" type="stmt"/>
      <line num="524" count="17" type="stmt"/>
      <line num="527" count="1" type="stmt"/>
      <line num="528" count="6" type="stmt"/>
      <line num="531" count="1" type="stmt"/>
      <line num="532" count="6" type="stmt"/>
      <line num="534" count="1" type="stmt"/>
      <line num="535" count="5" type="stmt"/>
      <line num="536" count="5" type="stmt"/>
      <line num="538" count="5" type="stmt"/>
      <line num="539" count="16" type="cond" truecount="1" falsecount="0"/>
      <line num="540" count="16" type="cond" truecount="1" falsecount="0"/>
      <line num="543" count="5" type="stmt"/>
      <line num="546" count="1" type="stmt"/>
      <line num="547" count="3" type="stmt"/>
      <line num="549" count="14" type="stmt"/>
      <line num="553" count="1" type="stmt"/>
      <line num="556" count="4" type="cond" truecount="4" falsecount="0"/>
      <line num="559" count="16" type="cond" truecount="2" falsecount="0"/>
      <line num="560" count="16" type="stmt"/>
      <line num="567" count="1" type="stmt"/>
      <line num="568" count="8" type="stmt"/>
      <line num="570" count="1" type="stmt"/>
      <line num="574" count="5" type="stmt"/>
      <line num="576" count="35" type="stmt"/>
      <line num="582" count="1" type="stmt"/>
      <line num="583" count="8" type="cond" truecount="2" falsecount="0"/>
      <line num="587" count="1" type="stmt"/>
      <line num="588" count="17" type="stmt"/>
      <line num="589" count="17" type="stmt"/>
      <line num="593" count="1" type="stmt"/>
      <line num="594" count="14" type="stmt"/>
      <line num="596" count="1" type="stmt"/>
      <line num="597" count="5" type="cond" truecount="2" falsecount="0"/>
      <line num="599" count="1" type="stmt"/>
      <line num="600" count="3" type="stmt"/>
      <line num="603" count="9" type="stmt"/>
      <line num="607" count="1" type="stmt"/>
      <line num="608" count="24" type="stmt"/>
      <line num="610" count="1" type="stmt"/>
      <line num="614" count="4" type="stmt"/>
      <line num="616" count="1" type="stmt"/>
      <line num="617" count="4" type="stmt"/>
      <line num="619" count="1" type="stmt"/>
      <line num="620" count="4" type="cond" truecount="1" falsecount="0"/>
      <line num="621" count="3" type="stmt"/>
      <line num="622" count="3" type="stmt"/>
      <line num="625" count="3" type="stmt"/>
      <line num="627" count="1" type="stmt"/>
      <line num="628" count="26" type="stmt"/>
      <line num="629" count="6" type="cond" truecount="1" falsecount="0"/>
      <line num="630" count="3" type="cond" truecount="1" falsecount="0"/>
      <line num="631" count="1" type="stmt"/>
      <line num="634" count="1" type="stmt"/>
      <line num="635" count="6" type="cond" truecount="1" falsecount="0"/>
      <line num="636" count="5" type="stmt"/>
      <line num="637" count="5" type="stmt"/>
      <line num="638" count="33" type="stmt"/>
      <line num="640" count="5" type="stmt"/>
      <line num="643" count="1" type="stmt"/>
      <line num="644" count="2" type="stmt"/>
      <line num="646" count="6" type="stmt"/>
      <line num="647" count="12" type="stmt"/>
      <line num="650" count="1" type="stmt"/>
      <line num="651" count="35" type="stmt"/>
      <line num="653" count="1" type="stmt"/>
      <line num="654" count="109" type="stmt"/>
      <line num="655" count="462" type="stmt"/>
      <line num="656" count="221" type="stmt"/>
      <line num="657" count="221" type="stmt"/>
      <line num="660" count="1" type="stmt"/>
      <line num="661" count="51" type="stmt"/>
      <line num="662" count="17" type="cond" truecount="5" falsecount="0"/>
      <line num="664" count="4" type="stmt"/>
      <line num="666" count="3" type="stmt"/>
      <line num="668" count="3" type="stmt"/>
      <line num="670" count="3" type="stmt"/>
      <line num="672" count="4" type="stmt"/>
      <line num="676" count="1" type="stmt"/>
      <line num="677" count="9" type="stmt"/>
      <line num="679" count="18" type="stmt"/>
      <line num="682" count="1" type="stmt"/>
      <line num="683" count="5" type="stmt"/>
      <line num="687" count="48" type="cond" truecount="2" falsecount="0"/>
      <line num="689" count="48" type="stmt"/>
      <line num="692" count="1" type="stmt"/>
      <line num="693" count="20" type="stmt"/>
      <line num="694" count="220" type="stmt"/>
      <line num="697" count="1" type="cond" truecount="1" falsecount="0"/>
      <line num="698" count="4" type="cond" truecount="2" falsecount="0"/>
      <line num="706" count="1" type="stmt"/>
      <line num="707" count="992" type="stmt"/>
      <line num="709" count="1" type="stmt"/>
      <line num="710" count="8" type="cond" truecount="2" falsecount="0"/>
      <line num="714" count="17" type="cond" truecount="1" falsecount="0"/>
      <line num="715" count="5" type="stmt"/>
      <line num="721" count="7" type="cond" truecount="1" falsecount="0"/>
      <line num="722" count="3" type="stmt"/>
    </file>
    <file name="linkedList.ts" path="/Users/robrichards/practice/linkedList.ts">
      <metrics statements="93" coveredstatements="89" conditionals="15" coveredconditionals="13" methods="10" coveredmethods="10"/>
      <line num="1" count="1" type="stmt"/>
      <line num="5" count="30" type="stmt"/>
      <line num="6" count="30" type="stmt"/>
      <line num="10" count="1" type="stmt"/>
      <line num="14" count="6" type="stmt"/>
      <line num="15" count="6" type="stmt"/>
      <line num="19" count="27" type="cond" truecount="1" falsecount="0"/>
      <line num="20" count="20" type="stmt"/>
      <line num="21" count="20" type="stmt"/>
      <line num="22" count="58" type="stmt"/>
      <line num="24" count="20" type="stmt"/>
      <line num="28" count="24" type="stmt"/>
      <line num="29" count="24" type="cond" truecount="1" falsecount="0"/>
      <line num="30" count="7" type="stmt"/>
      <line num="31" count="7" type="stmt"/>
      <line num="32" count="7" type="stmt"/>
      <line num="34" count="17" type="stmt"/>
      <line num="35" count="17" type="stmt"/>
      <line num="36" count="17" type="stmt"/>
      <line num="37" count="17" type="stmt"/>
      <line num="41" count="2" type="cond" truecount="1" falsecount="0"/>
      <line num="43" count="1" type="cond" truecount="0" falsecount="1"/>
      <line num="44" count="0" type="stmt"/>
      <line num="45" count="0" type="stmt"/>
      <line num="46" count="0" type="stmt"/>
      <line num="50" count="1" type="stmt"/>
      <line num="51" count="1" type="stmt"/>
      <line num="52" count="7" type="stmt"/>
      <line num="53" count="7" type="stmt"/>
      <line num="55" count="1" type="stmt"/>
      <line num="56" count="1" type="stmt"/>
      <line num="57" count="1" type="stmt"/>
      <line num="58" count="1" type="stmt"/>
      <line num="62" count="4" type="stmt"/>
      <line num="63" count="4" type="stmt"/>
      <line num="64" count="4" type="stmt"/>
      <line num="65" count="4" type="stmt"/>
      <line num="66" count="4" type="stmt"/>
      <line num="70" count="4" type="cond" truecount="1" falsecount="0"/>
      <line num="71" count="1" type="stmt"/>
      <line num="74" count="3" type="cond" truecount="1" falsecount="0"/>
      <line num="75" count="2" type="stmt"/>
      <line num="76" count="2" type="stmt"/>
      <line num="77" count="2" type="stmt"/>
      <line num="79" count="1" type="stmt"/>
      <line num="80" count="1" type="stmt"/>
      <line num="81" count="1" type="stmt"/>
      <line num="82" count="1" type="stmt"/>
      <line num="83" count="1" type="stmt"/>
      <line num="87" count="4" type="cond" truecount="1" falsecount="0"/>
      <line num="88" count="1" type="stmt"/>
      <line num="90" count="3" type="cond" truecount="1" falsecount="0"/>
      <line num="91" count="1" type="stmt"/>
      <line num="92" count="1" type="stmt"/>
      <line num="95" count="2" type="stmt"/>
      <line num="97" count="2" type="stmt"/>
      <line num="98" count="7" type="cond" truecount="1" falsecount="0"/>
      <line num="99" count="1" type="stmt"/>
      <line num="100" count="1" type="stmt"/>
      <line num="101" count="1" type="stmt"/>
      <line num="102" count="1" type="stmt"/>
      <line num="104" count="6" type="stmt"/>
      <line num="105" count="6" type="stmt"/>
      <line num="107" count="1" type="stmt"/>
      <line num="111" count="4" type="cond" truecount="1" falsecount="0"/>
      <line num="112" count="1" type="stmt"/>
      <line num="114" count="3" type="cond" truecount="1" falsecount="0"/>
      <line num="115" count="1" type="stmt"/>
      <line num="120" count="2" type="cond" truecount="0" falsecount="1"/>
      <line num="121" count="0" type="stmt"/>
      <line num="123" count="2" type="cond" truecount="1" falsecount="0"/>
      <line num="124" count="1" type="stmt"/>
      <line num="129" count="1" type="stmt"/>
      <line num="130" count="1" type="stmt"/>
      <line num="131" count="1" type="stmt"/>
      <line num="132" count="2" type="stmt"/>
      <line num="133" count="2" type="stmt"/>
      <line num="135" count="1" type="stmt"/>
      <line num="139" count="3" type="cond" truecount="1" falsecount="0"/>
      <line num="140" count="2" type="stmt"/>
      <line num="142" count="1" type="stmt"/>
      <line num="143" count="1" type="stmt"/>
      <line num="144" count="3" type="stmt"/>
      <line num="145" count="3" type="stmt"/>
      <line num="146" count="3" type="stmt"/>
      <line num="147" count="3" type="stmt"/>
      <line num="148" count="3" type="stmt"/>
      <line num="150" count="1" type="stmt"/>
      <line num="155" count="1" type="stmt"/>
      <line num="156" count="1" type="stmt"/>
      <line num="157" count="1" type="stmt"/>
      <line num="158" count="1" type="stmt"/>
      <line num="159" count="1" type="stmt"/>
    </file>
    <file name="percentGenerator.ts" path="/Users/robrichards/practice/percentGenerator.ts">
      <metrics statements="12" coveredstatements="12" conditionals="1" coveredconditionals="1" methods="3" coveredmethods="3"/>
      <line num="20" count="1" type="stmt"/>
      <line num="21" count="12" type="stmt"/>
      <line num="25" count="12" type="cond" truecount="1" falsecount="0"/>
      <line num="27" count="7" type="stmt"/>
      <line num="29" count="7" type="stmt"/>
      <line num="30" count="23" type="stmt"/>
      <line num="31" count="23" type="stmt"/>
      <line num="34" count="7" type="stmt"/>
      <line num="36" count="7" type="stmt"/>
      <line num="39" count="1" type="stmt"/>
      <line num="40" count="3" type="stmt"/>
      <line num="42" count="3" type="stmt"/>
    </file>
    <file name="search.ts" path="/Users/robrichards/practice/search.ts">
      <metrics statements="9" coveredstatements="9" conditionals="3" coveredconditionals="3" methods="1" coveredmethods="1"/>
      <line num="1" count="1" type="stmt"/>
      <line num="5" count="4" type="stmt"/>
      <line num="6" count="4" type="stmt"/>
      <line num="8" count="4" type="stmt"/>
      <line num="9" count="8" type="stmt"/>
      <line num="10" count="8" type="cond" truecount="1" falsecount="0"/>
      <line num="11" count="7" type="cond" truecount="2" falsecount="0"/>
      <line num="12" count="4" type="stmt"/>
      <line num="14" count="3" type="stmt"/>
    </file>
    <file name="sort.ts" path="/Users/robrichards/practice/sort.ts">
      <metrics statements="26" coveredstatements="26" conditionals="10" coveredconditionals="10" methods="7" coveredmethods="7"/>
      <line num="1" count="1" type="stmt"/>
      <line num="3" count="13" type="stmt"/>
      <line num="4" count="13" type="cond" truecount="2" falsecount="0"/>
      <line num="5" count="30" type="cond" truecount="2" falsecount="0"/>
      <line num="8" count="13" type="stmt"/>
      <line num="11" count="1" type="stmt"/>
      <line num="13" count="29" type="cond" truecount="1" falsecount="0"/>
      <line num="15" count="13" type="stmt"/>
      <line num="16" count="13" type="stmt"/>
      <line num="18" count="13" type="stmt"/>
      <line num="21" count="1" type="stmt"/>
      <line num="22" count="3" type="stmt"/>
      <line num="23" count="15" type="stmt"/>
      <line num="24" count="113" type="cond" truecount="1" falsecount="0"/>
      <line num="25" count="33" type="stmt"/>
      <line num="26" count="33" type="stmt"/>
      <line num="27" count="33" type="stmt"/>
      <line num="31" count="3" type="stmt"/>
      <line num="34" count="1" type="stmt"/>
      <line num="37" count="4" type="stmt"/>
      <line num="38" count="4" type="stmt"/>
      <line num="40" count="4" type="stmt"/>
      <line num="41" count="23" type="cond" truecount="2" falsecount="0"/>
      <line num="44" count="4" type="stmt"/>
      <line num="45" count="27" type="stmt"/>
      <line num="46" count="10" type="cond" truecount="2" falsecount="0"/>
    </file>
  </project>
</coverage>
