<?xml version="1.0" encoding="UTF-8"?>
<coverage generated="1651414482106" clover="3.2.0">
  <project timestamp="1651414482106" name="All files">
    <metrics statements="644" coveredstatements="528" conditionals="216" coveredconditionals="174" methods="175" coveredmethods="152" elements="1035" coveredelements="854" complexity="0" loc="644" ncloc="644" packages="1" files="7" classes="7"/>
    <file name="date.ts" path="/Users/robrichards/practice/date.ts">
      <metrics statements="40" coveredstatements="40" conditionals="17" coveredconditionals="17" methods="7" coveredmethods="7"/>
      <line num="2" count="1" type="stmt"/>
      <line num="3" count="11" type="stmt"/>
      <line num="4" count="11" type="cond" truecount="2" falsecount="0"/>
      <line num="7" count="1" type="stmt"/>
      <line num="11" count="6" type="cond" truecount="1" falsecount="0"/>
      <line num="12" count="4" type="stmt"/>
      <line num="14" count="8" type="cond" truecount="1" falsecount="0"/>
      <line num="15" count="2" type="stmt"/>
      <line num="16" count="2" type="stmt"/>
      <line num="24" count="1" type="stmt"/>
      <line num="28" count="25" type="cond" truecount="1" falsecount="0"/>
      <line num="29" count="5" type="stmt"/>
      <line num="31" count="20" type="cond" truecount="1" falsecount="0"/>
      <line num="35" count="6" type="stmt"/>
      <line num="37" count="14" type="stmt"/>
      <line num="51" count="1" type="stmt"/>
      <line num="52" count="9" type="stmt"/>
      <line num="58" count="1" type="stmt"/>
      <line num="62" count="7" type="cond" truecount="1" falsecount="0"/>
      <line num="63" count="1" type="stmt"/>
      <line num="68" count="6" type="stmt"/>
      <line num="70" count="6" type="cond" truecount="2" falsecount="0"/>
      <line num="75" count="6" type="cond" truecount="1" falsecount="0"/>
      <line num="78" count="2" type="stmt"/>
      <line num="84" count="4" type="stmt"/>
      <line num="85" count="4" type="stmt"/>
      <line num="86" count="4" type="stmt"/>
      <line num="87" count="4" type="stmt"/>
      <line num="89" count="4" type="stmt"/>
      <line num="90" count="12" type="stmt"/>
      <line num="92" count="12" type="cond" truecount="1" falsecount="0"/>
      <line num="93" count="5" type="stmt"/>
      <line num="97" count="5" type="stmt"/>
      <line num="102" count="5" type="stmt"/>
      <line num="103" count="5" type="stmt"/>
      <line num="104" count="5" type="stmt"/>
      <line num="106" count="5" type="stmt"/>
      <line num="110" count="4" type="stmt"/>
      <line num="112" count="4" type="stmt"/>
      <line num="115" count="4" type="stmt"/>
    </file>
    <file name="faang.ts" path="/Users/robrichards/practice/faang.ts">
      <metrics statements="93" coveredstatements="92" conditionals="27" coveredconditionals="26" methods="10" coveredmethods="10"/>
      <line num="1" count="1" type="stmt"/>
      <line num="2" count="14" type="stmt"/>
      <line num="3" count="14" type="stmt"/>
      <line num="6" count="67" type="cond" truecount="2" falsecount="0"/>
      <line num="8" count="14" type="stmt"/>
      <line num="16" count="1" type="stmt"/>
      <line num="17" count="7" type="stmt"/>
      <line num="20" count="1" type="stmt"/>
      <line num="24" count="7" type="stmt"/>
      <line num="25" count="7" type="stmt"/>
      <line num="27" count="7" type="cond" truecount="2" falsecount="0"/>
      <line num="28" count="28" type="cond" truecount="4" falsecount="0"/>
      <line num="29" count="7" type="cond" truecount="1" falsecount="0"/>
      <line num="30" count="2" type="stmt"/>
      <line num="31" count="2" type="stmt"/>
      <line num="32" count="8" type="stmt"/>
      <line num="33" count="8" type="stmt"/>
      <line num="34" count="8" type="cond" truecount="1" falsecount="0"/>
      <line num="35" count="2" type="stmt"/>
      <line num="39" count="7" type="cond" truecount="1" falsecount="0"/>
      <line num="40" count="7" type="stmt"/>
      <line num="41" count="7" type="stmt"/>
      <line num="42" count="14" type="stmt"/>
      <line num="43" count="14" type="stmt"/>
      <line num="44" count="14" type="cond" truecount="0" falsecount="1"/>
      <line num="45" count="0" type="stmt"/>
      <line num="50" count="21" type="cond" truecount="1" falsecount="0"/>
      <line num="51" count="3" type="stmt"/>
      <line num="53" count="18" type="stmt"/>
      <line num="54" count="18" type="stmt"/>
      <line num="57" count="4" type="stmt"/>
      <line num="65" count="1" type="stmt"/>
      <line num="68" count="8" type="stmt"/>
      <line num="69" count="8" type="stmt"/>
      <line num="70" count="8" type="stmt"/>
      <line num="71" count="8" type="stmt"/>
      <line num="72" count="8" type="stmt"/>
      <line num="74" count="8" type="cond" truecount="1" falsecount="0"/>
      <line num="76" count="7" type="cond" truecount="2" falsecount="0"/>
      <line num="77" count="28" type="cond" truecount="2" falsecount="0"/>
      <line num="78" count="14" type="stmt"/>
      <line num="79" count="14" type="stmt"/>
      <line num="80" count="14" type="stmt"/>
      <line num="81" count="14" type="cond" truecount="1" falsecount="0"/>
      <line num="82" count="2" type="stmt"/>
      <line num="84" count="14" type="stmt"/>
      <line num="86" count="14" type="stmt"/>
      <line num="87" count="14" type="stmt"/>
      <line num="88" count="14" type="stmt"/>
      <line num="89" count="14" type="cond" truecount="1" falsecount="0"/>
      <line num="90" count="9" type="stmt"/>
      <line num="95" count="7" type="stmt"/>
      <line num="98" count="1" type="stmt"/>
      <line num="99" count="8" type="cond" truecount="1" falsecount="0"/>
      <line num="100" count="7" type="stmt"/>
      <line num="101" count="7" type="stmt"/>
      <line num="102" count="7" type="stmt"/>
      <line num="104" count="7" type="stmt"/>
      <line num="105" count="36" type="stmt"/>
      <line num="106" count="36" type="stmt"/>
      <line num="107" count="36" type="cond" truecount="1" falsecount="0"/>
      <line num="108" count="17" type="stmt"/>
      <line num="110" count="36" type="stmt"/>
      <line num="111" count="36" type="stmt"/>
      <line num="114" count="7" type="stmt"/>
      <line num="120" count="1" type="stmt"/>
      <line num="121" count="8" type="stmt"/>
      <line num="124" count="66" type="stmt"/>
      <line num="127" count="8" type="stmt"/>
      <line num="128" count="8" type="stmt"/>
      <line num="130" count="8" type="stmt"/>
      <line num="131" count="24" type="cond" truecount="1" falsecount="0"/>
      <line num="132" count="2" type="stmt"/>
      <line num="134" count="22" type="stmt"/>
      <line num="135" count="22" type="stmt"/>
      <line num="137" count="6" type="stmt"/>
      <line num="140" count="1" type="stmt"/>
      <line num="145" count="10" type="stmt"/>
      <line num="146" count="9" type="cond" truecount="1" falsecount="0"/>
      <line num="147" count="8" type="stmt"/>
      <line num="149" count="1" type="stmt"/>
      <line num="150" count="1" type="stmt"/>
      <line num="152" count="2" type="stmt"/>
      <line num="157" count="1" type="stmt"/>
      <line num="158" count="12" type="stmt"/>
      <line num="160" count="12" type="stmt"/>
      <line num="161" count="12" type="stmt"/>
      <line num="163" count="12" type="stmt"/>
      <line num="164" count="32" type="cond" truecount="1" falsecount="0"/>
      <line num="165" count="6" type="stmt"/>
      <line num="170" count="26" type="stmt"/>
      <line num="171" count="26" type="stmt"/>
      <line num="173" count="6" type="stmt"/>
    </file>
    <file name="index.ts" path="/Users/robrichards/practice/index.ts">
      <metrics statements="371" coveredstatements="260" conditionals="143" coveredconditionals="104" methods="137" coveredmethods="114"/>
      <line num="1" count="1" type="stmt"/>
      <line num="2" count="3" type="stmt"/>
      <line num="4" count="7" type="stmt"/>
      <line num="5" count="7" type="stmt"/>
      <line num="7" count="4" type="stmt"/>
      <line num="9" count="1" type="stmt"/>
      <line num="10" count="9" type="stmt"/>
      <line num="13" count="1" type="stmt"/>
      <line num="14" count="4" type="stmt"/>
      <line num="16" count="17" type="stmt"/>
      <line num="20" count="1" type="stmt"/>
      <line num="21" count="3" type="stmt"/>
      <line num="22" count="3" type="cond" truecount="2" falsecount="0"/>
      <line num="25" count="1" type="stmt"/>
      <line num="26" count="56" type="cond" truecount="2" falsecount="0"/>
      <line num="28" count="1" type="stmt"/>
      <line num="29" count="5" type="stmt"/>
      <line num="30" count="5" type="stmt"/>
      <line num="31" count="5" type="stmt"/>
      <line num="33" count="5" type="cond" truecount="1" falsecount="0"/>
      <line num="35" count="4" type="stmt"/>
      <line num="36" count="6" type="cond" truecount="1" falsecount="0"/>
      <line num="37" count="1" type="stmt"/>
      <line num="39" count="5" type="stmt"/>
      <line num="40" count="5" type="stmt"/>
      <line num="42" count="3" type="stmt"/>
      <line num="45" count="1" type="stmt"/>
      <line num="46" count="9" type="cond" truecount="7" falsecount="0"/>
      <line num="49" count="3" type="stmt"/>
      <line num="51" count="1" type="stmt"/>
      <line num="53" count="1" type="stmt"/>
      <line num="55" count="1" type="stmt"/>
      <line num="57" count="1" type="stmt"/>
      <line num="59" count="2" type="stmt"/>
      <line num="63" count="1" type="stmt"/>
      <line num="64" count="8" type="cond" truecount="2" falsecount="0"/>
      <line num="67" count="1" type="stmt"/>
      <line num="70" count="8" type="cond" truecount="2" falsecount="0"/>
      <line num="73" count="1" type="stmt"/>
      <line num="77" count="8" type="stmt"/>
      <line num="80" count="1" type="stmt"/>
      <line num="81" count="6" type="stmt"/>
      <line num="82" count="6" type="stmt"/>
      <line num="84" count="6" type="stmt"/>
      <line num="85" count="24" type="cond" truecount="2" falsecount="0"/>
      <line num="88" count="6" type="cond" truecount="2" falsecount="0"/>
      <line num="93" count="1" type="stmt"/>
      <line num="94" count="6" type="cond" truecount="1" falsecount="0"/>
      <line num="95" count="5" type="stmt"/>
      <line num="96" count="5" type="stmt"/>
      <line num="100" count="22" type="cond" truecount="2" falsecount="0"/>
      <line num="103" count="5" type="stmt"/>
      <line num="104" count="17" type="cond" truecount="1" falsecount="0"/>
      <line num="105" count="16" type="cond" truecount="1" falsecount="0"/>
      <line num="106" count="15" type="cond" truecount="1" falsecount="0"/>
      <line num="109" count="3" type="stmt"/>
      <line num="112" count="1" type="stmt"/>
      <line num="113" count="8" type="stmt"/>
      <line num="115" count="8" type="stmt"/>
      <line num="116" count="221" type="cond" truecount="1" falsecount="0"/>
      <line num="117" count="221" type="cond" truecount="3" falsecount="0"/>
      <line num="118" count="218" type="cond" truecount="3" falsecount="0"/>
      <line num="121" count="5" type="stmt"/>
      <line num="127" count="1" type="stmt"/>
      <line num="128" count="0" type="cond" truecount="0" falsecount="2"/>
      <line num="130" count="0" type="stmt"/>
      <line num="131" count="0" type="stmt"/>
      <line num="132" count="0" type="cond" truecount="0" falsecount="1"/>
      <line num="133" count="0" type="stmt"/>
      <line num="137" count="0" type="stmt"/>
      <line num="140" count="1" type="stmt"/>
      <line num="141" count="0" type="stmt"/>
      <line num="142" count="0" type="stmt"/>
      <line num="143" count="0" type="stmt"/>
      <line num="144" count="0" type="stmt"/>
      <line num="145" count="0" type="stmt"/>
      <line num="146" count="0" type="stmt"/>
      <line num="147" count="0" type="cond" truecount="0" falsecount="2"/>
      <line num="148" count="0" type="stmt"/>
      <line num="150" count="0" type="stmt"/>
      <line num="151" count="0" type="cond" truecount="0" falsecount="1"/>
      <line num="152" count="0" type="stmt"/>
      <line num="156" count="0" type="stmt"/>
      <line num="159" count="1" type="stmt"/>
      <line num="163" count="0" type="cond" truecount="0" falsecount="1"/>
      <line num="164" count="0" type="cond" truecount="0" falsecount="1"/>
      <line num="165" count="0" type="cond" truecount="0" falsecount="1"/>
      <line num="167" count="0" type="stmt"/>
      <line num="168" count="0" type="stmt"/>
      <line num="170" count="0" type="cond" truecount="0" falsecount="2"/>
      <line num="171" count="0" type="cond" truecount="0" falsecount="2"/>
      <line num="172" count="0" type="stmt"/>
      <line num="173" count="0" type="stmt"/>
      <line num="175" count="0" type="stmt"/>
      <line num="176" count="0" type="stmt"/>
      <line num="179" count="0" type="cond" truecount="0" falsecount="1"/>
      <line num="181" count="0" type="stmt"/>
      <line num="184" count="1" type="stmt"/>
      <line num="188" count="0" type="stmt"/>
      <line num="189" count="0" type="stmt"/>
      <line num="192" count="1" type="stmt"/>
      <line num="193" count="0" type="stmt"/>
      <line num="194" count="0" type="stmt"/>
      <line num="195" count="0" type="stmt"/>
      <line num="196" count="0" type="stmt"/>
      <line num="197" count="0" type="cond" truecount="0" falsecount="2"/>
      <line num="199" count="0" type="stmt"/>
      <line num="200" count="0" type="cond" truecount="0" falsecount="3"/>
      <line num="201" count="0" type="stmt"/>
      <line num="202" count="0" type="stmt"/>
      <line num="205" count="0" type="stmt"/>
      <line num="208" count="1" type="stmt"/>
      <line num="209" count="0" type="stmt"/>
      <line num="210" count="0" type="stmt"/>
      <line num="211" count="0" type="cond" truecount="0" falsecount="1"/>
      <line num="212" count="0" type="stmt"/>
      <line num="213" count="0" type="stmt"/>
      <line num="215" count="0" type="cond" truecount="0" falsecount="1"/>
      <line num="216" count="0" type="stmt"/>
      <line num="217" count="0" type="stmt"/>
      <line num="219" count="0" type="cond" truecount="0" falsecount="1"/>
      <line num="220" count="0" type="stmt"/>
      <line num="221" count="0" type="stmt"/>
      <line num="224" count="0" type="cond" truecount="0" falsecount="1"/>
      <line num="225" count="0" type="stmt"/>
      <line num="226" count="0" type="stmt"/>
      <line num="228" count="0" type="stmt"/>
      <line num="234" count="1" type="stmt"/>
      <line num="235" count="0" type="stmt"/>
      <line num="236" count="0" type="stmt"/>
      <line num="237" count="0" type="cond" truecount="0" falsecount="2"/>
      <line num="239" count="0" type="stmt"/>
      <line num="240" count="0" type="cond" truecount="0" falsecount="1"/>
      <line num="242" count="0" type="stmt"/>
      <line num="245" count="1" type="stmt"/>
      <line num="246" count="0" type="stmt"/>
      <line num="248" count="0" type="stmt"/>
      <line num="249" count="0" type="stmt"/>
      <line num="251" count="1" type="stmt"/>
      <line num="252" count="43" type="cond" truecount="4" falsecount="0"/>
      <line num="255" count="1" type="stmt"/>
      <line num="256" count="0" type="stmt"/>
      <line num="257" count="0" type="stmt"/>
      <line num="258" count="0" type="stmt"/>
      <line num="263" count="1" type="stmt"/>
      <line num="264" count="0" type="cond" truecount="0" falsecount="1"/>
      <line num="265" count="0" type="cond" truecount="0" falsecount="1"/>
      <line num="267" count="0" type="stmt"/>
      <line num="268" count="0" type="stmt"/>
      <line num="269" count="0" type="stmt"/>
      <line num="271" count="0" type="stmt"/>
      <line num="272" count="0" type="stmt"/>
      <line num="274" count="0" type="stmt"/>
      <line num="275" count="0" type="stmt"/>
      <line num="276" count="0" type="stmt"/>
      <line num="277" count="0" type="stmt"/>
      <line num="280" count="0" type="stmt"/>
      <line num="281" count="0" type="stmt"/>
      <line num="282" count="0" type="stmt"/>
      <line num="283" count="0" type="cond" truecount="0" falsecount="2"/>
      <line num="284" count="0" type="stmt"/>
      <line num="286" count="0" type="stmt"/>
      <line num="288" count="0" type="stmt"/>
      <line num="290" count="0" type="stmt"/>
      <line num="293" count="1" type="stmt"/>
      <line num="294" count="0" type="stmt"/>
      <line num="295" count="0" type="stmt"/>
      <line num="296" count="0" type="stmt"/>
      <line num="297" count="0" type="stmt"/>
      <line num="298" count="0" type="cond" truecount="0" falsecount="2"/>
      <line num="300" count="0" type="stmt"/>
      <line num="301" count="0" type="cond" truecount="0" falsecount="1"/>
      <line num="302" count="0" type="stmt"/>
      <line num="305" count="0" type="stmt"/>
      <line num="308" count="1" type="stmt"/>
      <line num="309" count="0" type="stmt"/>
      <line num="318" count="1" type="stmt"/>
      <line num="319" count="0" type="cond" truecount="0" falsecount="1"/>
      <line num="320" count="0" type="cond" truecount="0" falsecount="1"/>
      <line num="321" count="0" type="cond" truecount="0" falsecount="1"/>
      <line num="322" count="0" type="cond" truecount="0" falsecount="1"/>
      <line num="323" count="0" type="stmt"/>
      <line num="326" count="1" type="stmt"/>
      <line num="329" count="3" type="stmt"/>
      <line num="330" count="6" type="cond" truecount="1" falsecount="0"/>
      <line num="334" count="1" type="stmt"/>
      <line num="335" count="6" type="cond" truecount="1" falsecount="0"/>
      <line num="336" count="4" type="stmt"/>
      <line num="339" count="1" type="stmt"/>
      <line num="342" count="3" type="stmt"/>
      <line num="343" count="3" type="stmt"/>
      <line num="344" count="3" type="stmt"/>
      <line num="346" count="3" type="stmt"/>
      <line num="347" count="24" type="cond" truecount="4" falsecount="0"/>
      <line num="348" count="2" type="stmt"/>
      <line num="349" count="2" type="stmt"/>
      <line num="350" count="2" type="stmt"/>
      <line num="351" count="22" type="cond" truecount="2" falsecount="2"/>
      <line num="352" count="0" type="stmt"/>
      <line num="353" count="0" type="stmt"/>
      <line num="354" count="22" type="cond" truecount="2" falsecount="0"/>
      <line num="355" count="11" type="stmt"/>
      <line num="356" count="11" type="stmt"/>
      <line num="357" count="11" type="stmt"/>
      <line num="359" count="11" type="stmt"/>
      <line num="362" count="3" type="stmt"/>
      <line num="365" count="1" type="stmt"/>
      <line num="368" count="24" type="stmt"/>
      <line num="384" count="1" type="stmt"/>
      <line num="385" count="2" type="stmt"/>
      <line num="386" count="2" type="stmt"/>
      <line num="387" count="6" type="cond" truecount="2" falsecount="0"/>
      <line num="391" count="2" type="stmt"/>
      <line num="394" count="1" type="stmt"/>
      <line num="395" count="5" type="stmt"/>
      <line num="396" count="5" type="stmt"/>
      <line num="398" count="5" type="stmt"/>
      <line num="399" count="34" type="stmt"/>
      <line num="400" count="34" type="stmt"/>
      <line num="403" count="5" type="stmt"/>
      <line num="412" count="1" type="stmt"/>
      <line num="413" count="4" type="cond" truecount="1" falsecount="0"/>
      <line num="414" count="1" type="stmt"/>
      <line num="416" count="3" type="stmt"/>
      <line num="419" count="17" type="cond" truecount="1" falsecount="0"/>
      <line num="420" count="2" type="stmt"/>
      <line num="422" count="15" type="cond" truecount="1" falsecount="0"/>
      <line num="423" count="4" type="stmt"/>
      <line num="425" count="11" type="stmt"/>
      <line num="433" count="1" type="stmt"/>
      <line num="436" count="15" type="stmt"/>
      <line num="443" count="1" type="stmt"/>
      <line num="444" count="4" type="cond" truecount="1" falsecount="0"/>
      <line num="445" count="3" type="stmt"/>
      <line num="449" count="20" type="stmt"/>
      <line num="450" count="27" type="stmt"/>
      <line num="455" count="1" type="stmt"/>
      <line num="456" count="5" type="cond" truecount="1" falsecount="0"/>
      <line num="458" count="4" type="stmt"/>
      <line num="461" count="1" type="stmt"/>
      <line num="462" count="3" type="stmt"/>
      <line num="465" count="13" type="cond" truecount="1" falsecount="0"/>
      <line num="466" count="7" type="cond" truecount="1" falsecount="0"/>
      <line num="467" count="3" type="cond" truecount="1" falsecount="0"/>
      <line num="468" count="2" type="cond" truecount="1" falsecount="0"/>
      <line num="473" count="1" type="stmt"/>
      <line num="474" count="5" type="cond" truecount="1" falsecount="0"/>
      <line num="475" count="4" type="stmt"/>
      <line num="476" count="9" type="stmt"/>
      <line num="480" count="1" type="stmt"/>
      <line num="481" count="19" type="cond" truecount="3" falsecount="0"/>
      <line num="484" count="1" type="stmt"/>
      <line num="485" count="4" type="cond" truecount="1" falsecount="0"/>
      <line num="486" count="10" type="stmt"/>
      <line num="489" count="1" type="stmt"/>
      <line num="490" count="3" type="stmt"/>
      <line num="493" count="10" type="stmt"/>
      <line num="497" count="1" type="stmt"/>
      <line num="503" count="0" type="stmt"/>
      <line num="505" count="0" type="stmt"/>
      <line num="506" count="0" type="stmt"/>
      <line num="507" count="0" type="stmt"/>
      <line num="510" count="0" type="stmt"/>
      <line num="513" count="1" type="stmt"/>
      <line num="514" count="5" type="cond" truecount="2" falsecount="0"/>
      <line num="517" count="1" type="stmt"/>
      <line num="518" count="7" type="cond" truecount="1" falsecount="0"/>
      <line num="519" count="6" type="cond" truecount="1" falsecount="0"/>
      <line num="520" count="39" type="stmt"/>
      <line num="521" count="5" type="stmt"/>
      <line num="524" count="1" type="stmt"/>
      <line num="525" count="6" type="cond" truecount="2" falsecount="0"/>
      <line num="528" count="1" type="stmt"/>
      <line num="529" count="3" type="stmt"/>
      <line num="531" count="17" type="stmt"/>
      <line num="534" count="1" type="stmt"/>
      <line num="535" count="6" type="stmt"/>
      <line num="538" count="1" type="stmt"/>
      <line num="539" count="6" type="stmt"/>
      <line num="541" count="1" type="stmt"/>
      <line num="542" count="5" type="stmt"/>
      <line num="543" count="5" type="stmt"/>
      <line num="545" count="5" type="stmt"/>
      <line num="546" count="16" type="cond" truecount="1" falsecount="0"/>
      <line num="547" count="16" type="cond" truecount="1" falsecount="0"/>
      <line num="550" count="5" type="stmt"/>
      <line num="553" count="1" type="stmt"/>
      <line num="554" count="3" type="stmt"/>
      <line num="556" count="14" type="stmt"/>
      <line num="560" count="1" type="stmt"/>
      <line num="563" count="4" type="cond" truecount="4" falsecount="0"/>
      <line num="566" count="16" type="cond" truecount="2" falsecount="0"/>
      <line num="567" count="16" type="stmt"/>
      <line num="574" count="1" type="stmt"/>
      <line num="575" count="8" type="stmt"/>
      <line num="577" count="1" type="stmt"/>
      <line num="581" count="5" type="stmt"/>
      <line num="583" count="35" type="stmt"/>
      <line num="589" count="1" type="stmt"/>
      <line num="590" count="8" type="cond" truecount="2" falsecount="0"/>
      <line num="594" count="1" type="stmt"/>
      <line num="595" count="17" type="stmt"/>
      <line num="596" count="17" type="stmt"/>
      <line num="600" count="1" type="stmt"/>
      <line num="601" count="14" type="stmt"/>
      <line num="603" count="1" type="stmt"/>
      <line num="604" count="5" type="cond" truecount="2" falsecount="0"/>
      <line num="606" count="1" type="stmt"/>
      <line num="607" count="3" type="stmt"/>
      <line num="610" count="9" type="stmt"/>
      <line num="614" count="1" type="stmt"/>
      <line num="615" count="24" type="stmt"/>
      <line num="617" count="1" type="stmt"/>
      <line num="621" count="4" type="stmt"/>
      <line num="623" count="1" type="stmt"/>
      <line num="624" count="4" type="stmt"/>
      <line num="626" count="1" type="stmt"/>
      <line num="627" count="4" type="cond" truecount="1" falsecount="0"/>
      <line num="628" count="3" type="stmt"/>
      <line num="629" count="3" type="stmt"/>
      <line num="632" count="3" type="stmt"/>
      <line num="634" count="1" type="stmt"/>
      <line num="635" count="26" type="stmt"/>
      <line num="636" count="6" type="cond" truecount="1" falsecount="0"/>
      <line num="637" count="3" type="cond" truecount="1" falsecount="0"/>
      <line num="638" count="1" type="stmt"/>
      <line num="641" count="1" type="stmt"/>
      <line num="642" count="6" type="cond" truecount="1" falsecount="0"/>
      <line num="643" count="5" type="stmt"/>
      <line num="644" count="5" type="stmt"/>
      <line num="645" count="33" type="stmt"/>
      <line num="647" count="5" type="stmt"/>
      <line num="650" count="1" type="stmt"/>
      <line num="651" count="2" type="stmt"/>
      <line num="653" count="6" type="stmt"/>
      <line num="654" count="12" type="stmt"/>
      <line num="657" count="1" type="stmt"/>
      <line num="658" count="35" type="stmt"/>
      <line num="660" count="1" type="stmt"/>
      <line num="661" count="109" type="stmt"/>
      <line num="662" count="462" type="stmt"/>
      <line num="663" count="227" type="stmt"/>
      <line num="664" count="227" type="stmt"/>
      <line num="667" count="1" type="stmt"/>
      <line num="668" count="51" type="stmt"/>
      <line num="669" count="17" type="cond" truecount="5" falsecount="0"/>
      <line num="671" count="4" type="stmt"/>
      <line num="673" count="3" type="stmt"/>
      <line num="675" count="3" type="stmt"/>
      <line num="677" count="3" type="stmt"/>
      <line num="679" count="4" type="stmt"/>
      <line num="683" count="1" type="stmt"/>
      <line num="684" count="9" type="stmt"/>
      <line num="686" count="18" type="stmt"/>
      <line num="689" count="1" type="stmt"/>
      <line num="690" count="5" type="stmt"/>
      <line num="694" count="48" type="cond" truecount="2" falsecount="0"/>
      <line num="696" count="48" type="stmt"/>
      <line num="699" count="1" type="stmt"/>
      <line num="700" count="20" type="stmt"/>
      <line num="701" count="220" type="stmt"/>
      <line num="704" count="1" type="cond" truecount="1" falsecount="0"/>
      <line num="705" count="4" type="cond" truecount="2" falsecount="0"/>
      <line num="713" count="1" type="stmt"/>
      <line num="714" count="992" type="stmt"/>
      <line num="716" count="1" type="stmt"/>
      <line num="717" count="8" type="cond" truecount="2" falsecount="0"/>
      <line num="721" count="17" type="cond" truecount="1" falsecount="0"/>
      <line num="722" count="5" type="stmt"/>
      <line num="728" count="7" type="cond" truecount="1" falsecount="0"/>
      <line num="729" count="3" type="stmt"/>
    </file>
    <file name="linkedList.ts" path="/Users/robrichards/practice/linkedList.ts">
      <metrics statements="93" coveredstatements="89" conditionals="15" coveredconditionals="13" methods="10" coveredmethods="10"/>
      <line num="1" count="1" type="stmt"/>
      <line num="5" count="30" type="stmt"/>
      <line num="6" count="30" type="stmt"/>
      <line num="10" count="1" type="stmt"/>
      <line num="14" count="6" type="stmt"/>
      <line num="15" count="6" type="stmt"/>
      <line num="19" count="27" type="cond" truecount="1" falsecount="0"/>
      <line num="20" count="20" type="stmt"/>
      <line num="21" count="20" type="stmt"/>
      <line num="22" count="58" type="stmt"/>
      <line num="24" count="20" type="stmt"/>
      <line num="28" count="24" type="stmt"/>
      <line num="29" count="24" type="cond" truecount="1" falsecount="0"/>
      <line num="30" count="7" type="stmt"/>
      <line num="31" count="7" type="stmt"/>
      <line num="32" count="7" type="stmt"/>
      <line num="34" count="17" type="stmt"/>
      <line num="35" count="17" type="stmt"/>
      <line num="36" count="17" type="stmt"/>
      <line num="37" count="17" type="stmt"/>
      <line num="41" count="2" type="cond" truecount="1" falsecount="0"/>
      <line num="43" count="1" type="cond" truecount="0" falsecount="1"/>
      <line num="44" count="0" type="stmt"/>
      <line num="45" count="0" type="stmt"/>
      <line num="46" count="0" type="stmt"/>
      <line num="50" count="1" type="stmt"/>
      <line num="51" count="1" type="stmt"/>
      <line num="52" count="7" type="stmt"/>
      <line num="53" count="7" type="stmt"/>
      <line num="55" count="1" type="stmt"/>
      <line num="56" count="1" type="stmt"/>
      <line num="57" count="1" type="stmt"/>
      <line num="58" count="1" type="stmt"/>
      <line num="62" count="4" type="stmt"/>
      <line num="63" count="4" type="stmt"/>
      <line num="64" count="4" type="stmt"/>
      <line num="65" count="4" type="stmt"/>
      <line num="66" count="4" type="stmt"/>
      <line num="70" count="4" type="cond" truecount="1" falsecount="0"/>
      <line num="71" count="1" type="stmt"/>
      <line num="74" count="3" type="cond" truecount="1" falsecount="0"/>
      <line num="75" count="2" type="stmt"/>
      <line num="76" count="2" type="stmt"/>
      <line num="77" count="2" type="stmt"/>
      <line num="79" count="1" type="stmt"/>
      <line num="80" count="1" type="stmt"/>
      <line num="81" count="1" type="stmt"/>
      <line num="82" count="1" type="stmt"/>
      <line num="83" count="1" type="stmt"/>
      <line num="87" count="4" type="cond" truecount="1" falsecount="0"/>
      <line num="88" count="1" type="stmt"/>
      <line num="90" count="3" type="cond" truecount="1" falsecount="0"/>
      <line num="91" count="1" type="stmt"/>
      <line num="92" count="1" type="stmt"/>
      <line num="95" count="2" type="stmt"/>
      <line num="97" count="2" type="stmt"/>
      <line num="98" count="7" type="cond" truecount="1" falsecount="0"/>
      <line num="99" count="1" type="stmt"/>
      <line num="100" count="1" type="stmt"/>
      <line num="101" count="1" type="stmt"/>
      <line num="102" count="1" type="stmt"/>
      <line num="104" count="6" type="stmt"/>
      <line num="105" count="6" type="stmt"/>
      <line num="107" count="1" type="stmt"/>
      <line num="111" count="4" type="cond" truecount="1" falsecount="0"/>
      <line num="112" count="1" type="stmt"/>
      <line num="114" count="3" type="cond" truecount="1" falsecount="0"/>
      <line num="115" count="1" type="stmt"/>
      <line num="120" count="2" type="cond" truecount="0" falsecount="1"/>
      <line num="121" count="0" type="stmt"/>
      <line num="123" count="2" type="cond" truecount="1" falsecount="0"/>
      <line num="124" count="1" type="stmt"/>
      <line num="129" count="1" type="stmt"/>
      <line num="130" count="1" type="stmt"/>
      <line num="131" count="1" type="stmt"/>
      <line num="132" count="2" type="stmt"/>
      <line num="133" count="2" type="stmt"/>
      <line num="135" count="1" type="stmt"/>
      <line num="139" count="3" type="cond" truecount="1" falsecount="0"/>
      <line num="140" count="2" type="stmt"/>
      <line num="142" count="1" type="stmt"/>
      <line num="143" count="1" type="stmt"/>
      <line num="144" count="3" type="stmt"/>
      <line num="145" count="3" type="stmt"/>
      <line num="146" count="3" type="stmt"/>
      <line num="147" count="3" type="stmt"/>
      <line num="148" count="3" type="stmt"/>
      <line num="150" count="1" type="stmt"/>
      <line num="155" count="1" type="stmt"/>
      <line num="156" count="1" type="stmt"/>
      <line num="157" count="1" type="stmt"/>
      <line num="158" count="1" type="stmt"/>
      <line num="159" count="1" type="stmt"/>
    </file>
    <file name="percentGenerator.ts" path="/Users/robrichards/practice/percentGenerator.ts">
      <metrics statements="12" coveredstatements="12" conditionals="1" coveredconditionals="1" methods="3" coveredmethods="3"/>
      <line num="20" count="1" type="stmt"/>
      <line num="21" count="12" type="stmt"/>
      <line num="25" count="12" type="cond" truecount="1" falsecount="0"/>
      <line num="27" count="7" type="stmt"/>
      <line num="29" count="7" type="stmt"/>
      <line num="30" count="23" type="stmt"/>
      <line num="31" count="23" type="stmt"/>
      <line num="34" count="7" type="stmt"/>
      <line num="36" count="7" type="stmt"/>
      <line num="39" count="1" type="stmt"/>
      <line num="40" count="3" type="stmt"/>
      <line num="42" count="3" type="stmt"/>
    </file>
    <file name="search.ts" path="/Users/robrichards/practice/search.ts">
      <metrics statements="9" coveredstatements="9" conditionals="3" coveredconditionals="3" methods="1" coveredmethods="1"/>
      <line num="1" count="1" type="stmt"/>
      <line num="5" count="4" type="stmt"/>
      <line num="6" count="4" type="stmt"/>
      <line num="8" count="4" type="stmt"/>
      <line num="9" count="8" type="stmt"/>
      <line num="10" count="8" type="cond" truecount="1" falsecount="0"/>
      <line num="11" count="7" type="cond" truecount="2" falsecount="0"/>
      <line num="12" count="4" type="stmt"/>
      <line num="14" count="3" type="stmt"/>
    </file>
    <file name="sort.ts" path="/Users/robrichards/practice/sort.ts">
      <metrics statements="26" coveredstatements="26" conditionals="10" coveredconditionals="10" methods="7" coveredmethods="7"/>
      <line num="1" count="1" type="stmt"/>
      <line num="3" count="13" type="stmt"/>
      <line num="4" count="13" type="cond" truecount="2" falsecount="0"/>
      <line num="5" count="30" type="cond" truecount="2" falsecount="0"/>
      <line num="8" count="13" type="stmt"/>
      <line num="11" count="1" type="stmt"/>
      <line num="13" count="29" type="cond" truecount="1" falsecount="0"/>
      <line num="15" count="13" type="stmt"/>
      <line num="16" count="13" type="stmt"/>
      <line num="18" count="13" type="stmt"/>
      <line num="21" count="1" type="stmt"/>
      <line num="22" count="3" type="stmt"/>
      <line num="23" count="15" type="stmt"/>
      <line num="24" count="113" type="cond" truecount="1" falsecount="0"/>
      <line num="25" count="33" type="stmt"/>
      <line num="26" count="33" type="stmt"/>
      <line num="27" count="33" type="stmt"/>
      <line num="31" count="3" type="stmt"/>
      <line num="34" count="1" type="stmt"/>
      <line num="37" count="4" type="stmt"/>
      <line num="38" count="4" type="stmt"/>
      <line num="40" count="4" type="stmt"/>
      <line num="41" count="23" type="cond" truecount="2" falsecount="0"/>
      <line num="44" count="4" type="stmt"/>
      <line num="45" count="27" type="stmt"/>
      <line num="46" count="10" type="cond" truecount="2" falsecount="0"/>
    </file>
  </project>
</coverage>
