{"/Users/robrichards/practice/date.ts": {"path":"/Users/robrichards/practice/date.ts","statementMap":{"0":{"start":{"line":2,"column":31},"end":{"line":5,"column":1}},"1":{"start":{"line":3,"column":17},"end":{"line":3,"column":40}},"2":{"start":{"line":4,"column":2},"end":{"line":4,"column":38}},"3":{"start":{"line":2,"column":13},"end":{"line":2,"column":31}},"4":{"start":{"line":7,"column":35},"end":{"line":17,"column":1}},"5":{"start":{"line":11,"column":2},"end":{"line":11,"column":46}},"6":{"start":{"line":11,"column":34},"end":{"line":11,"column":46}},"7":{"start":{"line":12,"column":21},"end":{"line":12,"column":55}},"8":{"start":{"line":14,"column":2},"end":{"line":15,"column":16}},"9":{"start":{"line":14,"column":33},"end":{"line":14,"column":52}},"10":{"start":{"line":15,"column":4},"end":{"line":15,"column":16}},"11":{"start":{"line":16,"column":2},"end":{"line":16,"column":15}},"12":{"start":{"line":7,"column":13},"end":{"line":7,"column":35}},"13":{"start":{"line":24,"column":34},"end":{"line":38,"column":1}},"14":{"start":{"line":28,"column":2},"end":{"line":30,"column":null}},"15":{"start":{"line":29,"column":4},"end":{"line":29,"column":17}},"16":{"start":{"line":31,"column":2},"end":{"line":36,"column":null}},"17":{"start":{"line":35,"column":4},"end":{"line":35,"column":17}},"18":{"start":{"line":37,"column":2},"end":{"line":37,"column":14}},"19":{"start":{"line":24,"column":13},"end":{"line":24,"column":34}},"20":{"start":{"line":51,"column":28},"end":{"line":55,"column":1}},"21":{"start":{"line":52,"column":2},"end":{"line":54,"column":4}},"22":{"start":{"line":58,"column":48},"end":{"line":120,"column":1}},"23":{"start":{"line":62,"column":2},"end":{"line":67,"column":null}},"24":{"start":{"line":63,"column":4},"end":{"line":65,"column":null}},"25":{"start":{"line":68,"column":48},"end":{"line":68,"column":62}},"26":{"start":{"line":70,"column":2},"end":{"line":73,"column":17}},"27":{"start":{"line":75,"column":2},"end":{"line":83,"column":null}},"28":{"start":{"line":78,"column":4},"end":{"line":82,"column":6}},"29":{"start":{"line":84,"column":30},"end":{"line":84,"column":65}},"30":{"start":{"line":85,"column":42},"end":{"line":85,"column":61}},"31":{"start":{"line":86,"column":40},"end":{"line":86,"column":41}},"32":{"start":{"line":87,"column":37},"end":{"line":87,"column":38}},"33":{"start":{"line":89,"column":2},"end":{"line":108,"column":5}},"34":{"start":{"line":90,"column":46},"end":{"line":90,"column":50}},"35":{"start":{"line":92,"column":4},"end":{"line":107,"column":null}},"36":{"start":{"line":93,"column":6},"end":{"line":96,"column":35}},"37":{"start":{"line":97,"column":6},"end":{"line":100,"column":35}},"38":{"start":{"line":102,"column":44},"end":{"line":102,"column":77}},"39":{"start":{"line":103,"column":6},"end":{"line":103,"column":73}},"40":{"start":{"line":104,"column":6},"end":{"line":105,"column":49}},"41":{"start":{"line":106,"column":6},"end":{"line":106,"column":78}},"42":{"start":{"line":110,"column":2},"end":{"line":111,"column":72}},"43":{"start":{"line":112,"column":2},"end":{"line":113,"column":69}},"44":{"start":{"line":115,"column":2},"end":{"line":119,"column":4}},"45":{"start":{"line":58,"column":13},"end":{"line":58,"column":48}}},"fnMap":{"0":{"name":"(anonymous_0)","decl":{"start":{"line":2,"column":31},"end":{"line":2,"column":32}},"loc":{"start":{"line":2,"column":57},"end":{"line":5,"column":1}}},"1":{"name":"(anonymous_1)","decl":{"start":{"line":7,"column":35},"end":{"line":7,"column":null}},"loc":{"start":{"line":10,"column":13},"end":{"line":17,"column":1}}},"2":{"name":"(anonymous_2)","decl":{"start":{"line":14,"column":23},"end":{"line":14,"column":24}},"loc":{"start":{"line":14,"column":33},"end":{"line":14,"column":52}}},"3":{"name":"(anonymous_3)","decl":{"start":{"line":24,"column":34},"end":{"line":24,"column":null}},"loc":{"start":{"line":27,"column":13},"end":{"line":38,"column":1}}},"4":{"name":"(anonymous_4)","decl":{"start":{"line":51,"column":28},"end":{"line":51,"column":29}},"loc":{"start":{"line":51,"column":67},"end":{"line":55,"column":1}}},"5":{"name":"(anonymous_5)","decl":{"start":{"line":58,"column":48},"end":{"line":58,"column":null}},"loc":{"start":{"line":61,"column":23},"end":{"line":120,"column":1}}},"6":{"name":"(anonymous_6)","decl":{"start":{"line":89,"column":20},"end":{"line":89,"column":21}},"loc":{"start":{"line":89,"column":29},"end":{"line":108,"column":3}}}},"branchMap":{"0":{"loc":{"start":{"line":4,"column":9},"end":{"line":4,"column":37}},"type":"binary-expr","locations":[{"start":{"line":4,"column":9},"end":{"line":4,"column":21}},{"start":{"line":4,"column":25},"end":{"line":4,"column":37}}]},"1":{"loc":{"start":{"line":11,"column":2},"end":{"line":11,"column":46}},"type":"if","locations":[{"start":{"line":11,"column":2},"end":{"line":11,"column":46}}]},"2":{"loc":{"start":{"line":14,"column":2},"end":{"line":15,"column":16}},"type":"if","locations":[{"start":{"line":14,"column":2},"end":{"line":15,"column":16}}]},"3":{"loc":{"start":{"line":28,"column":2},"end":{"line":30,"column":null}},"type":"if","locations":[{"start":{"line":28,"column":2},"end":{"line":30,"column":null}}]},"4":{"loc":{"start":{"line":31,"column":2},"end":{"line":36,"column":null}},"type":"if","locations":[{"start":{"line":31,"column":2},"end":{"line":36,"column":null}}]},"5":{"loc":{"start":{"line":33,"column":5},"end":{"line":33,"column":73}},"type":"cond-expr","locations":[{"start":{"line":33,"column":29},"end":{"line":33,"column":60}},{"start":{"line":33,"column":63},"end":{"line":33,"column":73}}]},"6":{"loc":{"start":{"line":62,"column":2},"end":{"line":67,"column":null}},"type":"if","locations":[{"start":{"line":62,"column":2},"end":{"line":67,"column":null}}]},"7":{"loc":{"start":{"line":70,"column":48},"end":{"line":73,"column":16}},"type":"cond-expr","locations":[{"start":{"line":72,"column":6},"end":{"line":72,"column":49}},{"start":{"line":73,"column":6},"end":{"line":73,"column":16}}]},"8":{"loc":{"start":{"line":75,"column":2},"end":{"line":83,"column":null}},"type":"if","locations":[{"start":{"line":75,"column":2},"end":{"line":83,"column":null}}]},"9":{"loc":{"start":{"line":92,"column":4},"end":{"line":107,"column":null}},"type":"if","locations":[{"start":{"line":92,"column":4},"end":{"line":107,"column":null}}]},"10":{"loc":{"start":{"line":94,"column":8},"end":{"line":96,"column":34}},"type":"cond-expr","locations":[{"start":{"line":95,"column":12},"end":{"line":95,"column":32}},{"start":{"line":96,"column":12},"end":{"line":96,"column":34}}]},"11":{"loc":{"start":{"line":98,"column":8},"end":{"line":100,"column":34}},"type":"cond-expr","locations":[{"start":{"line":99,"column":12},"end":{"line":99,"column":36}},{"start":{"line":100,"column":12},"end":{"line":100,"column":34}}]}},"s":{"0":1,"1":11,"2":11,"3":1,"4":1,"5":6,"6":2,"7":4,"8":4,"9":8,"10":2,"11":2,"12":1,"13":1,"14":25,"15":5,"16":20,"17":6,"18":14,"19":1,"20":1,"21":9,"22":1,"23":7,"24":1,"25":6,"26":6,"27":6,"28":2,"29":4,"30":4,"31":4,"32":4,"33":4,"34":12,"35":12,"36":5,"37":5,"38":5,"39":5,"40":5,"41":5,"42":4,"43":4,"44":4,"45":1},"f":{"0":11,"1":6,"2":8,"3":25,"4":9,"5":7,"6":12},"b":{"0":[11,9],"1":[2],"2":[2],"3":[5],"4":[6],"5":[18,2],"6":[1],"7":[1,5],"8":[2],"9":[5],"10":[3,2],"11":[1,4]}}
,"/Users/robrichards/practice/faang.ts": {"path":"/Users/robrichards/practice/faang.ts","statementMap":{"0":{"start":{"line":1,"column":21},"end":{"line":9,"column":1}},"1":{"start":{"line":2,"column":22},"end":{"line":2,"column":24}},"2":{"start":{"line":3,"column":2},"end":{"line":7,"column":6}},"3":{"start":{"line":6,"column":6},"end":{"line":6,"column":63}},"4":{"start":{"line":8,"column":2},"end":{"line":8,"column":30}},"5":{"start":{"line":16,"column":36},"end":{"line":18,"column":1}},"6":{"start":{"line":17,"column":2},"end":{"line":17,"column":51}},"7":{"start":{"line":16,"column":13},"end":{"line":16,"column":36}},"8":{"start":{"line":20,"column":39},"end":{"line":58,"column":1}},"9":{"start":{"line":24,"column":11},"end":{"line":24,"column":26}},"10":{"start":{"line":25,"column":9},"end":{"line":25,"column":24}},"11":{"start":{"line":27,"column":2},"end":{"line":56,"column":null}},"12":{"start":{"line":28,"column":4},"end":{"line":55,"column":null}},"13":{"start":{"line":29,"column":6},"end":{"line":38,"column":null}},"14":{"start":{"line":30,"column":24},"end":{"line":30,"column":25}},"15":{"start":{"line":31,"column":8},"end":{"line":37,"column":null}},"16":{"start":{"line":32,"column":10},"end":{"line":32,"column":15}},"17":{"start":{"line":33,"column":10},"end":{"line":33,"column":22}},"18":{"start":{"line":34,"column":10},"end":{"line":36,"column":null}},"19":{"start":{"line":35,"column":12},"end":{"line":35,"column":27}},"20":{"start":{"line":39,"column":6},"end":{"line":48,"column":null}},"21":{"start":{"line":40,"column":24},"end":{"line":40,"column":25}},"22":{"start":{"line":41,"column":8},"end":{"line":47,"column":null}},"23":{"start":{"line":42,"column":10},"end":{"line":42,"column":15}},"24":{"start":{"line":43,"column":10},"end":{"line":43,"column":22}},"25":{"start":{"line":44,"column":10},"end":{"line":46,"column":null}},"26":{"start":{"line":45,"column":12},"end":{"line":45,"column":27}},"27":{"start":{"line":50,"column":6},"end":{"line":52,"column":null}},"28":{"start":{"line":51,"column":8},"end":{"line":51,"column":21}},"29":{"start":{"line":53,"column":6},"end":{"line":53,"column":11}},"30":{"start":{"line":54,"column":6},"end":{"line":54,"column":11}},"31":{"start":{"line":57,"column":2},"end":{"line":57,"column":14}},"32":{"start":{"line":20,"column":13},"end":{"line":20,"column":39}},"33":{"start":{"line":65,"column":57},"end":{"line":96,"column":1}},"34":{"start":{"line":68,"column":11},"end":{"line":68,"column":12}},"35":{"start":{"line":69,"column":11},"end":{"line":69,"column":12}},"36":{"start":{"line":70,"column":23},"end":{"line":70,"column":30}},"37":{"start":{"line":71,"column":28},"end":{"line":71,"column":29}},"38":{"start":{"line":72,"column":28},"end":{"line":72,"column":29}},"39":{"start":{"line":74,"column":2},"end":{"line":74,"column":41}},"40":{"start":{"line":74,"column":23},"end":{"line":74,"column":41}},"41":{"start":{"line":76,"column":2},"end":{"line":93,"column":null}},"42":{"start":{"line":77,"column":4},"end":{"line":92,"column":null}},"43":{"start":{"line":78,"column":6},"end":{"line":78,"column":14}},"44":{"start":{"line":79,"column":6},"end":{"line":79,"column":31}},"45":{"start":{"line":80,"column":6},"end":{"line":80,"column":11}},"46":{"start":{"line":81,"column":6},"end":{"line":83,"column":null}},"47":{"start":{"line":82,"column":8},"end":{"line":82,"column":50}},"48":{"start":{"line":84,"column":6},"end":{"line":84,"column":30}},"49":{"start":{"line":86,"column":6},"end":{"line":86,"column":28}},"50":{"start":{"line":87,"column":6},"end":{"line":87,"column":31}},"51":{"start":{"line":88,"column":6},"end":{"line":88,"column":11}},"52":{"start":{"line":89,"column":6},"end":{"line":91,"column":null}},"53":{"start":{"line":90,"column":8},"end":{"line":90,"column":50}},"54":{"start":{"line":95,"column":2},"end":{"line":95,"column":29}},"55":{"start":{"line":65,"column":13},"end":{"line":65,"column":57}},"56":{"start":{"line":98,"column":54},"end":{"line":115,"column":1}},"57":{"start":{"line":99,"column":2},"end":{"line":99,"column":41}},"58":{"start":{"line":99,"column":23},"end":{"line":99,"column":41}},"59":{"start":{"line":100,"column":13},"end":{"line":100,"column":14}},"60":{"start":{"line":101,"column":18},"end":{"line":101,"column":20}},"61":{"start":{"line":102,"column":28},"end":{"line":102,"column":29}},"62":{"start":{"line":104,"column":2},"end":{"line":112,"column":null}},"63":{"start":{"line":104,"column":19},"end":{"line":104,"column":20}},"64":{"start":{"line":105,"column":24},"end":{"line":105,"column":34}},"65":{"start":{"line":106,"column":25},"end":{"line":106,"column":45}},"66":{"start":{"line":107,"column":4},"end":{"line":109,"column":null}},"67":{"start":{"line":108,"column":6},"end":{"line":108,"column":30}},"68":{"start":{"line":110,"column":4},"end":{"line":110,"column":33}},"69":{"start":{"line":111,"column":4},"end":{"line":111,"column":74}},"70":{"start":{"line":114,"column":2},"end":{"line":114,"column":29}},"71":{"start":{"line":98,"column":13},"end":{"line":98,"column":54}},"72":{"start":{"line":120,"column":37},"end":{"line":138,"column":1}},"73":{"start":{"line":121,"column":2},"end":{"line":125,"column":14}},"74":{"start":{"line":124,"column":22},"end":{"line":124,"column":43}},"75":{"start":{"line":127,"column":13},"end":{"line":127,"column":14}},"76":{"start":{"line":128,"column":14},"end":{"line":128,"column":28}},"77":{"start":{"line":130,"column":2},"end":{"line":136,"column":null}},"78":{"start":{"line":131,"column":4},"end":{"line":133,"column":null}},"79":{"start":{"line":132,"column":6},"end":{"line":132,"column":19}},"80":{"start":{"line":134,"column":4},"end":{"line":134,"column":11}},"81":{"start":{"line":135,"column":4},"end":{"line":135,"column":12}},"82":{"start":{"line":137,"column":2},"end":{"line":137,"column":14}},"83":{"start":{"line":120,"column":13},"end":{"line":120,"column":37}},"84":{"start":{"line":140,"column":29},"end":{"line":153,"column":1}},"85":{"start":{"line":145,"column":2},"end":{"line":151,"column":null}},"86":{"start":{"line":146,"column":4},"end":{"line":148,"column":null}},"87":{"start":{"line":147,"column":6},"end":{"line":147,"column":19}},"88":{"start":{"line":149,"column":4},"end":{"line":149,"column":11}},"89":{"start":{"line":150,"column":4},"end":{"line":150,"column":12}},"90":{"start":{"line":152,"column":2},"end":{"line":152,"column":14}},"91":{"start":{"line":157,"column":40},"end":{"line":174,"column":1}},"92":{"start":{"line":158,"column":2},"end":{"line":158,"column":55}},"93":{"start":{"line":160,"column":13},"end":{"line":160,"column":14}},"94":{"start":{"line":161,"column":12},"end":{"line":161,"column":26}},"95":{"start":{"line":163,"column":2},"end":{"line":172,"column":null}},"96":{"start":{"line":164,"column":4},"end":{"line":169,"column":null}},"97":{"start":{"line":165,"column":6},"end":{"line":168,"column":8}},"98":{"start":{"line":170,"column":4},"end":{"line":170,"column":11}},"99":{"start":{"line":171,"column":4},"end":{"line":171,"column":12}},"100":{"start":{"line":173,"column":2},"end":{"line":173,"column":14}},"101":{"start":{"line":157,"column":13},"end":{"line":157,"column":40}}},"fnMap":{"0":{"name":"(anonymous_0)","decl":{"start":{"line":1,"column":21},"end":{"line":1,"column":22}},"loc":{"start":{"line":1,"column":48},"end":{"line":9,"column":1}}},"1":{"name":"(anonymous_1)","decl":{"start":{"line":5,"column":13},"end":{"line":5,"column":14}},"loc":{"start":{"line":6,"column":6},"end":{"line":6,"column":63}}},"2":{"name":"(anonymous_2)","decl":{"start":{"line":16,"column":36},"end":{"line":16,"column":37}},"loc":{"start":{"line":16,"column":76},"end":{"line":18,"column":1}}},"3":{"name":"(anonymous_3)","decl":{"start":{"line":20,"column":39},"end":{"line":20,"column":null}},"loc":{"start":{"line":23,"column":13},"end":{"line":58,"column":1}}},"4":{"name":"(anonymous_4)","decl":{"start":{"line":65,"column":57},"end":{"line":65,"column":null}},"loc":{"start":{"line":67,"column":12},"end":{"line":96,"column":1}}},"5":{"name":"(anonymous_5)","decl":{"start":{"line":98,"column":54},"end":{"line":98,"column":55}},"loc":{"start":{"line":98,"column":78},"end":{"line":115,"column":1}}},"6":{"name":"(anonymous_6)","decl":{"start":{"line":120,"column":37},"end":{"line":120,"column":38}},"loc":{"start":{"line":120,"column":62},"end":{"line":138,"column":1}}},"7":{"name":"(anonymous_7)","decl":{"start":{"line":124,"column":12},"end":{"line":124,"column":13}},"loc":{"start":{"line":124,"column":22},"end":{"line":124,"column":43}}},"8":{"name":"(anonymous_8)","decl":{"start":{"line":140,"column":29},"end":{"line":140,"column":null}},"loc":{"start":{"line":144,"column":13},"end":{"line":153,"column":1}}},"9":{"name":"(anonymous_9)","decl":{"start":{"line":157,"column":40},"end":{"line":157,"column":41}},"loc":{"start":{"line":157,"column":65},"end":{"line":174,"column":1}}}},"branchMap":{"0":{"loc":{"start":{"line":6,"column":6},"end":{"line":6,"column":63}},"type":"cond-expr","locations":[{"start":{"line":6,"column":21},"end":{"line":6,"column":43}},{"start":{"line":6,"column":46},"end":{"line":6,"column":63}}]},"1":{"loc":{"start":{"line":27,"column":9},"end":{"line":27,"column":27}},"type":"binary-expr","locations":[{"start":{"line":27,"column":9},"end":{"line":27,"column":16}},{"start":{"line":27,"column":20},"end":{"line":27,"column":27}}]},"2":{"loc":{"start":{"line":28,"column":4},"end":{"line":55,"column":null}},"type":"if","locations":[{"start":{"line":28,"column":4},"end":{"line":55,"column":null}},{"start":{"line":49,"column":11},"end":{"line":55,"column":null}}]},"3":{"loc":{"start":{"line":28,"column":8},"end":{"line":28,"column":44}},"type":"binary-expr","locations":[{"start":{"line":28,"column":8},"end":{"line":28,"column":24}},{"start":{"line":28,"column":28},"end":{"line":28,"column":44}}]},"4":{"loc":{"start":{"line":29,"column":6},"end":{"line":38,"column":null}},"type":"if","locations":[{"start":{"line":29,"column":6},"end":{"line":38,"column":null}}]},"5":{"loc":{"start":{"line":34,"column":10},"end":{"line":36,"column":null}},"type":"if","locations":[{"start":{"line":34,"column":10},"end":{"line":36,"column":null}}]},"6":{"loc":{"start":{"line":39,"column":6},"end":{"line":48,"column":null}},"type":"if","locations":[{"start":{"line":39,"column":6},"end":{"line":48,"column":null}}]},"7":{"loc":{"start":{"line":44,"column":10},"end":{"line":46,"column":null}},"type":"if","locations":[{"start":{"line":44,"column":10},"end":{"line":46,"column":null}}]},"8":{"loc":{"start":{"line":50,"column":6},"end":{"line":52,"column":null}},"type":"if","locations":[{"start":{"line":50,"column":6},"end":{"line":52,"column":null}}]},"9":{"loc":{"start":{"line":74,"column":2},"end":{"line":74,"column":41}},"type":"if","locations":[{"start":{"line":74,"column":2},"end":{"line":74,"column":41}}]},"10":{"loc":{"start":{"line":76,"column":9},"end":{"line":76,"column":53}},"type":"binary-expr","locations":[{"start":{"line":76,"column":9},"end":{"line":76,"column":29}},{"start":{"line":76,"column":33},"end":{"line":76,"column":53}}]},"11":{"loc":{"start":{"line":77,"column":4},"end":{"line":92,"column":null}},"type":"if","locations":[{"start":{"line":77,"column":4},"end":{"line":92,"column":null}},{"start":{"line":85,"column":11},"end":{"line":92,"column":null}}]},"12":{"loc":{"start":{"line":81,"column":6},"end":{"line":83,"column":null}},"type":"if","locations":[{"start":{"line":81,"column":6},"end":{"line":83,"column":null}}]},"13":{"loc":{"start":{"line":89,"column":6},"end":{"line":91,"column":null}},"type":"if","locations":[{"start":{"line":89,"column":6},"end":{"line":91,"column":null}}]},"14":{"loc":{"start":{"line":99,"column":2},"end":{"line":99,"column":41}},"type":"if","locations":[{"start":{"line":99,"column":2},"end":{"line":99,"column":41}}]},"15":{"loc":{"start":{"line":107,"column":4},"end":{"line":109,"column":null}},"type":"if","locations":[{"start":{"line":107,"column":4},"end":{"line":109,"column":null}}]},"16":{"loc":{"start":{"line":131,"column":4},"end":{"line":133,"column":null}},"type":"if","locations":[{"start":{"line":131,"column":4},"end":{"line":133,"column":null}}]},"17":{"loc":{"start":{"line":146,"column":4},"end":{"line":148,"column":null}},"type":"if","locations":[{"start":{"line":146,"column":4},"end":{"line":148,"column":null}}]},"18":{"loc":{"start":{"line":164,"column":4},"end":{"line":169,"column":null}},"type":"if","locations":[{"start":{"line":164,"column":4},"end":{"line":169,"column":null}}]},"19":{"loc":{"start":{"line":166,"column":8},"end":{"line":167,"column":50}},"type":"binary-expr","locations":[{"start":{"line":166,"column":8},"end":{"line":166,"column":50}},{"start":{"line":167,"column":8},"end":{"line":167,"column":50}}]}},"s":{"0":1,"1":14,"2":14,"3":67,"4":14,"5":1,"6":7,"7":1,"8":1,"9":7,"10":7,"11":7,"12":28,"13":7,"14":2,"15":2,"16":8,"17":8,"18":8,"19":2,"20":7,"21":7,"22":7,"23":14,"24":14,"25":14,"26":0,"27":21,"28":3,"29":18,"30":18,"31":4,"32":1,"33":1,"34":8,"35":8,"36":8,"37":8,"38":8,"39":8,"40":1,"41":7,"42":28,"43":14,"44":14,"45":14,"46":14,"47":2,"48":14,"49":14,"50":14,"51":14,"52":14,"53":9,"54":7,"55":1,"56":1,"57":8,"58":1,"59":7,"60":7,"61":7,"62":7,"63":7,"64":36,"65":36,"66":36,"67":17,"68":36,"69":36,"70":7,"71":1,"72":1,"73":8,"74":66,"75":8,"76":8,"77":8,"78":24,"79":2,"80":22,"81":22,"82":6,"83":1,"84":1,"85":10,"86":9,"87":8,"88":1,"89":1,"90":2,"91":1,"92":12,"93":12,"94":12,"95":12,"96":32,"97":6,"98":26,"99":26,"100":6,"101":1},"f":{"0":14,"1":67,"2":7,"3":7,"4":8,"5":8,"6":8,"7":66,"8":10,"9":12},"b":{"0":[56,11],"1":[32,4],"2":[7,21],"3":[28,26],"4":[2],"5":[2],"6":[7],"7":[0],"8":[3],"9":[1],"10":[35,35],"11":[14,14],"12":[2],"13":[9],"14":[1],"15":[17],"16":[2],"17":[8],"18":[6],"19":[6,4]}}
,"/Users/robrichards/practice/index.ts": {"path":"/Users/robrichards/practice/index.ts","statementMap":{"0":{"start":{"line":1,"column":25},"end":{"line":5,"column":41}},"1":{"start":{"line":2,"column":2},"end":{"line":5,"column":41}},"2":{"start":{"line":4,"column":19},"end":{"line":4,"column":24}},"3":{"start":{"line":5,"column":27},"end":{"line":5,"column":37}},"4":{"start":{"line":1,"column":13},"end":{"line":1,"column":25}},"5":{"start":{"line":7,"column":28},"end":{"line":7,"column":71}},"6":{"start":{"line":7,"column":51},"end":{"line":7,"column":71}},"7":{"start":{"line":7,"column":13},"end":{"line":7,"column":28}},"8":{"start":{"line":9,"column":28},"end":{"line":11,"column":1}},"9":{"start":{"line":10,"column":2},"end":{"line":10,"column":67}},"10":{"start":{"line":10,"column":46},"end":{"line":10,"column":65}},"11":{"start":{"line":9,"column":13},"end":{"line":9,"column":28}},"12":{"start":{"line":13,"column":29},"end":{"line":18,"column":13}},"13":{"start":{"line":14,"column":2},"end":{"line":18,"column":13}},"14":{"start":{"line":16,"column":22},"end":{"line":16,"column":43}},"15":{"start":{"line":13,"column":13},"end":{"line":13,"column":29}},"16":{"start":{"line":20,"column":31},"end":{"line":23,"column":1}},"17":{"start":{"line":21,"column":24},"end":{"line":21,"column":40}},"18":{"start":{"line":22,"column":2},"end":{"line":22,"column":50}},"19":{"start":{"line":20,"column":13},"end":{"line":20,"column":31}},"20":{"start":{"line":25,"column":37},"end":{"line":26,"column":78}},"21":{"start":{"line":26,"column":2},"end":{"line":26,"column":78}},"22":{"start":{"line":26,"column":36},"end":{"line":26,"column":72}},"23":{"start":{"line":25,"column":13},"end":{"line":25,"column":37}},"24":{"start":{"line":28,"column":28},"end":{"line":43,"column":1}},"25":{"start":{"line":29,"column":20},"end":{"line":29,"column":37}},"26":{"start":{"line":30,"column":14},"end":{"line":30,"column":15}},"27":{"start":{"line":31,"column":12},"end":{"line":31,"column":32}},"28":{"start":{"line":33,"column":2},"end":{"line":33,"column":41}},"29":{"start":{"line":33,"column":28},"end":{"line":33,"column":41}},"30":{"start":{"line":35,"column":2},"end":{"line":41,"column":null}},"31":{"start":{"line":36,"column":4},"end":{"line":38,"column":null}},"32":{"start":{"line":37,"column":6},"end":{"line":37,"column":19}},"33":{"start":{"line":39,"column":4},"end":{"line":39,"column":12}},"34":{"start":{"line":40,"column":4},"end":{"line":40,"column":10}},"35":{"start":{"line":42,"column":2},"end":{"line":42,"column":14}},"36":{"start":{"line":28,"column":13},"end":{"line":28,"column":28}},"37":{"start":{"line":45,"column":29},"end":{"line":61,"column":1}},"38":{"start":{"line":46,"column":2},"end":{"line":60,"column":null}},"39":{"start":{"line":49,"column":6},"end":{"line":49,"column":17}},"40":{"start":{"line":51,"column":6},"end":{"line":51,"column":17}},"41":{"start":{"line":53,"column":6},"end":{"line":53,"column":17}},"42":{"start":{"line":55,"column":6},"end":{"line":55,"column":17}},"43":{"start":{"line":57,"column":6},"end":{"line":57,"column":17}},"44":{"start":{"line":59,"column":6},"end":{"line":59,"column":29}},"45":{"start":{"line":45,"column":13},"end":{"line":45,"column":29}},"46":{"start":{"line":63,"column":32},"end":{"line":65,"column":1}},"47":{"start":{"line":64,"column":2},"end":{"line":64,"column":55}},"48":{"start":{"line":64,"column":27},"end":{"line":64,"column":52}},"49":{"start":{"line":63,"column":13},"end":{"line":63,"column":32}},"50":{"start":{"line":67,"column":45},"end":{"line":71,"column":1}},"51":{"start":{"line":70,"column":2},"end":{"line":70,"column":56}},"52":{"start":{"line":70,"column":29},"end":{"line":70,"column":54}},"53":{"start":{"line":67,"column":13},"end":{"line":67,"column":45}},"54":{"start":{"line":73,"column":38},"end":{"line":78,"column":1}},"55":{"start":{"line":77,"column":2},"end":{"line":77,"column":59}},"56":{"start":{"line":77,"column":32},"end":{"line":77,"column":44}},"57":{"start":{"line":73,"column":13},"end":{"line":73,"column":38}},"58":{"start":{"line":80,"column":38},"end":{"line":91,"column":1}},"59":{"start":{"line":81,"column":25},"end":{"line":81,"column":26}},"60":{"start":{"line":82,"column":23},"end":{"line":82,"column":24}},"61":{"start":{"line":84,"column":2},"end":{"line":86,"column":4}},"62":{"start":{"line":85,"column":4},"end":{"line":85,"column":64}},"63":{"start":{"line":88,"column":2},"end":{"line":90,"column":22}},"64":{"start":{"line":80,"column":13},"end":{"line":80,"column":38}},"65":{"start":{"line":93,"column":25},"end":{"line":110,"column":1}},"66":{"start":{"line":94,"column":2},"end":{"line":94,"column":48}},"67":{"start":{"line":94,"column":35},"end":{"line":94,"column":48}},"68":{"start":{"line":95,"column":20},"end":{"line":95,"column":22}},"69":{"start":{"line":96,"column":2},"end":{"line":101,"column":7}},"70":{"start":{"line":100,"column":6},"end":{"line":100,"column":73}},"71":{"start":{"line":103,"column":2},"end":{"line":107,"column":null}},"72":{"start":{"line":104,"column":4},"end":{"line":104,"column":54}},"73":{"start":{"line":104,"column":41},"end":{"line":104,"column":54}},"74":{"start":{"line":105,"column":4},"end":{"line":105,"column":46}},"75":{"start":{"line":105,"column":33},"end":{"line":105,"column":46}},"76":{"start":{"line":106,"column":4},"end":{"line":106,"column":51}},"77":{"start":{"line":106,"column":31},"end":{"line":106,"column":51}},"78":{"start":{"line":109,"column":2},"end":{"line":109,"column":14}},"79":{"start":{"line":93,"column":13},"end":{"line":93,"column":25}},"80":{"start":{"line":112,"column":32},"end":{"line":122,"column":1}},"81":{"start":{"line":113,"column":24},"end":{"line":113,"column":25}},"82":{"start":{"line":115,"column":2},"end":{"line":119,"column":null}},"83":{"start":{"line":116,"column":4},"end":{"line":116,"column":40}},"84":{"start":{"line":116,"column":22},"end":{"line":116,"column":40}},"85":{"start":{"line":117,"column":4},"end":{"line":117,"column":60}},"86":{"start":{"line":117,"column":47},"end":{"line":117,"column":60}},"87":{"start":{"line":118,"column":4},"end":{"line":118,"column":65}},"88":{"start":{"line":118,"column":47},"end":{"line":118,"column":65}},"89":{"start":{"line":121,"column":2},"end":{"line":121,"column":31}},"90":{"start":{"line":112,"column":13},"end":{"line":112,"column":32}},"91":{"start":{"line":127,"column":35},"end":{"line":138,"column":1}},"92":{"start":{"line":128,"column":21},"end":{"line":128,"column":41}},"93":{"start":{"line":130,"column":2},"end":{"line":136,"column":null}},"94":{"start":{"line":130,"column":15},"end":{"line":130,"column":16}},"95":{"start":{"line":131,"column":4},"end":{"line":135,"column":null}},"96":{"start":{"line":131,"column":17},"end":{"line":131,"column":18}},"97":{"start":{"line":132,"column":6},"end":{"line":134,"column":null}},"98":{"start":{"line":133,"column":8},"end":{"line":133,"column":48}},"99":{"start":{"line":137,"column":2},"end":{"line":137,"column":22}},"100":{"start":{"line":127,"column":13},"end":{"line":127,"column":35}},"101":{"start":{"line":140,"column":34},"end":{"line":157,"column":1}},"102":{"start":{"line":141,"column":12},"end":{"line":141,"column":21}},"103":{"start":{"line":142,"column":2},"end":{"line":142,"column":20}},"104":{"start":{"line":143,"column":2},"end":{"line":143,"column":20}},"105":{"start":{"line":144,"column":2},"end":{"line":144,"column":20}},"106":{"start":{"line":145,"column":10},"end":{"line":145,"column":12}},"107":{"start":{"line":146,"column":2},"end":{"line":155,"column":null}},"108":{"start":{"line":146,"column":15},"end":{"line":146,"column":16}},"109":{"start":{"line":147,"column":4},"end":{"line":154,"column":null}},"110":{"start":{"line":148,"column":6},"end":{"line":148,"column":21}},"111":{"start":{"line":150,"column":16},"end":{"line":150,"column":23}},"112":{"start":{"line":151,"column":6},"end":{"line":153,"column":null}},"113":{"start":{"line":152,"column":8},"end":{"line":152,"column":21}},"114":{"start":{"line":156,"column":2},"end":{"line":156,"column":24}},"115":{"start":{"line":140,"column":13},"end":{"line":140,"column":34}},"116":{"start":{"line":159,"column":44},"end":{"line":182,"column":1}},"117":{"start":{"line":163,"column":2},"end":{"line":163,"column":24}},"118":{"start":{"line":163,"column":15},"end":{"line":163,"column":24}},"119":{"start":{"line":164,"column":2},"end":{"line":164,"column":27}},"120":{"start":{"line":164,"column":17},"end":{"line":164,"column":27}},"121":{"start":{"line":165,"column":2},"end":{"line":165,"column":49}},"122":{"start":{"line":165,"column":39},"end":{"line":165,"column":49}},"123":{"start":{"line":167,"column":11},"end":{"line":167,"column":12}},"124":{"start":{"line":168,"column":11},"end":{"line":168,"column":12}},"125":{"start":{"line":170,"column":2},"end":{"line":178,"column":null}},"126":{"start":{"line":171,"column":4},"end":{"line":177,"column":null}},"127":{"start":{"line":172,"column":6},"end":{"line":172,"column":11}},"128":{"start":{"line":173,"column":6},"end":{"line":173,"column":11}},"129":{"start":{"line":175,"column":6},"end":{"line":175,"column":21}},"130":{"start":{"line":176,"column":6},"end":{"line":176,"column":13}},"131":{"start":{"line":179,"column":2},"end":{"line":179,"column":43}},"132":{"start":{"line":179,"column":28},"end":{"line":179,"column":43}},"133":{"start":{"line":181,"column":2},"end":{"line":181,"column":12}},"134":{"start":{"line":159,"column":13},"end":{"line":159,"column":44}},"135":{"start":{"line":184,"column":28},"end":{"line":190,"column":1}},"136":{"start":{"line":188,"column":21},"end":{"line":188,"column":38}},"137":{"start":{"line":189,"column":2},"end":{"line":189,"column":72}},"138":{"start":{"line":189,"column":37},"end":{"line":189,"column":58}},"139":{"start":{"line":184,"column":13},"end":{"line":184,"column":28}},"140":{"start":{"line":192,"column":27},"end":{"line":206,"column":1}},"141":{"start":{"line":193,"column":14},"end":{"line":193,"column":16}},"142":{"start":{"line":194,"column":12},"end":{"line":194,"column":13}},"143":{"start":{"line":195,"column":13},"end":{"line":195,"column":14}},"144":{"start":{"line":196,"column":2},"end":{"line":198,"column":5}},"145":{"start":{"line":197,"column":4},"end":{"line":197,"column":49}},"146":{"start":{"line":199,"column":2},"end":{"line":204,"column":null}},"147":{"start":{"line":200,"column":4},"end":{"line":203,"column":null}},"148":{"start":{"line":201,"column":6},"end":{"line":201,"column":21}},"149":{"start":{"line":202,"column":6},"end":{"line":202,"column":29}},"150":{"start":{"line":205,"column":2},"end":{"line":205,"column":16}},"151":{"start":{"line":192,"column":13},"end":{"line":192,"column":27}},"152":{"start":{"line":208,"column":27},"end":{"line":229,"column":1}},"153":{"start":{"line":209,"column":18},"end":{"line":209,"column":67}},"154":{"start":{"line":210,"column":2},"end":{"line":210,"column":28}},"155":{"start":{"line":211,"column":2},"end":{"line":214,"column":null}},"156":{"start":{"line":212,"column":4},"end":{"line":212,"column":49}},"157":{"start":{"line":213,"column":4},"end":{"line":213,"column":45}},"158":{"start":{"line":215,"column":2},"end":{"line":218,"column":null}},"159":{"start":{"line":216,"column":4},"end":{"line":216,"column":46}},"160":{"start":{"line":217,"column":4},"end":{"line":217,"column":42}},"161":{"start":{"line":219,"column":2},"end":{"line":222,"column":null}},"162":{"start":{"line":220,"column":4},"end":{"line":220,"column":47}},"163":{"start":{"line":221,"column":4},"end":{"line":221,"column":43}},"164":{"start":{"line":224,"column":2},"end":{"line":227,"column":null}},"165":{"start":{"line":225,"column":4},"end":{"line":225,"column":47}},"166":{"start":{"line":226,"column":4},"end":{"line":226,"column":43}},"167":{"start":{"line":228,"column":2},"end":{"line":228,"column":17}},"168":{"start":{"line":208,"column":13},"end":{"line":208,"column":27}},"169":{"start":{"line":234,"column":23},"end":{"line":243,"column":1}},"170":{"start":{"line":235,"column":31},"end":{"line":235,"column":33}},"171":{"start":{"line":236,"column":2},"end":{"line":238,"column":5}},"172":{"start":{"line":237,"column":4},"end":{"line":237,"column":58}},"173":{"start":{"line":239,"column":2},"end":{"line":241,"column":null}},"174":{"start":{"line":240,"column":4},"end":{"line":240,"column":46}},"175":{"start":{"line":240,"column":25},"end":{"line":240,"column":46}},"176":{"start":{"line":242,"column":2},"end":{"line":242,"column":11}},"177":{"start":{"line":234,"column":13},"end":{"line":234,"column":23}},"178":{"start":{"line":245,"column":47},"end":{"line":249,"column":29}},"179":{"start":{"line":246,"column":2},"end":{"line":249,"column":29}},"180":{"start":{"line":248,"column":16},"end":{"line":248,"column":79}},"181":{"start":{"line":248,"column":47},"end":{"line":248,"column":75}},"182":{"start":{"line":249,"column":20},"end":{"line":249,"column":25}},"183":{"start":{"line":245,"column":13},"end":{"line":245,"column":47}},"184":{"start":{"line":251,"column":25},"end":{"line":253,"column":1}},"185":{"start":{"line":252,"column":2},"end":{"line":252,"column":70}},"186":{"start":{"line":251,"column":13},"end":{"line":251,"column":25}},"187":{"start":{"line":255,"column":23},"end":{"line":261,"column":1}},"188":{"start":{"line":256,"column":2},"end":{"line":260,"column":4}},"189":{"start":{"line":257,"column":4},"end":{"line":259,"column":10}},"190":{"start":{"line":258,"column":6},"end":{"line":258,"column":18}},"191":{"start":{"line":255,"column":13},"end":{"line":255,"column":23}},"192":{"start":{"line":263,"column":23},"end":{"line":291,"column":1}},"193":{"start":{"line":264,"column":2},"end":{"line":264,"column":25}},"194":{"start":{"line":264,"column":13},"end":{"line":264,"column":25}},"195":{"start":{"line":265,"column":2},"end":{"line":265,"column":31}},"196":{"start":{"line":265,"column":19},"end":{"line":265,"column":31}},"197":{"start":{"line":267,"column":14},"end":{"line":267,"column":17}},"198":{"start":{"line":268,"column":13},"end":{"line":268,"column":16}},"199":{"start":{"line":269,"column":10},"end":{"line":269,"column":11}},"200":{"start":{"line":271,"column":10},"end":{"line":271,"column":11}},"201":{"start":{"line":272,"column":13},"end":{"line":272,"column":15}},"202":{"start":{"line":274,"column":2},"end":{"line":278,"column":null}},"203":{"start":{"line":275,"column":4},"end":{"line":275,"column":20}},"204":{"start":{"line":276,"column":4},"end":{"line":276,"column":52}},"205":{"start":{"line":277,"column":4},"end":{"line":277,"column":14}},"206":{"start":{"line":280,"column":2},"end":{"line":289,"column":null}},"207":{"start":{"line":281,"column":4},"end":{"line":281,"column":20}},"208":{"start":{"line":282,"column":4},"end":{"line":282,"column":18}},"209":{"start":{"line":283,"column":4},"end":{"line":287,"column":null}},"210":{"start":{"line":284,"column":6},"end":{"line":284,"column":54}},"211":{"start":{"line":286,"column":6},"end":{"line":286,"column":12}},"212":{"start":{"line":288,"column":4},"end":{"line":288,"column":14}},"213":{"start":{"line":290,"column":2},"end":{"line":290,"column":14}},"214":{"start":{"line":263,"column":13},"end":{"line":263,"column":23}},"215":{"start":{"line":293,"column":30},"end":{"line":306,"column":1}},"216":{"start":{"line":294,"column":2},"end":{"line":294,"column":28}},"217":{"start":{"line":295,"column":18},"end":{"line":295,"column":20}},"218":{"start":{"line":296,"column":19},"end":{"line":296,"column":20}},"219":{"start":{"line":297,"column":2},"end":{"line":299,"column":5}},"220":{"start":{"line":298,"column":4},"end":{"line":298,"column":58}},"221":{"start":{"line":300,"column":2},"end":{"line":304,"column":null}},"222":{"start":{"line":301,"column":4},"end":{"line":303,"column":null}},"223":{"start":{"line":302,"column":6},"end":{"line":302,"column":22}},"224":{"start":{"line":305,"column":2},"end":{"line":305,"column":20}},"225":{"start":{"line":293,"column":13},"end":{"line":293,"column":30}},"226":{"start":{"line":308,"column":31},"end":{"line":310,"column":1}},"227":{"start":{"line":309,"column":2},"end":{"line":309,"column":37}},"228":{"start":{"line":308,"column":13},"end":{"line":308,"column":31}},"229":{"start":{"line":318,"column":26},"end":{"line":324,"column":1}},"230":{"start":{"line":319,"column":2},"end":{"line":319,"column":51}},"231":{"start":{"line":319,"column":24},"end":{"line":319,"column":51}},"232":{"start":{"line":320,"column":2},"end":{"line":320,"column":54}},"233":{"start":{"line":320,"column":24},"end":{"line":320,"column":54}},"234":{"start":{"line":321,"column":2},"end":{"line":321,"column":67}},"235":{"start":{"line":321,"column":24},"end":{"line":321,"column":67}},"236":{"start":{"line":322,"column":2},"end":{"line":322,"column":78}},"237":{"start":{"line":322,"column":24},"end":{"line":322,"column":78}},"238":{"start":{"line":323,"column":2},"end":{"line":323,"column":71}},"239":{"start":{"line":318,"column":13},"end":{"line":318,"column":26}},"240":{"start":{"line":326,"column":36},"end":{"line":332,"column":1}},"241":{"start":{"line":329,"column":2},"end":{"line":331,"column":5}},"242":{"start":{"line":330,"column":4},"end":{"line":330,"column":53}},"243":{"start":{"line":330,"column":43},"end":{"line":330,"column":53}},"244":{"start":{"line":326,"column":13},"end":{"line":326,"column":36}},"245":{"start":{"line":334,"column":26},"end":{"line":337,"column":1}},"246":{"start":{"line":335,"column":2},"end":{"line":335,"column":25}},"247":{"start":{"line":335,"column":12},"end":{"line":335,"column":25}},"248":{"start":{"line":336,"column":2},"end":{"line":336,"column":37}},"249":{"start":{"line":334,"column":13},"end":{"line":334,"column":26}},"250":{"start":{"line":339,"column":29},"end":{"line":363,"column":1}},"251":{"start":{"line":342,"column":11},"end":{"line":342,"column":12}},"252":{"start":{"line":343,"column":11},"end":{"line":343,"column":12}},"253":{"start":{"line":344,"column":12},"end":{"line":344,"column":14}},"254":{"start":{"line":346,"column":2},"end":{"line":361,"column":null}},"255":{"start":{"line":347,"column":4},"end":{"line":360,"column":null}},"256":{"start":{"line":348,"column":6},"end":{"line":348,"column":29}},"257":{"start":{"line":349,"column":6},"end":{"line":349,"column":29}},"258":{"start":{"line":350,"column":6},"end":{"line":350,"column":14}},"259":{"start":{"line":351,"column":11},"end":{"line":360,"column":null}},"260":{"start":{"line":352,"column":6},"end":{"line":352,"column":29}},"261":{"start":{"line":353,"column":6},"end":{"line":353,"column":14}},"262":{"start":{"line":354,"column":11},"end":{"line":360,"column":null}},"263":{"start":{"line":355,"column":6},"end":{"line":355,"column":29}},"264":{"start":{"line":356,"column":6},"end":{"line":356,"column":14}},"265":{"start":{"line":357,"column":6},"end":{"line":357,"column":14}},"266":{"start":{"line":359,"column":6},"end":{"line":359,"column":14}},"267":{"start":{"line":362,"column":2},"end":{"line":362,"column":13}},"268":{"start":{"line":339,"column":13},"end":{"line":339,"column":29}},"269":{"start":{"line":365,"column":35},"end":{"line":369,"column":1}},"270":{"start":{"line":368,"column":2},"end":{"line":368,"column":63}},"271":{"start":{"line":368,"column":40},"end":{"line":368,"column":61}},"272":{"start":{"line":365,"column":13},"end":{"line":365,"column":35}},"273":{"start":{"line":384,"column":30},"end":{"line":392,"column":1}},"274":{"start":{"line":385,"column":16},"end":{"line":385,"column":18}},"275":{"start":{"line":386,"column":2},"end":{"line":390,"column":4}},"276":{"start":{"line":387,"column":4},"end":{"line":389,"column":31}},"277":{"start":{"line":391,"column":2},"end":{"line":391,"column":17}},"278":{"start":{"line":384,"column":13},"end":{"line":384,"column":30}},"279":{"start":{"line":394,"column":27},"end":{"line":404,"column":1}},"280":{"start":{"line":395,"column":19},"end":{"line":395,"column":20}},"281":{"start":{"line":396,"column":19},"end":{"line":396,"column":20}},"282":{"start":{"line":398,"column":2},"end":{"line":401,"column":5}},"283":{"start":{"line":399,"column":4},"end":{"line":399,"column":50}},"284":{"start":{"line":400,"column":4},"end":{"line":400,"column":50}},"285":{"start":{"line":403,"column":2},"end":{"line":403,"column":20}},"286":{"start":{"line":394,"column":13},"end":{"line":394,"column":27}},"287":{"start":{"line":412,"column":27},"end":{"line":431,"column":1}},"288":{"start":{"line":413,"column":2},"end":{"line":415,"column":null}},"289":{"start":{"line":414,"column":4},"end":{"line":414,"column":14}},"290":{"start":{"line":416,"column":2},"end":{"line":430,"column":15}},"291":{"start":{"line":419,"column":6},"end":{"line":421,"column":null}},"292":{"start":{"line":420,"column":8},"end":{"line":420,"column":39}},"293":{"start":{"line":422,"column":6},"end":{"line":424,"column":null}},"294":{"start":{"line":423,"column":8},"end":{"line":423,"column":49}},"295":{"start":{"line":425,"column":6},"end":{"line":428,"column":20}},"296":{"start":{"line":412,"column":13},"end":{"line":412,"column":27}},"297":{"start":{"line":433,"column":26},"end":{"line":437,"column":1}},"298":{"start":{"line":436,"column":2},"end":{"line":436,"column":54}},"299":{"start":{"line":436,"column":28},"end":{"line":436,"column":52}},"300":{"start":{"line":433,"column":13},"end":{"line":433,"column":26}},"301":{"start":{"line":443,"column":31},"end":{"line":453,"column":1}},"302":{"start":{"line":444,"column":2},"end":{"line":444,"column":30}},"303":{"start":{"line":444,"column":18},"end":{"line":444,"column":30}},"304":{"start":{"line":445,"column":2},"end":{"line":452,"column":4}},"305":{"start":{"line":449,"column":21},"end":{"line":449,"column":35}},"306":{"start":{"line":450,"column":22},"end":{"line":450,"column":27}},"307":{"start":{"line":443,"column":13},"end":{"line":443,"column":31}},"308":{"start":{"line":455,"column":24},"end":{"line":459,"column":1}},"309":{"start":{"line":456,"column":2},"end":{"line":456,"column":26}},"310":{"start":{"line":456,"column":13},"end":{"line":456,"column":26}},"311":{"start":{"line":458,"column":2},"end":{"line":458,"column":40}},"312":{"start":{"line":455,"column":13},"end":{"line":455,"column":24}},"313":{"start":{"line":461,"column":25},"end":{"line":471,"column":1}},"314":{"start":{"line":462,"column":2},"end":{"line":470,"column":14}},"315":{"start":{"line":465,"column":6},"end":{"line":465,"column":35}},"316":{"start":{"line":465,"column":24},"end":{"line":465,"column":35}},"317":{"start":{"line":466,"column":6},"end":{"line":466,"column":35}},"318":{"start":{"line":466,"column":24},"end":{"line":466,"column":35}},"319":{"start":{"line":467,"column":6},"end":{"line":467,"column":35}},"320":{"start":{"line":467,"column":24},"end":{"line":467,"column":35}},"321":{"start":{"line":468,"column":6},"end":{"line":468,"column":35}},"322":{"start":{"line":468,"column":24},"end":{"line":468,"column":35}},"323":{"start":{"line":461,"column":13},"end":{"line":461,"column":25}},"324":{"start":{"line":473,"column":35},"end":{"line":478,"column":1}},"325":{"start":{"line":474,"column":2},"end":{"line":474,"column":33}},"326":{"start":{"line":474,"column":24},"end":{"line":474,"column":33}},"327":{"start":{"line":475,"column":2},"end":{"line":477,"column":5}},"328":{"start":{"line":476,"column":4},"end":{"line":476,"column":28}},"329":{"start":{"line":473,"column":13},"end":{"line":473,"column":35}},"330":{"start":{"line":480,"column":27},"end":{"line":482,"column":1}},"331":{"start":{"line":481,"column":2},"end":{"line":481,"column":72}},"332":{"start":{"line":480,"column":13},"end":{"line":480,"column":27}},"333":{"start":{"line":484,"column":27},"end":{"line":487,"column":1}},"334":{"start":{"line":485,"column":2},"end":{"line":485,"column":35}},"335":{"start":{"line":485,"column":26},"end":{"line":485,"column":35}},"336":{"start":{"line":486,"column":2},"end":{"line":486,"column":67}},"337":{"start":{"line":486,"column":37},"end":{"line":486,"column":47}},"338":{"start":{"line":484,"column":13},"end":{"line":484,"column":27}},"339":{"start":{"line":489,"column":24},"end":{"line":495,"column":1}},"340":{"start":{"line":490,"column":2},"end":{"line":494,"column":15}},"341":{"start":{"line":493,"column":19},"end":{"line":493,"column":33}},"342":{"start":{"line":489,"column":13},"end":{"line":489,"column":24}},"343":{"start":{"line":497,"column":22},"end":{"line":511,"column":1}},"344":{"start":{"line":503,"column":20},"end":{"line":503,"column":21}},"345":{"start":{"line":505,"column":2},"end":{"line":508,"column":null}},"346":{"start":{"line":506,"column":4},"end":{"line":506,"column":41}},"347":{"start":{"line":507,"column":4},"end":{"line":507,"column":21}},"348":{"start":{"line":510,"column":2},"end":{"line":510,"column":21}},"349":{"start":{"line":497,"column":13},"end":{"line":497,"column":22}},"350":{"start":{"line":513,"column":25},"end":{"line":515,"column":1}},"351":{"start":{"line":514,"column":2},"end":{"line":514,"column":40}},"352":{"start":{"line":513,"column":13},"end":{"line":513,"column":25}},"353":{"start":{"line":517,"column":37},"end":{"line":522,"column":1}},"354":{"start":{"line":518,"column":2},"end":{"line":518,"column":37}},"355":{"start":{"line":518,"column":28},"end":{"line":518,"column":37}},"356":{"start":{"line":519,"column":2},"end":{"line":519,"column":46}},"357":{"start":{"line":519,"column":28},"end":{"line":519,"column":46}},"358":{"start":{"line":520,"column":2},"end":{"line":520,"column":32}},"359":{"start":{"line":520,"column":25},"end":{"line":520,"column":30}},"360":{"start":{"line":521,"column":2},"end":{"line":521,"column":33}},"361":{"start":{"line":517,"column":13},"end":{"line":517,"column":37}},"362":{"start":{"line":524,"column":28},"end":{"line":526,"column":1}},"363":{"start":{"line":525,"column":2},"end":{"line":525,"column":54}},"364":{"start":{"line":524,"column":13},"end":{"line":524,"column":28}},"365":{"start":{"line":528,"column":26},"end":{"line":532,"column":1}},"366":{"start":{"line":529,"column":2},"end":{"line":531,"column":26}},"367":{"start":{"line":531,"column":19},"end":{"line":531,"column":24}},"368":{"start":{"line":528,"column":13},"end":{"line":528,"column":26}},"369":{"start":{"line":534,"column":25},"end":{"line":536,"column":1}},"370":{"start":{"line":535,"column":2},"end":{"line":535,"column":63}},"371":{"start":{"line":535,"column":41},"end":{"line":535,"column":60}},"372":{"start":{"line":534,"column":13},"end":{"line":534,"column":25}},"373":{"start":{"line":538,"column":29},"end":{"line":539,"column":29}},"374":{"start":{"line":539,"column":2},"end":{"line":539,"column":29}},"375":{"start":{"line":538,"column":13},"end":{"line":538,"column":29}},"376":{"start":{"line":541,"column":18},"end":{"line":551,"column":1}},"377":{"start":{"line":542,"column":10},"end":{"line":542,"column":11}},"378":{"start":{"line":543,"column":10},"end":{"line":543,"column":11}},"379":{"start":{"line":545,"column":2},"end":{"line":548,"column":5}},"380":{"start":{"line":546,"column":4},"end":{"line":546,"column":43}},"381":{"start":{"line":546,"column":36},"end":{"line":546,"column":43}},"382":{"start":{"line":547,"column":4},"end":{"line":547,"column":43}},"383":{"start":{"line":547,"column":36},"end":{"line":547,"column":43}},"384":{"start":{"line":550,"column":2},"end":{"line":550,"column":17}},"385":{"start":{"line":541,"column":13},"end":{"line":541,"column":18}},"386":{"start":{"line":553,"column":28},"end":{"line":558,"column":1}},"387":{"start":{"line":554,"column":2},"end":{"line":557,"column":15}},"388":{"start":{"line":556,"column":19},"end":{"line":556,"column":47}},"389":{"start":{"line":553,"column":13},"end":{"line":553,"column":28}},"390":{"start":{"line":560,"column":42},"end":{"line":572,"column":1}},"391":{"start":{"line":563,"column":2},"end":{"line":571,"column":9}},"392":{"start":{"line":566,"column":10},"end":{"line":566,"column":45}},"393":{"start":{"line":567,"column":10},"end":{"line":567,"column":19}},"394":{"start":{"line":560,"column":13},"end":{"line":560,"column":42}},"395":{"start":{"line":574,"column":25},"end":{"line":575,"column":47}},"396":{"start":{"line":575,"column":2},"end":{"line":575,"column":47}},"397":{"start":{"line":574,"column":13},"end":{"line":574,"column":25}},"398":{"start":{"line":577,"column":33},"end":{"line":587,"column":1}},"399":{"start":{"line":581,"column":2},"end":{"line":586,"column":4}},"400":{"start":{"line":583,"column":35},"end":{"line":583,"column":40}},"401":{"start":{"line":577,"column":13},"end":{"line":577,"column":33}},"402":{"start":{"line":589,"column":38},"end":{"line":591,"column":1}},"403":{"start":{"line":590,"column":2},"end":{"line":590,"column":66}},"404":{"start":{"line":589,"column":13},"end":{"line":589,"column":38}},"405":{"start":{"line":594,"column":37},"end":{"line":597,"column":null}},"406":{"start":{"line":595,"column":2},"end":{"line":597,"column":null}},"407":{"start":{"line":595,"column":52},"end":{"line":595,"column":61}},"408":{"start":{"line":596,"column":22},"end":{"line":596,"column":35}},"409":{"start":{"line":594,"column":13},"end":{"line":594,"column":37}},"410":{"start":{"line":600,"column":25},"end":{"line":601,"column":74}},"411":{"start":{"line":601,"column":2},"end":{"line":601,"column":74}},"412":{"start":{"line":601,"column":37},"end":{"line":601,"column":63}},"413":{"start":{"line":600,"column":13},"end":{"line":600,"column":25}},"414":{"start":{"line":603,"column":34},"end":{"line":604,"column":69}},"415":{"start":{"line":604,"column":2},"end":{"line":604,"column":69}},"416":{"start":{"line":603,"column":13},"end":{"line":603,"column":34}},"417":{"start":{"line":606,"column":28},"end":{"line":611,"column":null}},"418":{"start":{"line":607,"column":2},"end":{"line":611,"column":null}},"419":{"start":{"line":610,"column":21},"end":{"line":610,"column":39}},"420":{"start":{"line":606,"column":13},"end":{"line":606,"column":28}},"421":{"start":{"line":614,"column":26},"end":{"line":615,"column":53}},"422":{"start":{"line":615,"column":2},"end":{"line":615,"column":53}},"423":{"start":{"line":615,"column":32},"end":{"line":615,"column":45}},"424":{"start":{"line":614,"column":13},"end":{"line":614,"column":26}},"425":{"start":{"line":617,"column":24},"end":{"line":621,"column":46}},"426":{"start":{"line":621,"column":14},"end":{"line":621,"column":46}},"427":{"start":{"line":617,"column":13},"end":{"line":617,"column":24}},"428":{"start":{"line":623,"column":24},"end":{"line":624,"column":29}},"429":{"start":{"line":624,"column":2},"end":{"line":624,"column":29}},"430":{"start":{"line":623,"column":13},"end":{"line":623,"column":24}},"431":{"start":{"line":626,"column":22},"end":{"line":630,"column":1}},"432":{"start":{"line":627,"column":2},"end":{"line":627,"column":34}},"433":{"start":{"line":627,"column":24},"end":{"line":627,"column":34}},"434":{"start":{"line":628,"column":2},"end":{"line":628,"column":28}},"435":{"start":{"line":628,"column":21},"end":{"line":628,"column":26}},"436":{"start":{"line":629,"column":2},"end":{"line":629,"column":39}},"437":{"start":{"line":626,"column":13},"end":{"line":626,"column":22}},"438":{"start":{"line":632,"column":30},"end":{"line":632,"column":75}},"439":{"start":{"line":632,"column":53},"end":{"line":632,"column":75}},"440":{"start":{"line":632,"column":13},"end":{"line":632,"column":30}},"441":{"start":{"line":634,"column":47},"end":{"line":639,"column":1}},"442":{"start":{"line":635,"column":19},"end":{"line":635,"column":72}},"443":{"start":{"line":635,"column":40},"end":{"line":635,"column":49}},"444":{"start":{"line":635,"column":66},"end":{"line":635,"column":71}},"445":{"start":{"line":636,"column":2},"end":{"line":636,"column":38}},"446":{"start":{"line":636,"column":29},"end":{"line":636,"column":38}},"447":{"start":{"line":637,"column":2},"end":{"line":637,"column":48}},"448":{"start":{"line":637,"column":29},"end":{"line":637,"column":48}},"449":{"start":{"line":638,"column":2},"end":{"line":638,"column":35}},"450":{"start":{"line":634,"column":13},"end":{"line":634,"column":47}},"451":{"start":{"line":641,"column":23},"end":{"line":648,"column":1}},"452":{"start":{"line":642,"column":2},"end":{"line":642,"column":25}},"453":{"start":{"line":642,"column":15},"end":{"line":642,"column":25}},"454":{"start":{"line":643,"column":10},"end":{"line":643,"column":12}},"455":{"start":{"line":644,"column":2},"end":{"line":646,"column":null}},"456":{"start":{"line":644,"column":15},"end":{"line":644,"column":16}},"457":{"start":{"line":645,"column":4},"end":{"line":645,"column":18}},"458":{"start":{"line":647,"column":2},"end":{"line":647,"column":11}},"459":{"start":{"line":641,"column":13},"end":{"line":641,"column":23}},"460":{"start":{"line":650,"column":31},"end":{"line":655,"column":13}},"461":{"start":{"line":651,"column":2},"end":{"line":655,"column":13}},"462":{"start":{"line":653,"column":19},"end":{"line":653,"column":24}},"463":{"start":{"line":654,"column":20},"end":{"line":654,"column":25}},"464":{"start":{"line":650,"column":13},"end":{"line":650,"column":31}},"465":{"start":{"line":657,"column":26},"end":{"line":658,"column":49}},"466":{"start":{"line":658,"column":2},"end":{"line":658,"column":49}},"467":{"start":{"line":658,"column":25},"end":{"line":658,"column":39}},"468":{"start":{"line":657,"column":13},"end":{"line":657,"column":26}},"469":{"start":{"line":660,"column":32},"end":{"line":665,"column":14}},"470":{"start":{"line":661,"column":2},"end":{"line":665,"column":14}},"471":{"start":{"line":662,"column":22},"end":{"line":662,"column":54}},"472":{"start":{"line":663,"column":16},"end":{"line":663,"column":35}},"473":{"start":{"line":664,"column":19},"end":{"line":664,"column":25}},"474":{"start":{"line":660,"column":13},"end":{"line":660,"column":32}},"475":{"start":{"line":667,"column":24},"end":{"line":681,"column":1}},"476":{"start":{"line":668,"column":12},"end":{"line":668,"column":76}},"477":{"start":{"line":668,"column":46},"end":{"line":668,"column":56}},"478":{"start":{"line":669,"column":2},"end":{"line":680,"column":null}},"479":{"start":{"line":671,"column":6},"end":{"line":671,"column":17}},"480":{"start":{"line":673,"column":6},"end":{"line":673,"column":17}},"481":{"start":{"line":675,"column":6},"end":{"line":675,"column":17}},"482":{"start":{"line":677,"column":6},"end":{"line":677,"column":17}},"483":{"start":{"line":679,"column":6},"end":{"line":679,"column":17}},"484":{"start":{"line":667,"column":13},"end":{"line":667,"column":24}},"485":{"start":{"line":683,"column":26},"end":{"line":687,"column":14}},"486":{"start":{"line":684,"column":2},"end":{"line":687,"column":14}},"487":{"start":{"line":686,"column":19},"end":{"line":686,"column":40}},"488":{"start":{"line":683,"column":13},"end":{"line":683,"column":26}},"489":{"start":{"line":689,"column":28},"end":{"line":697,"column":16}},"490":{"start":{"line":690,"column":2},"end":{"line":697,"column":16}},"491":{"start":{"line":694,"column":8},"end":{"line":694,"column":69}},"492":{"start":{"line":696,"column":22},"end":{"line":696,"column":26}},"493":{"start":{"line":689,"column":13},"end":{"line":689,"column":28}},"494":{"start":{"line":699,"column":21},"end":{"line":702,"column":14}},"495":{"start":{"line":700,"column":2},"end":{"line":702,"column":14}},"496":{"start":{"line":701,"column":26},"end":{"line":701,"column":79}},"497":{"start":{"line":699,"column":13},"end":{"line":699,"column":21}},"498":{"start":{"line":704,"column":19},"end":{"line":711,"column":13}},"499":{"start":{"line":705,"column":2},"end":{"line":711,"column":13}},"500":{"start":{"line":704,"column":13},"end":{"line":704,"column":19}},"501":{"start":{"line":713,"column":29},"end":{"line":714,"column":56}},"502":{"start":{"line":714,"column":2},"end":{"line":714,"column":56}},"503":{"start":{"line":714,"column":28},"end":{"line":714,"column":48}},"504":{"start":{"line":713,"column":13},"end":{"line":713,"column":29}},"505":{"start":{"line":716,"column":27},"end":{"line":732,"column":1}},"506":{"start":{"line":717,"column":2},"end":{"line":731,"column":18}},"507":{"start":{"line":721,"column":10},"end":{"line":721,"column":77}},"508":{"start":{"line":721,"column":25},"end":{"line":721,"column":77}},"509":{"start":{"line":722,"column":10},"end":{"line":722,"column":22}},"510":{"start":{"line":728,"column":10},"end":{"line":728,"column":77}},"511":{"start":{"line":728,"column":25},"end":{"line":728,"column":77}},"512":{"start":{"line":729,"column":10},"end":{"line":729,"column":22}},"513":{"start":{"line":716,"column":13},"end":{"line":716,"column":27}}},"fnMap":{"0":{"name":"(anonymous_0)","decl":{"start":{"line":1,"column":25},"end":{"line":1,"column":26}},"loc":{"start":{"line":2,"column":2},"end":{"line":5,"column":41}}},"1":{"name":"(anonymous_1)","decl":{"start":{"line":4,"column":9},"end":{"line":4,"column":10}},"loc":{"start":{"line":4,"column":19},"end":{"line":4,"column":24}}},"2":{"name":"(anonymous_2)","decl":{"start":{"line":5,"column":12},"end":{"line":5,"column":13}},"loc":{"start":{"line":5,"column":27},"end":{"line":5,"column":37}}},"3":{"name":"(anonymous_3)","decl":{"start":{"line":7,"column":28},"end":{"line":7,"column":29}},"loc":{"start":{"line":7,"column":51},"end":{"line":7,"column":71}}},"4":{"name":"(anonymous_4)","decl":{"start":{"line":9,"column":28},"end":{"line":9,"column":29}},"loc":{"start":{"line":9,"column":68},"end":{"line":11,"column":1}}},"5":{"name":"(anonymous_5)","decl":{"start":{"line":10,"column":20},"end":{"line":10,"column":21}},"loc":{"start":{"line":10,"column":46},"end":{"line":10,"column":65}}},"6":{"name":"(anonymous_6)","decl":{"start":{"line":13,"column":29},"end":{"line":13,"column":30}},"loc":{"start":{"line":14,"column":2},"end":{"line":18,"column":13}}},"7":{"name":"(anonymous_7)","decl":{"start":{"line":16,"column":12},"end":{"line":16,"column":13}},"loc":{"start":{"line":16,"column":22},"end":{"line":16,"column":43}}},"8":{"name":"(anonymous_8)","decl":{"start":{"line":20,"column":31},"end":{"line":20,"column":32}},"loc":{"start":{"line":20,"column":55},"end":{"line":23,"column":1}}},"9":{"name":"(anonymous_9)","decl":{"start":{"line":25,"column":37},"end":{"line":25,"column":38}},"loc":{"start":{"line":26,"column":2},"end":{"line":26,"column":78}}},"10":{"name":"(anonymous_10)","decl":{"start":{"line":26,"column":19},"end":{"line":26,"column":20}},"loc":{"start":{"line":26,"column":36},"end":{"line":26,"column":72}}},"11":{"name":"(anonymous_11)","decl":{"start":{"line":28,"column":28},"end":{"line":28,"column":29}},"loc":{"start":{"line":28,"column":56},"end":{"line":43,"column":1}}},"12":{"name":"(anonymous_12)","decl":{"start":{"line":45,"column":29},"end":{"line":45,"column":30}},"loc":{"start":{"line":45,"column":56},"end":{"line":61,"column":1}}},"13":{"name":"(anonymous_13)","decl":{"start":{"line":63,"column":32},"end":{"line":63,"column":33}},"loc":{"start":{"line":63,"column":70},"end":{"line":65,"column":1}}},"14":{"name":"(anonymous_14)","decl":{"start":{"line":64,"column":17},"end":{"line":64,"column":18}},"loc":{"start":{"line":64,"column":27},"end":{"line":64,"column":52}}},"15":{"name":"(anonymous_15)","decl":{"start":{"line":67,"column":45},"end":{"line":67,"column":null}},"loc":{"start":{"line":69,"column":19},"end":{"line":71,"column":1}}},"16":{"name":"(anonymous_16)","decl":{"start":{"line":70,"column":20},"end":{"line":70,"column":21}},"loc":{"start":{"line":70,"column":29},"end":{"line":70,"column":54}}},"17":{"name":"(anonymous_17)","decl":{"start":{"line":73,"column":38},"end":{"line":73,"column":null}},"loc":{"start":{"line":76,"column":13},"end":{"line":78,"column":1}}},"18":{"name":"(anonymous_18)","decl":{"start":{"line":77,"column":22},"end":{"line":77,"column":23}},"loc":{"start":{"line":77,"column":32},"end":{"line":77,"column":44}}},"19":{"name":"(anonymous_19)","decl":{"start":{"line":80,"column":38},"end":{"line":80,"column":39}},"loc":{"start":{"line":80,"column":60},"end":{"line":91,"column":1}}},"20":{"name":"(anonymous_20)","decl":{"start":{"line":84,"column":17},"end":{"line":84,"column":18}},"loc":{"start":{"line":85,"column":4},"end":{"line":85,"column":64}}},"21":{"name":"(anonymous_21)","decl":{"start":{"line":93,"column":25},"end":{"line":93,"column":26}},"loc":{"start":{"line":93,"column":65},"end":{"line":110,"column":1}}},"22":{"name":"(anonymous_22)","decl":{"start":{"line":99,"column":13},"end":{"line":99,"column":14}},"loc":{"start":{"line":99,"column":22},"end":{"line":101,"column":5}}},"23":{"name":"(anonymous_23)","decl":{"start":{"line":112,"column":32},"end":{"line":112,"column":33}},"loc":{"start":{"line":112,"column":57},"end":{"line":122,"column":1}}},"24":{"name":"(anonymous_24)","decl":{"start":{"line":127,"column":35},"end":{"line":127,"column":36}},"loc":{"start":{"line":127,"column":66},"end":{"line":138,"column":1}}},"25":{"name":"(anonymous_25)","decl":{"start":{"line":140,"column":34},"end":{"line":140,"column":35}},"loc":{"start":{"line":140,"column":59},"end":{"line":157,"column":1}}},"26":{"name":"(anonymous_26)","decl":{"start":{"line":159,"column":44},"end":{"line":159,"column":null}},"loc":{"start":{"line":162,"column":12},"end":{"line":182,"column":1}}},"27":{"name":"(anonymous_27)","decl":{"start":{"line":184,"column":28},"end":{"line":184,"column":null}},"loc":{"start":{"line":187,"column":19},"end":{"line":190,"column":1}}},"28":{"name":"(anonymous_28)","decl":{"start":{"line":189,"column":27},"end":{"line":189,"column":28}},"loc":{"start":{"line":189,"column":37},"end":{"line":189,"column":58}}},"29":{"name":"(anonymous_29)","decl":{"start":{"line":192,"column":27},"end":{"line":192,"column":28}},"loc":{"start":{"line":192,"column":58},"end":{"line":206,"column":1}}},"30":{"name":"(anonymous_30)","decl":{"start":{"line":196,"column":14},"end":{"line":196,"column":15}},"loc":{"start":{"line":196,"column":23},"end":{"line":198,"column":3}}},"31":{"name":"(anonymous_31)","decl":{"start":{"line":208,"column":27},"end":{"line":208,"column":28}},"loc":{"start":{"line":208,"column":53},"end":{"line":229,"column":1}}},"32":{"name":"(anonymous_32)","decl":{"start":{"line":234,"column":23},"end":{"line":234,"column":24}},"loc":{"start":{"line":234,"column":52},"end":{"line":243,"column":1}}},"33":{"name":"(anonymous_33)","decl":{"start":{"line":236,"column":12},"end":{"line":236,"column":13}},"loc":{"start":{"line":236,"column":21},"end":{"line":238,"column":3}}},"34":{"name":"(anonymous_34)","decl":{"start":{"line":245,"column":47},"end":{"line":245,"column":48}},"loc":{"start":{"line":246,"column":2},"end":{"line":249,"column":29}}},"35":{"name":"(anonymous_35)","decl":{"start":{"line":248,"column":9},"end":{"line":248,"column":10}},"loc":{"start":{"line":248,"column":16},"end":{"line":248,"column":79}}},"36":{"name":"(anonymous_36)","decl":{"start":{"line":248,"column":35},"end":{"line":248,"column":36}},"loc":{"start":{"line":248,"column":47},"end":{"line":248,"column":75}}},"37":{"name":"(anonymous_37)","decl":{"start":{"line":249,"column":10},"end":{"line":249,"column":11}},"loc":{"start":{"line":249,"column":20},"end":{"line":249,"column":25}}},"38":{"name":"(anonymous_38)","decl":{"start":{"line":251,"column":25},"end":{"line":251,"column":26}},"loc":{"start":{"line":251,"column":47},"end":{"line":253,"column":1}}},"39":{"name":"(anonymous_39)","decl":{"start":{"line":255,"column":23},"end":{"line":255,"column":24}},"loc":{"start":{"line":255,"column":64},"end":{"line":261,"column":1}}},"40":{"name":"(anonymous_40)","decl":{"start":{"line":256,"column":9},"end":{"line":256,"column":10}},"loc":{"start":{"line":256,"column":15},"end":{"line":260,"column":3}}},"41":{"name":"(anonymous_41)","decl":{"start":{"line":257,"column":28},"end":{"line":257,"column":29}},"loc":{"start":{"line":257,"column":47},"end":{"line":259,"column":5}}},"42":{"name":"(anonymous_42)","decl":{"start":{"line":263,"column":23},"end":{"line":263,"column":24}},"loc":{"start":{"line":263,"column":45},"end":{"line":291,"column":1}}},"43":{"name":"(anonymous_43)","decl":{"start":{"line":293,"column":30},"end":{"line":293,"column":31}},"loc":{"start":{"line":293,"column":55},"end":{"line":306,"column":1}}},"44":{"name":"(anonymous_44)","decl":{"start":{"line":297,"column":25},"end":{"line":297,"column":26}},"loc":{"start":{"line":297,"column":34},"end":{"line":299,"column":3}}},"45":{"name":"(anonymous_45)","decl":{"start":{"line":308,"column":31},"end":{"line":308,"column":32}},"loc":{"start":{"line":308,"column":55},"end":{"line":310,"column":1}}},"46":{"name":"(anonymous_46)","decl":{"start":{"line":318,"column":26},"end":{"line":318,"column":27}},"loc":{"start":{"line":318,"column":57},"end":{"line":324,"column":1}}},"47":{"name":"(anonymous_47)","decl":{"start":{"line":326,"column":36},"end":{"line":326,"column":null}},"loc":{"start":{"line":328,"column":19},"end":{"line":332,"column":1}}},"48":{"name":"(anonymous_48)","decl":{"start":{"line":329,"column":24},"end":{"line":329,"column":25}},"loc":{"start":{"line":329,"column":33},"end":{"line":331,"column":3}}},"49":{"name":"(anonymous_49)","decl":{"start":{"line":334,"column":26},"end":{"line":334,"column":27}},"loc":{"start":{"line":334,"column":58},"end":{"line":337,"column":1}}},"50":{"name":"(anonymous_50)","decl":{"start":{"line":339,"column":29},"end":{"line":339,"column":null}},"loc":{"start":{"line":341,"column":28},"end":{"line":363,"column":1}}},"51":{"name":"(anonymous_51)","decl":{"start":{"line":365,"column":35},"end":{"line":365,"column":null}},"loc":{"start":{"line":367,"column":28},"end":{"line":369,"column":1}}},"52":{"name":"(anonymous_52)","decl":{"start":{"line":368,"column":30},"end":{"line":368,"column":31}},"loc":{"start":{"line":368,"column":40},"end":{"line":368,"column":61}}},"53":{"name":"(anonymous_53)","decl":{"start":{"line":384,"column":30},"end":{"line":384,"column":31}},"loc":{"start":{"line":384,"column":73},"end":{"line":392,"column":1}}},"54":{"name":"(anonymous_54)","decl":{"start":{"line":386,"column":15},"end":{"line":386,"column":16}},"loc":{"start":{"line":387,"column":4},"end":{"line":389,"column":31}}},"55":{"name":"(anonymous_55)","decl":{"start":{"line":394,"column":27},"end":{"line":394,"column":28}},"loc":{"start":{"line":394,"column":60},"end":{"line":404,"column":1}}},"56":{"name":"(anonymous_56)","decl":{"start":{"line":398,"column":16},"end":{"line":398,"column":17}},"loc":{"start":{"line":398,"column":27},"end":{"line":401,"column":3}}},"57":{"name":"(anonymous_57)","decl":{"start":{"line":412,"column":27},"end":{"line":412,"column":28}},"loc":{"start":{"line":412,"column":52},"end":{"line":431,"column":1}}},"58":{"name":"(anonymous_58)","decl":{"start":{"line":418,"column":9},"end":{"line":418,"column":10}},"loc":{"start":{"line":418,"column":18},"end":{"line":429,"column":5}}},"59":{"name":"(anonymous_59)","decl":{"start":{"line":433,"column":26},"end":{"line":433,"column":null}},"loc":{"start":{"line":435,"column":28},"end":{"line":437,"column":1}}},"60":{"name":"(anonymous_60)","decl":{"start":{"line":436,"column":18},"end":{"line":436,"column":19}},"loc":{"start":{"line":436,"column":28},"end":{"line":436,"column":52}}},"61":{"name":"(anonymous_61)","decl":{"start":{"line":443,"column":31},"end":{"line":443,"column":32}},"loc":{"start":{"line":443,"column":53},"end":{"line":453,"column":1}}},"62":{"name":"(anonymous_62)","decl":{"start":{"line":449,"column":11},"end":{"line":449,"column":12}},"loc":{"start":{"line":449,"column":21},"end":{"line":449,"column":35}}},"63":{"name":"(anonymous_63)","decl":{"start":{"line":450,"column":12},"end":{"line":450,"column":13}},"loc":{"start":{"line":450,"column":22},"end":{"line":450,"column":27}}},"64":{"name":"(anonymous_64)","decl":{"start":{"line":455,"column":24},"end":{"line":455,"column":25}},"loc":{"start":{"line":455,"column":47},"end":{"line":459,"column":1}}},"65":{"name":"(anonymous_65)","decl":{"start":{"line":461,"column":25},"end":{"line":461,"column":26}},"loc":{"start":{"line":461,"column":49},"end":{"line":471,"column":1}}},"66":{"name":"(anonymous_66)","decl":{"start":{"line":464,"column":9},"end":{"line":464,"column":10}},"loc":{"start":{"line":464,"column":18},"end":{"line":469,"column":5}}},"67":{"name":"(anonymous_67)","decl":{"start":{"line":473,"column":35},"end":{"line":473,"column":36}},"loc":{"start":{"line":473,"column":66},"end":{"line":478,"column":1}}},"68":{"name":"(anonymous_68)","decl":{"start":{"line":475,"column":20},"end":{"line":475,"column":21}},"loc":{"start":{"line":475,"column":33},"end":{"line":477,"column":3}}},"69":{"name":"(anonymous_69)","decl":{"start":{"line":480,"column":27},"end":{"line":480,"column":28}},"loc":{"start":{"line":480,"column":52},"end":{"line":482,"column":1}}},"70":{"name":"(anonymous_70)","decl":{"start":{"line":484,"column":27},"end":{"line":484,"column":28}},"loc":{"start":{"line":484,"column":60},"end":{"line":487,"column":1}}},"71":{"name":"(anonymous_71)","decl":{"start":{"line":486,"column":22},"end":{"line":486,"column":23}},"loc":{"start":{"line":486,"column":37},"end":{"line":486,"column":47}}},"72":{"name":"(anonymous_72)","decl":{"start":{"line":489,"column":24},"end":{"line":489,"column":25}},"loc":{"start":{"line":489,"column":53},"end":{"line":495,"column":1}}},"73":{"name":"(anonymous_73)","decl":{"start":{"line":493,"column":9},"end":{"line":493,"column":10}},"loc":{"start":{"line":493,"column":19},"end":{"line":493,"column":33}}},"74":{"name":"(anonymous_74)","decl":{"start":{"line":497,"column":22},"end":{"line":497,"column":null}},"loc":{"start":{"line":502,"column":12},"end":{"line":511,"column":1}}},"75":{"name":"(anonymous_75)","decl":{"start":{"line":513,"column":25},"end":{"line":513,"column":26}},"loc":{"start":{"line":513,"column":49},"end":{"line":515,"column":1}}},"76":{"name":"(anonymous_76)","decl":{"start":{"line":517,"column":37},"end":{"line":517,"column":38}},"loc":{"start":{"line":517,"column":72},"end":{"line":522,"column":1}}},"77":{"name":"(anonymous_77)","decl":{"start":{"line":520,"column":15},"end":{"line":520,"column":16}},"loc":{"start":{"line":520,"column":25},"end":{"line":520,"column":30}}},"78":{"name":"(anonymous_78)","decl":{"start":{"line":524,"column":28},"end":{"line":524,"column":29}},"loc":{"start":{"line":524,"column":60},"end":{"line":526,"column":1}}},"79":{"name":"(anonymous_79)","decl":{"start":{"line":528,"column":26},"end":{"line":528,"column":27}},"loc":{"start":{"line":528,"column":55},"end":{"line":532,"column":1}}},"80":{"name":"(anonymous_80)","decl":{"start":{"line":531,"column":9},"end":{"line":531,"column":10}},"loc":{"start":{"line":531,"column":19},"end":{"line":531,"column":24}}},"81":{"name":"(anonymous_81)","decl":{"start":{"line":534,"column":25},"end":{"line":534,"column":26}},"loc":{"start":{"line":534,"column":60},"end":{"line":536,"column":1}}},"82":{"name":"(anonymous_82)","decl":{"start":{"line":535,"column":24},"end":{"line":535,"column":25}},"loc":{"start":{"line":535,"column":41},"end":{"line":535,"column":60}}},"83":{"name":"(anonymous_83)","decl":{"start":{"line":538,"column":29},"end":{"line":538,"column":30}},"loc":{"start":{"line":539,"column":2},"end":{"line":539,"column":29}}},"84":{"name":"(anonymous_84)","decl":{"start":{"line":541,"column":18},"end":{"line":541,"column":19}},"loc":{"start":{"line":541,"column":43},"end":{"line":551,"column":1}}},"85":{"name":"(anonymous_85)","decl":{"start":{"line":545,"column":24},"end":{"line":545,"column":25}},"loc":{"start":{"line":545,"column":33},"end":{"line":548,"column":3}}},"86":{"name":"(anonymous_86)","decl":{"start":{"line":553,"column":28},"end":{"line":553,"column":29}},"loc":{"start":{"line":553,"column":52},"end":{"line":558,"column":1}}},"87":{"name":"(anonymous_87)","decl":{"start":{"line":556,"column":9},"end":{"line":556,"column":10}},"loc":{"start":{"line":556,"column":19},"end":{"line":556,"column":47}}},"88":{"name":"(anonymous_88)","decl":{"start":{"line":560,"column":42},"end":{"line":560,"column":null}},"loc":{"start":{"line":562,"column":19},"end":{"line":572,"column":1}}},"89":{"name":"(anonymous_89)","decl":{"start":{"line":565,"column":8},"end":{"line":565,"column":18}},"loc":{"start":{"line":565,"column":28},"end":{"line":568,"column":9}}},"90":{"name":"(anonymous_90)","decl":{"start":{"line":574,"column":25},"end":{"line":574,"column":26}},"loc":{"start":{"line":575,"column":2},"end":{"line":575,"column":47}}},"91":{"name":"(anonymous_91)","decl":{"start":{"line":577,"column":33},"end":{"line":577,"column":null}},"loc":{"start":{"line":580,"column":13},"end":{"line":587,"column":1}}},"92":{"name":"(anonymous_92)","decl":{"start":{"line":583,"column":25},"end":{"line":583,"column":26}},"loc":{"start":{"line":583,"column":35},"end":{"line":583,"column":40}}},"93":{"name":"(anonymous_93)","decl":{"start":{"line":589,"column":38},"end":{"line":589,"column":39}},"loc":{"start":{"line":589,"column":54},"end":{"line":591,"column":1}}},"94":{"name":"(anonymous_94)","decl":{"start":{"line":594,"column":37},"end":{"line":594,"column":38}},"loc":{"start":{"line":595,"column":2},"end":{"line":597,"column":null}}},"95":{"name":"(anonymous_95)","decl":{"start":{"line":595,"column":42},"end":{"line":595,"column":43}},"loc":{"start":{"line":595,"column":52},"end":{"line":595,"column":61}}},"96":{"name":"(anonymous_96)","decl":{"start":{"line":596,"column":4},"end":{"line":596,"column":5}},"loc":{"start":{"line":596,"column":22},"end":{"line":596,"column":35}}},"97":{"name":"(anonymous_97)","decl":{"start":{"line":600,"column":25},"end":{"line":600,"column":26}},"loc":{"start":{"line":601,"column":2},"end":{"line":601,"column":74}}},"98":{"name":"(anonymous_98)","decl":{"start":{"line":601,"column":22},"end":{"line":601,"column":23}},"loc":{"start":{"line":601,"column":37},"end":{"line":601,"column":63}}},"99":{"name":"(anonymous_99)","decl":{"start":{"line":603,"column":34},"end":{"line":603,"column":35}},"loc":{"start":{"line":604,"column":2},"end":{"line":604,"column":69}}},"100":{"name":"(anonymous_100)","decl":{"start":{"line":606,"column":28},"end":{"line":606,"column":29}},"loc":{"start":{"line":607,"column":2},"end":{"line":611,"column":null}}},"101":{"name":"(anonymous_101)","decl":{"start":{"line":610,"column":11},"end":{"line":610,"column":12}},"loc":{"start":{"line":610,"column":21},"end":{"line":610,"column":39}}},"102":{"name":"(anonymous_102)","decl":{"start":{"line":614,"column":26},"end":{"line":614,"column":27}},"loc":{"start":{"line":615,"column":2},"end":{"line":615,"column":53}}},"103":{"name":"(anonymous_103)","decl":{"start":{"line":615,"column":22},"end":{"line":615,"column":23}},"loc":{"start":{"line":615,"column":32},"end":{"line":615,"column":45}}},"104":{"name":"(anonymous_104)","decl":{"start":{"line":617,"column":24},"end":{"line":617,"column":null}},"loc":{"start":{"line":621,"column":14},"end":{"line":621,"column":46}}},"105":{"name":"(anonymous_105)","decl":{"start":{"line":623,"column":24},"end":{"line":623,"column":25}},"loc":{"start":{"line":624,"column":2},"end":{"line":624,"column":29}}},"106":{"name":"(anonymous_106)","decl":{"start":{"line":626,"column":22},"end":{"line":626,"column":23}},"loc":{"start":{"line":626,"column":60},"end":{"line":630,"column":1}}},"107":{"name":"(anonymous_107)","decl":{"start":{"line":628,"column":11},"end":{"line":628,"column":12}},"loc":{"start":{"line":628,"column":21},"end":{"line":628,"column":26}}},"108":{"name":"(anonymous_108)","decl":{"start":{"line":632,"column":30},"end":{"line":632,"column":31}},"loc":{"start":{"line":632,"column":53},"end":{"line":632,"column":75}}},"109":{"name":"(anonymous_109)","decl":{"start":{"line":634,"column":47},"end":{"line":634,"column":48}},"loc":{"start":{"line":634,"column":78},"end":{"line":639,"column":1}}},"110":{"name":"(anonymous_110)","decl":{"start":{"line":635,"column":30},"end":{"line":635,"column":31}},"loc":{"start":{"line":635,"column":40},"end":{"line":635,"column":49}}},"111":{"name":"(anonymous_111)","decl":{"start":{"line":635,"column":56},"end":{"line":635,"column":57}},"loc":{"start":{"line":635,"column":66},"end":{"line":635,"column":71}}},"112":{"name":"(anonymous_112)","decl":{"start":{"line":641,"column":23},"end":{"line":641,"column":24}},"loc":{"start":{"line":641,"column":63},"end":{"line":648,"column":1}}},"113":{"name":"(anonymous_113)","decl":{"start":{"line":650,"column":31},"end":{"line":650,"column":32}},"loc":{"start":{"line":651,"column":2},"end":{"line":655,"column":13}}},"114":{"name":"(anonymous_114)","decl":{"start":{"line":653,"column":9},"end":{"line":653,"column":10}},"loc":{"start":{"line":653,"column":19},"end":{"line":653,"column":24}}},"115":{"name":"(anonymous_115)","decl":{"start":{"line":654,"column":10},"end":{"line":654,"column":11}},"loc":{"start":{"line":654,"column":20},"end":{"line":654,"column":25}}},"116":{"name":"(anonymous_116)","decl":{"start":{"line":657,"column":26},"end":{"line":657,"column":27}},"loc":{"start":{"line":658,"column":2},"end":{"line":658,"column":49}}},"117":{"name":"(anonymous_117)","decl":{"start":{"line":658,"column":15},"end":{"line":658,"column":16}},"loc":{"start":{"line":658,"column":25},"end":{"line":658,"column":39}}},"118":{"name":"(anonymous_118)","decl":{"start":{"line":660,"column":32},"end":{"line":660,"column":33}},"loc":{"start":{"line":661,"column":2},"end":{"line":665,"column":14}}},"119":{"name":"(anonymous_119)","decl":{"start":{"line":662,"column":12},"end":{"line":662,"column":13}},"loc":{"start":{"line":662,"column":22},"end":{"line":662,"column":54}}},"120":{"name":"(anonymous_120)","decl":{"start":{"line":663,"column":9},"end":{"line":663,"column":10}},"loc":{"start":{"line":663,"column":16},"end":{"line":663,"column":35}}},"121":{"name":"(anonymous_121)","decl":{"start":{"line":664,"column":12},"end":{"line":664,"column":13}},"loc":{"start":{"line":664,"column":19},"end":{"line":664,"column":25}}},"122":{"name":"(anonymous_122)","decl":{"start":{"line":667,"column":24},"end":{"line":667,"column":25}},"loc":{"start":{"line":667,"column":61},"end":{"line":681,"column":1}}},"123":{"name":"(anonymous_123)","decl":{"start":{"line":668,"column":31},"end":{"line":668,"column":32}},"loc":{"start":{"line":668,"column":46},"end":{"line":668,"column":56}}},"124":{"name":"(anonymous_124)","decl":{"start":{"line":683,"column":26},"end":{"line":683,"column":27}},"loc":{"start":{"line":684,"column":2},"end":{"line":687,"column":14}}},"125":{"name":"(anonymous_125)","decl":{"start":{"line":686,"column":9},"end":{"line":686,"column":10}},"loc":{"start":{"line":686,"column":19},"end":{"line":686,"column":40}}},"126":{"name":"(anonymous_126)","decl":{"start":{"line":689,"column":28},"end":{"line":689,"column":29}},"loc":{"start":{"line":690,"column":2},"end":{"line":697,"column":16}}},"127":{"name":"(anonymous_127)","decl":{"start":{"line":69
[...]
umn":18}},"5":{"start":{"line":19,"column":4},"end":{"line":19,"column":41}},"6":{"start":{"line":19,"column":24},"end":{"line":19,"column":41}},"7":{"start":{"line":20,"column":18},"end":{"line":20,"column":27}},"8":{"start":{"line":21,"column":4},"end":{"line":23,"column":null}},"9":{"start":{"line":22,"column":6},"end":{"line":22,"column":29}},"10":{"start":{"line":24,"column":4},"end":{"line":24,"column":19}},"11":{"start":{"line":28,"column":18},"end":{"line":28,"column":37}},"12":{"start":{"line":29,"column":4},"end":{"line":33,"column":null}},"13":{"start":{"line":30,"column":6},"end":{"line":30,"column":26}},"14":{"start":{"line":31,"column":6},"end":{"line":31,"column":18}},"15":{"start":{"line":32,"column":6},"end":{"line":32,"column":23}},"16":{"start":{"line":34,"column":18},"end":{"line":34,"column":33}},"17":{"start":{"line":35,"column":4},"end":{"line":35,"column":27}},"18":{"start":{"line":36,"column":4},"end":{"line":36,"column":16}},"19":{"start":{"line":37,"column":4},"end":{"line":37,"column":21}},"20":{"start":{"line":41,"column":4},"end":{"line":41,"column":45}},"21":{"start":{"line":41,"column":28},"end":{"line":41,"column":45}},"22":{"start":{"line":43,"column":4},"end":{"line":47,"column":null}},"23":{"start":{"line":44,"column":6},"end":{"line":44,"column":18}},"24":{"start":{"line":45,"column":6},"end":{"line":45,"column":23}},"25":{"start":{"line":46,"column":6},"end":{"line":46,"column":23}},"26":{"start":{"line":50,"column":18},"end":{"line":50,"column":27}},"27":{"start":{"line":51,"column":4},"end":{"line":54,"column":null}},"28":{"start":{"line":52,"column":6},"end":{"line":52,"column":29}},"29":{"start":{"line":53,"column":6},"end":{"line":53,"column":29}},"30":{"start":{"line":55,"column":4},"end":{"line":55,"column":29}},"31":{"start":{"line":56,"column":4},"end":{"line":56,"column":24}},"32":{"start":{"line":57,"column":4},"end":{"line":57,"column":16}},"33":{"start":{"line":58,"column":4},"end":{"line":58,"column":21}},"34":{"start":{"line":62,"column":18},"end":{"line":62,"column":37}},"35":{"start":{"line":63,"column":4},"end":{"line":63,"column":29}},"36":{"start":{"line":64,"column":4},"end":{"line":64,"column":24}},"37":{"start":{"line":65,"column":4},"end":{"line":65,"column":16}},"38":{"start":{"line":66,"column":4},"end":{"line":66,"column":21}},"39":{"start":{"line":70,"column":4},"end":{"line":72,"column":null}},"40":{"start":{"line":71,"column":6},"end":{"line":71,"column":23}},"41":{"start":{"line":74,"column":4},"end":{"line":78,"column":null}},"42":{"start":{"line":75,"column":6},"end":{"line":75,"column":23}},"43":{"start":{"line":76,"column":6},"end":{"line":76,"column":18}},"44":{"start":{"line":77,"column":6},"end":{"line":77,"column":23}},"45":{"start":{"line":79,"column":23},"end":{"line":79,"column":32}},"46":{"start":{"line":80,"column":4},"end":{"line":80,"column":31}},"47":{"start":{"line":81,"column":4},"end":{"line":81,"column":24}},"48":{"start":{"line":82,"column":4},"end":{"line":82,"column":16}},"49":{"start":{"line":83,"column":4},"end":{"line":83,"column":21}},"50":{"start":{"line":87,"column":4},"end":{"line":89,"column":null}},"51":{"start":{"line":88,"column":6},"end":{"line":88,"column":33}},"52":{"start":{"line":90,"column":4},"end":{"line":93,"column":null}},"53":{"start":{"line":91,"column":6},"end":{"line":91,"column":19}},"54":{"start":{"line":92,"column":6},"end":{"line":92,"column":62}},"55":{"start":{"line":95,"column":18},"end":{"line":95,"column":27}},"56":{"start":{"line":97,"column":4},"end":{"line":106,"column":null}},"57":{"start":{"line":98,"column":6},"end":{"line":103,"column":null}},"58":{"start":{"line":99,"column":8},"end":{"line":99,"column":41}},"59":{"start":{"line":100,"column":8},"end":{"line":100,"column":23}},"60":{"start":{"line":101,"column":8},"end":{"line":101,"column":20}},"61":{"start":{"line":102,"column":8},"end":{"line":102,"column":83}},"62":{"start":{"line":104,"column":6},"end":{"line":104,"column":29}},"63":{"start":{"line":105,"column":6},"end":{"line":105,"column":29}},"64":{"start":{"line":107,"column":4},"end":{"line":107,"column":40}},"65":{"start":{"line":111,"column":4},"end":{"line":113,"column":null}},"66":{"start":{"line":112,"column":6},"end":{"line":112,"column":39}},"67":{"start":{"line":114,"column":4},"end":{"line":118,"column":null}},"68":{"start":{"line":115,"column":6},"end":{"line":117,"column":9}},"69":{"start":{"line":120,"column":4},"end":{"line":122,"column":null}},"70":{"start":{"line":121,"column":6},"end":{"line":121,"column":51}},"71":{"start":{"line":123,"column":4},"end":{"line":127,"column":null}},"72":{"start":{"line":124,"column":6},"end":{"line":126,"column":9}},"73":{"start":{"line":129,"column":18},"end":{"line":129,"column":27}},"74":{"start":{"line":130,"column":22},"end":{"line":130,"column":23}},"75":{"start":{"line":131,"column":4},"end":{"line":134,"column":null}},"76":{"start":{"line":132,"column":6},"end":{"line":132,"column":29}},"77":{"start":{"line":133,"column":6},"end":{"line":133,"column":20}},"78":{"start":{"line":135,"column":4},"end":{"line":135,"column":69}},"79":{"start":{"line":139,"column":4},"end":{"line":141,"column":null}},"80":{"start":{"line":140,"column":6},"end":{"line":140,"column":18}},"81":{"start":{"line":142,"column":29},"end":{"line":142,"column":38}},"82":{"start":{"line":143,"column":4},"end":{"line":149,"column":null}},"83":{"start":{"line":144,"column":24},"end":{"line":144,"column":45}},"84":{"start":{"line":145,"column":6},"end":{"line":145,"column":47}},"85":{"start":{"line":146,"column":6},"end":{"line":146,"column":37}},"86":{"start":{"line":147,"column":6},"end":{"line":147,"column":25}},"87":{"start":{"line":148,"column":6},"end":{"line":148,"column":18}},"88":{"start":{"line":150,"column":4},"end":{"line":150,"column":16}},"89":{"start":{"line":10,"column":0},"end":{"line":10,"column":13}},"90":{"start":{"line":155,"column":11},"end":{"line":155,"column":27}},"91":{"start":{"line":156,"column":0},"end":{"line":156,"column":13}},"92":{"start":{"line":157,"column":0},"end":{"line":157,"column":13}},"93":{"start":{"line":158,"column":0},"end":{"line":158,"column":13}},"94":{"start":{"line":159,"column":0},"end":{"line":159,"column":13}}},"fnMap":{"0":{"name":"(anonymous_0)","decl":{"start":{"line":4,"column":2},"end":{"line":4,"column":14}},"loc":{"start":{"line":4,"column":26},"end":{"line":7,"column":3}}},"1":{"name":"(anonymous_1)","decl":{"start":{"line":13,"column":2},"end":{"line":13,"column":14}},"loc":{"start":{"line":13,"column":25},"end":{"line":16,"column":3}}},"2":{"name":"(anonymous_2)","decl":{"start":{"line":18,"column":2},"end":{"line":18,"column":10}},"loc":{"start":{"line":18,"column":10},"end":{"line":25,"column":3}}},"3":{"name":"(anonymous_3)","decl":{"start":{"line":27,"column":2},"end":{"line":27,"column":6}},"loc":{"start":{"line":27,"column":20},"end":{"line":38,"column":3}}},"4":{"name":"(anonymous_4)","decl":{"start":{"line":40,"column":2},"end":{"line":40,"column":5}},"loc":{"start":{"line":40,"column":5},"end":{"line":59,"column":3}}},"5":{"name":"(anonymous_5)","decl":{"start":{"line":61,"column":2},"end":{"line":61,"column":9}},"loc":{"start":{"line":61,"column":23},"end":{"line":67,"column":3}}},"6":{"name":"(anonymous_6)","decl":{"start":{"line":69,"column":2},"end":{"line":69,"column":7}},"loc":{"start":{"line":69,"column":7},"end":{"line":84,"column":3}}},"7":{"name":"(anonymous_7)","decl":{"start":{"line":86,"column":2},"end":{"line":86,"column":18}},"loc":{"start":{"line":86,"column":32},"end":{"line":108,"column":3}}},"8":{"name":"(anonymous_8)","decl":{"start":{"line":110,"column":2},"end":{"line":110,"column":17}},"loc":{"start":{"line":110,"column":32},"end":{"line":136,"column":3}}},"9":{"name":"(anonymous_9)","decl":{"start":{"line":138,"column":2},"end":{"line":138,"column":16}},"loc":{"start":{"line":138,"column":16},"end":{"line":151,"column":3}}}},"branchMap":{"0":{"loc":{"start":{"line":13,"column":14},"end":{"line":13,"column":25}},"type":"default-arg","locations":[{"start":{"line":13,"column":21},"end":{"line":13,"column":25}}]},"1":{"loc":{"start":{"line":19,"column":4},"end":{"line":19,"column":41}},"type":"if","locations":[{"start":{"line":19,"column":4},"end":{"line":19,"column":41}}]},"2":{"loc":{"start":{"line":29,"column":4},"end":{"line":33,"column":null}},"type":"if","locations":[{"start":{"line":29,"column":4},"end":{"line":33,"column":null}}]},"3":{"loc":{"start":{"line":41,"column":4},"end":{"line":41,"column":45}},"type":"if","locations":[{"start":{"line":41,"column":4},"end":{"line":41,"column":45}}]},"4":{"loc":{"start":{"line":43,"column":4},"end":{"line":47,"column":null}},"type":"if","locations":[{"start":{"line":43,"column":4},"end":{"line":47,"column":null}}]},"5":{"loc":{"start":{"line":70,"column":4},"end":{"line":72,"column":null}},"type":"if","locations":[{"start":{"line":70,"column":4},"end":{"line":72,"column":null}}]},"6":{"loc":{"start":{"line":74,"column":4},"end":{"line":78,"column":null}},"type":"if","locations":[{"start":{"line":74,"column":4},"end":{"line":78,"column":null}}]},"7":{"loc":{"start":{"line":87,"column":4},"end":{"line":89,"column":null}},"type":"if","locations":[{"start":{"line":87,"column":4},"end":{"line":89,"column":null}}]},"8":{"loc":{"start":{"line":90,"column":4},"end":{"line":93,"column":null}},"type":"if","locations":[{"start":{"line":90,"column":4},"end":{"line":93,"column":null}}]},"9":{"loc":{"start":{"line":98,"column":6},"end":{"line":103,"column":null}},"type":"if","locations":[{"start":{"line":98,"column":6},"end":{"line":103,"column":null}}]},"10":{"loc":{"start":{"line":111,"column":4},"end":{"line":113,"column":null}},"type":"if","locations":[{"start":{"line":111,"column":4},"end":{"line":113,"column":null}}]},"11":{"loc":{"start":{"line":114,"column":4},"end":{"line":118,"column":null}},"type":"if","locations":[{"start":{"line":114,"column":4},"end":{"line":118,"column":null}}]},"12":{"loc":{"start":{"line":120,"column":4},"end":{"line":122,"column":null}},"type":"if","locations":[{"start":{"line":120,"column":4},"end":{"line":122,"column":null}}]},"13":{"loc":{"start":{"line":123,"column":4},"end":{"line":127,"column":null}},"type":"if","locations":[{"start":{"line":123,"column":4},"end":{"line":127,"column":null}}]},"14":{"loc":{"start":{"line":139,"column":4},"end":{"line":141,"column":null}},"type":"if","locations":[{"start":{"line":139,"column":4},"end":{"line":141,"column":null}}]}},"s":{"0":30,"1":30,"2":1,"3":6,"4":6,"5":27,"6":7,"7":20,"8":20,"9":58,"10":20,"11":24,"12":24,"13":7,"14":7,"15":7,"16":17,"17":17,"18":17,"19":17,"20":2,"21":1,"22":1,"23":0,"24":0,"25":0,"26":1,"27":1,"28":7,"29":7,"30":1,"31":1,"32":1,"33":1,"34":4,"35":4,"36":4,"37":4,"38":4,"39":4,"40":1,"41":3,"42":2,"43":2,"44":2,"45":1,"46":1,"47":1,"48":1,"49":1,"50":4,"51":1,"52":3,"53":1,"54":1,"55":2,"56":2,"57":7,"58":1,"59":1,"60":1,"61":1,"62":6,"63":6,"64":1,"65":4,"66":1,"67":3,"68":1,"69":2,"70":0,"71":2,"72":1,"73":1,"74":1,"75":1,"76":2,"77":2,"78":1,"79":3,"80":2,"81":1,"82":1,"83":3,"84":3,"85":3,"86":3,"87":3,"88":1,"89":1,"90":1,"91":1,"92":1,"93":1,"94":1},"f":{"0":30,"1":6,"2":27,"3":24,"4":2,"5":4,"6":4,"7":4,"8":4,"9":3},"b":{"0":[6],"1":[7],"2":[7],"3":[1],"4":[0],"5":[1],"6":[2],"7":[1],"8":[1],"9":[1],"10":[1],"11":[1],"12":[0],"13":[1],"14":[2]}}
,"/Users/robrichards/practice/percentGenerator.ts": {"path":"/Users/robrichards/practice/percentGenerator.ts","statementMap":{"0":{"start":{"line":20,"column":29},"end":{"line":37,"column":1}},"1":{"start":{"line":21,"column":17},"end":{"line":24,"column":4}},"2":{"start":{"line":25,"column":2},"end":{"line":25,"column":35}},"3":{"start":{"line":25,"column":25},"end":{"line":25,"column":35}},"4":{"start":{"line":27,"column":30},"end":{"line":27,"column":31}},"5":{"start":{"line":29,"column":2},"end":{"line":32,"column":5}},"6":{"start":{"line":30,"column":4},"end":{"line":30,"column":46}},"7":{"start":{"line":31,"column":4},"end":{"line":31,"column":69}},"8":{"start":{"line":34,"column":2},"end":{"line":34,"column":70}},"9":{"start":{"line":36,"column":2},"end":{"line":36,"column":16}},"10":{"start":{"line":39,"column":47},"end":{"line":49,"column":1}},"11":{"start":{"line":40,"column":42},"end":{"line":40,"column":49}},"12":{"start":{"line":42,"column":2},"end":{"line":48,"column":4}},"13":{"start":{"line":39,"column":13},"end":{"line":39,"column":47}}},"fnMap":{"0":{"name":"(anonymous_0)","decl":{"start":{"line":20,"column":29},"end":{"line":20,"column":30}},"loc":{"start":{"line":20,"column":55},"end":{"line":37,"column":1}}},"1":{"name":"(anonymous_1)","decl":{"start":{"line":29,"column":15},"end":{"line":29,"column":16}},"loc":{"start":{"line":29,"column":24},"end":{"line":32,"column":3}}},"2":{"name":"(anonymous_2)","decl":{"start":{"line":39,"column":47},"end":{"line":39,"column":48}},"loc":{"start":{"line":39,"column":68},"end":{"line":49,"column":1}}}},"branchMap":{"0":{"loc":{"start":{"line":25,"column":2},"end":{"line":25,"column":35}},"type":"if","locations":[{"start":{"line":25,"column":2},"end":{"line":25,"column":35}}]}},"s":{"0":1,"1":12,"2":12,"3":5,"4":7,"5":7,"6":23,"7":23,"8":7,"9":7,"10":1,"11":3,"12":3,"13":1},"f":{"0":12,"1":23,"2":3},"b":{"0":[5]}}
,"/Users/robrichards/practice/search.ts": {"path":"/Users/robrichards/practice/search.ts","statementMap":{"0":{"start":{"line":1,"column":28},"end":{"line":15,"column":1}},"1":{"start":{"line":5,"column":14},"end":{"line":5,"column":15}},"2":{"start":{"line":6,"column":10},"end":{"line":6,"column":30}},"3":{"start":{"line":8,"column":2},"end":{"line":13,"column":null}},"4":{"start":{"line":9,"column":14},"end":{"line":9,"column":43}},"5":{"start":{"line":10,"column":4},"end":{"line":10,"column":53}},"6":{"start":{"line":10,"column":41},"end":{"line":10,"column":53}},"7":{"start":{"line":11,"column":4},"end":{"line":12,"column":25}},"8":{"start":{"line":11,"column":39},"end":{"line":11,"column":53}},"9":{"start":{"line":12,"column":9},"end":{"line":12,"column":25}},"10":{"start":{"line":14,"column":2},"end":{"line":14,"column":15}},"11":{"start":{"line":1,"column":13},"end":{"line":1,"column":28}}},"fnMap":{"0":{"name":"(anonymous_0)","decl":{"start":{"line":1,"column":28},"end":{"line":1,"column":null}},"loc":{"start":{"line":4,"column":13},"end":{"line":15,"column":1}}}},"branchMap":{"0":{"loc":{"start":{"line":10,"column":4},"end":{"line":10,"column":53}},"type":"if","locations":[{"start":{"line":10,"column":4},"end":{"line":10,"column":53}}]},"1":{"loc":{"start":{"line":11,"column":4},"end":{"line":12,"column":25}},"type":"if","locations":[{"start":{"line":11,"column":4},"end":{"line":12,"column":25}},{"start":{"line":12,"column":9},"end":{"line":12,"column":25}}]}},"s":{"0":1,"1":4,"2":4,"3":4,"4":8,"5":8,"6":1,"7":7,"8":3,"9":4,"10":3,"11":1},"f":{"0":4},"b":{"0":[1],"1":[3,4]}}
,"/Users/robrichards/practice/sort.ts": {"path":"/Users/robrichards/practice/sort.ts","statementMap":{"0":{"start":{"line":1,"column":15},"end":{"line":9,"column":1}},"1":{"start":{"line":3,"column":12},"end":{"line":3,"column":14}},"2":{"start":{"line":4,"column":2},"end":{"line":6,"column":null}},"3":{"start":{"line":5,"column":4},"end":{"line":5,"column":74}},"4":{"start":{"line":8,"column":2},"end":{"line":8,"column":37}},"5":{"start":{"line":11,"column":25},"end":{"line":19,"column":1}},"6":{"start":{"line":13,"column":2},"end":{"line":13,"column":34}},"7":{"start":{"line":13,"column":23},"end":{"line":13,"column":34}},"8":{"start":{"line":15,"column":19},"end":{"line":15,"column":33}},"9":{"start":{"line":16,"column":15},"end":{"line":16,"column":38}},"10":{"start":{"line":18,"column":2},"end":{"line":18,"column":49}},"11":{"start":{"line":11,"column":13},"end":{"line":11,"column":25}},"12":{"start":{"line":21,"column":26},"end":{"line":32,"column":1}},"13":{"start":{"line":22,"column":2},"end":{"line":30,"column":null}},"14":{"start":{"line":22,"column":15},"end":{"line":22,"column":16}},"15":{"start":{"line":23,"column":4},"end":{"line":29,"column":null}},"16":{"start":{"line":23,"column":17},"end":{"line":23,"column":18}},"17":{"start":{"line":24,"column":6},"end":{"line":28,"column":null}},"18":{"start":{"line":25,"column":19},"end":{"line":25,"column":25}},"19":{"start":{"line":26,"column":8},"end":{"line":26,"column":28}},"20":{"start":{"line":27,"column":8},"end":{"line":27,"column":26}},"21":{"start":{"line":31,"column":2},"end":{"line":31,"column":13}},"22":{"start":{"line":21,"column":13},"end":{"line":21,"column":26}},"23":{"start":{"line":34,"column":35},"end":{"line":48,"column":1}},"24":{"start":{"line":37,"column":20},"end":{"line":37,"column":22}},"25":{"start":{"line":38,"column":17},"end":{"line":38,"column":19}},"26":{"start":{"line":40,"column":2},"end":{"line":42,"column":4}},"27":{"start":{"line":41,"column":4},"end":{"line":41,"column":71}},"28":{"start":{"line":44,"column":2},"end":{"line":47,"column":4}},"29":{"start":{"line":45,"column":29},"end":{"line":45,"column":34}},"30":{"start":{"line":46,"column":33},"end":{"line":46,"column":75}},"31":{"start":{"line":34,"column":13},"end":{"line":34,"column":35}}},"fnMap":{"0":{"name":"(anonymous_0)","decl":{"start":{"line":1,"column":15},"end":{"line":1,"column":16}},"loc":{"start":{"line":1,"column":76},"end":{"line":9,"column":1}}},"1":{"name":"(anonymous_1)","decl":{"start":{"line":11,"column":25},"end":{"line":11,"column":26}},"loc":{"start":{"line":11,"column":63},"end":{"line":19,"column":1}}},"2":{"name":"(anonymous_2)","decl":{"start":{"line":21,"column":26},"end":{"line":21,"column":27}},"loc":{"start":{"line":21,"column":64},"end":{"line":32,"column":1}}},"3":{"name":"(anonymous_3)","decl":{"start":{"line":34,"column":35},"end":{"line":34,"column":null}},"loc":{"start":{"line":36,"column":28},"end":{"line":48,"column":1}}},"4":{"name":"(anonymous_4)","decl":{"start":{"line":40,"column":14},"end":{"line":40,"column":15}},"loc":{"start":{"line":41,"column":4},"end":{"line":41,"column":71}}},"5":{"name":"(anonymous_5)","decl":{"start":{"line":45,"column":19},"end":{"line":45,"column":20}},"loc":{"start":{"line":45,"column":29},"end":{"line":45,"column":34}}},"6":{"name":"(anonymous_6)","decl":{"start":{"line":46,"column":22},"end":{"line":46,"column":23}},"loc":{"start":{"line":46,"column":33},"end":{"line":46,"column":75}}}},"branchMap":{"0":{"loc":{"start":{"line":4,"column":9},"end":{"line":4,"column":36}},"type":"binary-expr","locations":[{"start":{"line":4,"column":9},"end":{"line":4,"column":20}},{"start":{"line":4,"column":24},"end":{"line":4,"column":36}}]},"1":{"loc":{"start":{"line":5,"column":4},"end":{"line":5,"column":73}},"type":"cond-expr","locations":[{"start":{"line":5,"column":25},"end":{"line":5,"column":47}},{"start":{"line":5,"column":50},"end":{"line":5,"column":73}}]},"2":{"loc":{"start":{"line":13,"column":2},"end":{"line":13,"column":34}},"type":"if","locations":[{"start":{"line":13,"column":2},"end":{"line":13,"column":34}}]},"3":{"loc":{"start":{"line":24,"column":6},"end":{"line":28,"column":null}},"type":"if","locations":[{"start":{"line":24,"column":6},"end":{"line":28,"column":null}}]},"4":{"loc":{"start":{"line":41,"column":4},"end":{"line":41,"column":71}},"type":"cond-expr","locations":[{"start":{"line":41,"column":31},"end":{"line":41,"column":51}},{"start":{"line":41,"column":54},"end":{"line":41,"column":71}}]},"5":{"loc":{"start":{"line":46,"column":33},"end":{"line":46,"column":75}},"type":"cond-expr","locations":[{"start":{"line":46,"column":69},"end":{"line":46,"column":71}},{"start":{"line":46,"column":74},"end":{"line":46,"column":75}}]}},"s":{"0":1,"1":13,"2":13,"3":30,"4":13,"5":1,"6":29,"7":16,"8":13,"9":13,"10":13,"11":1,"12":1,"13":3,"14":3,"15":15,"16":15,"17":113,"18":33,"19":33,"20":33,"21":3,"22":1,"23":1,"24":4,"25":4,"26":4,"27":23,"28":4,"29":27,"30":10,"31":1},"f":{"0":13,"1":29,"2":3,"3":4,"4":23,"5":27,"6":10},"b":{"0":[43,36],"1":[14,16],"2":[16],"3":[33],"4":[8,15],"5":[4,6]}}
}
