{"/Users/robrichards/practice/date.ts": {"path":"/Users/robrichards/practice/date.ts","statementMap":{"0":{"start":{"line":2,"column":31},"end":{"line":5,"column":1}},"1":{"start":{"line":3,"column":17},"end":{"line":3,"column":40}},"2":{"start":{"line":4,"column":2},"end":{"line":4,"column":38}},"3":{"start":{"line":2,"column":13},"end":{"line":2,"column":31}},"4":{"start":{"line":7,"column":35},"end":{"line":17,"column":1}},"5":{"start":{"line":11,"column":2},"end":{"line":11,"column":46}},"6":{"start":{"line":11,"column":34},"end":{"line":11,"column":46}},"7":{"start":{"line":12,"column":21},"end":{"line":12,"column":55}},"8":{"start":{"line":14,"column":2},"end":{"line":15,"column":16}},"9":{"start":{"line":14,"column":33},"end":{"line":14,"column":52}},"10":{"start":{"line":15,"column":4},"end":{"line":15,"column":16}},"11":{"start":{"line":16,"column":2},"end":{"line":16,"column":15}},"12":{"start":{"line":7,"column":13},"end":{"line":7,"column":35}},"13":{"start":{"line":24,"column":34},"end":{"line":38,"column":1}},"14":{"start":{"line":28,"column":2},"end":{"line":30,"column":null}},"15":{"start":{"line":29,"column":4},"end":{"line":29,"column":17}},"16":{"start":{"line":31,"column":2},"end":{"line":36,"column":null}},"17":{"start":{"line":35,"column":4},"end":{"line":35,"column":17}},"18":{"start":{"line":37,"column":2},"end":{"line":37,"column":14}},"19":{"start":{"line":24,"column":13},"end":{"line":24,"column":34}},"20":{"start":{"line":51,"column":28},"end":{"line":55,"column":1}},"21":{"start":{"line":52,"column":2},"end":{"line":54,"column":4}},"22":{"start":{"line":58,"column":48},"end":{"line":120,"column":1}},"23":{"start":{"line":62,"column":2},"end":{"line":67,"column":null}},"24":{"start":{"line":63,"column":4},"end":{"line":65,"column":null}},"25":{"start":{"line":68,"column":48},"end":{"line":68,"column":62}},"26":{"start":{"line":70,"column":2},"end":{"line":73,"column":17}},"27":{"start":{"line":75,"column":2},"end":{"line":83,"column":null}},"28":{"start":{"line":78,"column":4},"end":{"line":82,"column":6}},"29":{"start":{"line":84,"column":30},"end":{"line":84,"column":65}},"30":{"start":{"line":85,"column":42},"end":{"line":85,"column":61}},"31":{"start":{"line":86,"column":40},"end":{"line":86,"column":41}},"32":{"start":{"line":87,"column":37},"end":{"line":87,"column":38}},"33":{"start":{"line":89,"column":2},"end":{"line":108,"column":5}},"34":{"start":{"line":90,"column":46},"end":{"line":90,"column":50}},"35":{"start":{"line":92,"column":4},"end":{"line":107,"column":null}},"36":{"start":{"line":93,"column":6},"end":{"line":96,"column":35}},"37":{"start":{"line":97,"column":6},"end":{"line":100,"column":35}},"38":{"start":{"line":102,"column":44},"end":{"line":102,"column":77}},"39":{"start":{"line":103,"column":6},"end":{"line":103,"column":73}},"40":{"start":{"line":104,"column":6},"end":{"line":105,"column":49}},"41":{"start":{"line":106,"column":6},"end":{"line":106,"column":78}},"42":{"start":{"line":110,"column":2},"end":{"line":111,"column":72}},"43":{"start":{"line":112,"column":2},"end":{"line":113,"column":69}},"44":{"start":{"line":115,"column":2},"end":{"line":119,"column":4}},"45":{"start":{"line":58,"column":13},"end":{"line":58,"column":48}}},"fnMap":{"0":{"name":"(anonymous_0)","decl":{"start":{"line":2,"column":31},"end":{"line":2,"column":32}},"loc":{"start":{"line":2,"column":57},"end":{"line":5,"column":1}}},"1":{"name":"(anonymous_1)","decl":{"start":{"line":7,"column":35},"end":{"line":7,"column":null}},"loc":{"start":{"line":10,"column":13},"end":{"line":17,"column":1}}},"2":{"name":"(anonymous_2)","decl":{"start":{"line":14,"column":23},"end":{"line":14,"column":24}},"loc":{"start":{"line":14,"column":33},"end":{"line":14,"column":52}}},"3":{"name":"(anonymous_3)","decl":{"start":{"line":24,"column":34},"end":{"line":24,"column":null}},"loc":{"start":{"line":27,"column":13},"end":{"line":38,"column":1}}},"4":{"name":"(anonymous_4)","decl":{"start":{"line":51,"column":28},"end":{"line":51,"column":29}},"loc":{"start":{"line":51,"column":67},"end":{"line":55,"column":1}}},"5":{"name":"(anonymous_5)","decl":{"start":{"line":58,"column":48},"end":{"line":58,"column":null}},"loc":{"start":{"line":61,"column":23},"end":{"line":120,"column":1}}},"6":{"name":"(anonymous_6)","decl":{"start":{"line":89,"column":20},"end":{"line":89,"column":21}},"loc":{"start":{"line":89,"column":29},"end":{"line":108,"column":3}}}},"branchMap":{"0":{"loc":{"start":{"line":4,"column":9},"end":{"line":4,"column":37}},"type":"binary-expr","locations":[{"start":{"line":4,"column":9},"end":{"line":4,"column":21}},{"start":{"line":4,"column":25},"end":{"line":4,"column":37}}]},"1":{"loc":{"start":{"line":11,"column":2},"end":{"line":11,"column":46}},"type":"if","locations":[{"start":{"line":11,"column":2},"end":{"line":11,"column":46}}]},"2":{"loc":{"start":{"line":14,"column":2},"end":{"line":15,"column":16}},"type":"if","locations":[{"start":{"line":14,"column":2},"end":{"line":15,"column":16}}]},"3":{"loc":{"start":{"line":28,"column":2},"end":{"line":30,"column":null}},"type":"if","locations":[{"start":{"line":28,"column":2},"end":{"line":30,"column":null}}]},"4":{"loc":{"start":{"line":31,"column":2},"end":{"line":36,"column":null}},"type":"if","locations":[{"start":{"line":31,"column":2},"end":{"line":36,"column":null}}]},"5":{"loc":{"start":{"line":33,"column":5},"end":{"line":33,"column":73}},"type":"cond-expr","locations":[{"start":{"line":33,"column":29},"end":{"line":33,"column":60}},{"start":{"line":33,"column":63},"end":{"line":33,"column":73}}]},"6":{"loc":{"start":{"line":62,"column":2},"end":{"line":67,"column":null}},"type":"if","locations":[{"start":{"line":62,"column":2},"end":{"line":67,"column":null}}]},"7":{"loc":{"start":{"line":70,"column":48},"end":{"line":73,"column":16}},"type":"cond-expr","locations":[{"start":{"line":72,"column":6},"end":{"line":72,"column":49}},{"start":{"line":73,"column":6},"end":{"line":73,"column":16}}]},"8":{"loc":{"start":{"line":75,"column":2},"end":{"line":83,"column":null}},"type":"if","locations":[{"start":{"line":75,"column":2},"end":{"line":83,"column":null}}]},"9":{"loc":{"start":{"line":92,"column":4},"end":{"line":107,"column":null}},"type":"if","locations":[{"start":{"line":92,"column":4},"end":{"line":107,"column":null}}]},"10":{"loc":{"start":{"line":94,"column":8},"end":{"line":96,"column":34}},"type":"cond-expr","locations":[{"start":{"line":95,"column":12},"end":{"line":95,"column":32}},{"start":{"line":96,"column":12},"end":{"line":96,"column":34}}]},"11":{"loc":{"start":{"line":98,"column":8},"end":{"line":100,"column":34}},"type":"cond-expr","locations":[{"start":{"line":99,"column":12},"end":{"line":99,"column":36}},{"start":{"line":100,"column":12},"end":{"line":100,"column":34}}]}},"s":{"0":1,"1":11,"2":11,"3":1,"4":1,"5":6,"6":2,"7":4,"8":4,"9":8,"10":2,"11":2,"12":1,"13":1,"14":25,"15":5,"16":20,"17":6,"18":14,"19":1,"20":1,"21":9,"22":1,"23":7,"24":1,"25":6,"26":6,"27":6,"28":2,"29":4,"30":4,"31":4,"32":4,"33":4,"34":12,"35":12,"36":5,"37":5,"38":5,"39":5,"40":5,"41":5,"42":4,"43":4,"44":4,"45":1},"f":{"0":11,"1":6,"2":8,"3":25,"4":9,"5":7,"6":12},"b":{"0":[11,9],"1":[2],"2":[2],"3":[5],"4":[6],"5":[18,2],"6":[1],"7":[1,5],"8":[2],"9":[5],"10":[3,2],"11":[1,4]}}
,"/Users/robrichards/practice/faang.ts": {"path":"/Users/robrichards/practice/faang.ts","statementMap":{"0":{"start":{"line":1,"column":21},"end":{"line":9,"column":1}},"1":{"start":{"line":2,"column":22},"end":{"line":2,"column":24}},"2":{"start":{"line":3,"column":2},"end":{"line":7,"column":6}},"3":{"start":{"line":6,"column":6},"end":{"line":6,"column":63}},"4":{"start":{"line":8,"column":2},"end":{"line":8,"column":30}},"5":{"start":{"line":16,"column":36},"end":{"line":18,"column":1}},"6":{"start":{"line":17,"column":2},"end":{"line":17,"column":51}},"7":{"start":{"line":16,"column":13},"end":{"line":16,"column":36}},"8":{"start":{"line":20,"column":39},"end":{"line":58,"column":1}},"9":{"start":{"line":24,"column":11},"end":{"line":24,"column":26}},"10":{"start":{"line":25,"column":9},"end":{"line":25,"column":24}},"11":{"start":{"line":27,"column":2},"end":{"line":56,"column":null}},"12":{"start":{"line":28,"column":4},"end":{"line":55,"column":null}},"13":{"start":{"line":29,"column":6},"end":{"line":38,"column":null}},"14":{"start":{"line":30,"column":24},"end":{"line":30,"column":25}},"15":{"start":{"line":31,"column":8},"end":{"line":37,"column":null}},"16":{"start":{"line":32,"column":10},"end":{"line":32,"column":15}},"17":{"start":{"line":33,"column":10},"end":{"line":33,"column":22}},"18":{"start":{"line":34,"column":10},"end":{"line":36,"column":null}},"19":{"start":{"line":35,"column":12},"end":{"line":35,"column":27}},"20":{"start":{"line":39,"column":6},"end":{"line":48,"column":null}},"21":{"start":{"line":40,"column":24},"end":{"line":40,"column":25}},"22":{"start":{"line":41,"column":8},"end":{"line":47,"column":null}},"23":{"start":{"line":42,"column":10},"end":{"line":42,"column":15}},"24":{"start":{"line":43,"column":10},"end":{"line":43,"column":22}},"25":{"start":{"line":44,"column":10},"end":{"line":46,"column":null}},"26":{"start":{"line":45,"column":12},"end":{"line":45,"column":27}},"27":{"start":{"line":50,"column":6},"end":{"line":52,"column":null}},"28":{"start":{"line":51,"column":8},"end":{"line":51,"column":21}},"29":{"start":{"line":53,"column":6},"end":{"line":53,"column":11}},"30":{"start":{"line":54,"column":6},"end":{"line":54,"column":11}},"31":{"start":{"line":57,"column":2},"end":{"line":57,"column":14}},"32":{"start":{"line":20,"column":13},"end":{"line":20,"column":39}},"33":{"start":{"line":65,"column":57},"end":{"line":96,"column":1}},"34":{"start":{"line":68,"column":11},"end":{"line":68,"column":12}},"35":{"start":{"line":69,"column":11},"end":{"line":69,"column":12}},"36":{"start":{"line":70,"column":23},"end":{"line":70,"column":30}},"37":{"start":{"line":71,"column":28},"end":{"line":71,"column":29}},"38":{"start":{"line":72,"column":28},"end":{"line":72,"column":29}},"39":{"start":{"line":74,"column":2},"end":{"line":74,"column":41}},"40":{"start":{"line":74,"column":23},"end":{"line":74,"column":41}},"41":{"start":{"line":76,"column":2},"end":{"line":93,"column":null}},"42":{"start":{"line":77,"column":4},"end":{"line":92,"column":null}},"43":{"start":{"line":78,"column":6},"end":{"line":78,"column":14}},"44":{"start":{"line":79,"column":6},"end":{"line":79,"column":31}},"45":{"start":{"line":80,"column":6},"end":{"line":80,"column":11}},"46":{"start":{"line":81,"column":6},"end":{"line":83,"column":null}},"47":{"start":{"line":82,"column":8},"end":{"line":82,"column":50}},"48":{"start":{"line":84,"column":6},"end":{"line":84,"column":30}},"49":{"start":{"line":86,"column":6},"end":{"line":86,"column":28}},"50":{"start":{"line":87,"column":6},"end":{"line":87,"column":31}},"51":{"start":{"line":88,"column":6},"end":{"line":88,"column":11}},"52":{"start":{"line":89,"column":6},"end":{"line":91,"column":null}},"53":{"start":{"line":90,"column":8},"end":{"line":90,"column":50}},"54":{"start":{"line":95,"column":2},"end":{"line":95,"column":29}},"55":{"start":{"line":65,"column":13},"end":{"line":65,"column":57}},"56":{"start":{"line":98,"column":54},"end":{"line":115,"column":1}},"57":{"start":{"line":99,"column":2},"end":{"line":99,"column":41}},"58":{"start":{"line":99,"column":23},"end":{"line":99,"column":41}},"59":{"start":{"line":100,"column":13},"end":{"line":100,"column":14}},"60":{"start":{"line":101,"column":18},"end":{"line":101,"column":20}},"61":{"start":{"line":102,"column":28},"end":{"line":102,"column":29}},"62":{"start":{"line":104,"column":2},"end":{"line":112,"column":null}},"63":{"start":{"line":104,"column":19},"end":{"line":104,"column":20}},"64":{"start":{"line":105,"column":24},"end":{"line":105,"column":34}},"65":{"start":{"line":106,"column":25},"end":{"line":106,"column":45}},"66":{"start":{"line":107,"column":4},"end":{"line":109,"column":null}},"67":{"start":{"line":108,"column":6},"end":{"line":108,"column":30}},"68":{"start":{"line":110,"column":4},"end":{"line":110,"column":33}},"69":{"start":{"line":111,"column":4},"end":{"line":111,"column":74}},"70":{"start":{"line":114,"column":2},"end":{"line":114,"column":29}},"71":{"start":{"line":98,"column":13},"end":{"line":98,"column":54}},"72":{"start":{"line":120,"column":37},"end":{"line":138,"column":1}},"73":{"start":{"line":121,"column":2},"end":{"line":125,"column":14}},"74":{"start":{"line":124,"column":22},"end":{"line":124,"column":43}},"75":{"start":{"line":127,"column":13},"end":{"line":127,"column":14}},"76":{"start":{"line":128,"column":14},"end":{"line":128,"column":28}},"77":{"start":{"line":130,"column":2},"end":{"line":136,"column":null}},"78":{"start":{"line":131,"column":4},"end":{"line":133,"column":null}},"79":{"start":{"line":132,"column":6},"end":{"line":132,"column":19}},"80":{"start":{"line":134,"column":4},"end":{"line":134,"column":11}},"81":{"start":{"line":135,"column":4},"end":{"line":135,"column":12}},"82":{"start":{"line":137,"column":2},"end":{"line":137,"column":14}},"83":{"start":{"line":120,"column":13},"end":{"line":120,"column":37}},"84":{"start":{"line":140,"column":29},"end":{"line":153,"column":1}},"85":{"start":{"line":145,"column":2},"end":{"line":151,"column":null}},"86":{"start":{"line":146,"column":4},"end":{"line":148,"column":null}},"87":{"start":{"line":147,"column":6},"end":{"line":147,"column":19}},"88":{"start":{"line":149,"column":4},"end":{"line":149,"column":11}},"89":{"start":{"line":150,"column":4},"end":{"line":150,"column":12}},"90":{"start":{"line":152,"column":2},"end":{"line":152,"column":14}},"91":{"start":{"line":157,"column":40},"end":{"line":174,"column":1}},"92":{"start":{"line":158,"column":2},"end":{"line":158,"column":55}},"93":{"start":{"line":160,"column":13},"end":{"line":160,"column":14}},"94":{"start":{"line":161,"column":12},"end":{"line":161,"column":26}},"95":{"start":{"line":163,"column":2},"end":{"line":172,"column":null}},"96":{"start":{"line":164,"column":4},"end":{"line":169,"column":null}},"97":{"start":{"line":165,"column":6},"end":{"line":168,"column":8}},"98":{"start":{"line":170,"column":4},"end":{"line":170,"column":11}},"99":{"start":{"line":171,"column":4},"end":{"line":171,"column":12}},"100":{"start":{"line":173,"column":2},"end":{"line":173,"column":14}},"101":{"start":{"line":157,"column":13},"end":{"line":157,"column":40}}},"fnMap":{"0":{"name":"(anonymous_0)","decl":{"start":{"line":1,"column":21},"end":{"line":1,"column":22}},"loc":{"start":{"line":1,"column":48},"end":{"line":9,"column":1}}},"1":{"name":"(anonymous_1)","decl":{"start":{"line":5,"column":13},"end":{"line":5,"column":14}},"loc":{"start":{"line":6,"column":6},"end":{"line":6,"column":63}}},"2":{"name":"(anonymous_2)","decl":{"start":{"line":16,"column":36},"end":{"line":16,"column":37}},"loc":{"start":{"line":16,"column":76},"end":{"line":18,"column":1}}},"3":{"name":"(anonymous_3)","decl":{"start":{"line":20,"column":39},"end":{"line":20,"column":null}},"loc":{"start":{"line":23,"column":13},"end":{"line":58,"column":1}}},"4":{"name":"(anonymous_4)","decl":{"start":{"line":65,"column":57},"end":{"line":65,"column":null}},"loc":{"start":{"line":67,"column":12},"end":{"line":96,"column":1}}},"5":{"name":"(anonymous_5)","decl":{"start":{"line":98,"column":54},"end":{"line":98,"column":55}},"loc":{"start":{"line":98,"column":78},"end":{"line":115,"column":1}}},"6":{"name":"(anonymous_6)","decl":{"start":{"line":120,"column":37},"end":{"line":120,"column":38}},"loc":{"start":{"line":120,"column":62},"end":{"line":138,"column":1}}},"7":{"name":"(anonymous_7)","decl":{"start":{"line":124,"column":12},"end":{"line":124,"column":13}},"loc":{"start":{"line":124,"column":22},"end":{"line":124,"column":43}}},"8":{"name":"(anonymous_8)","decl":{"start":{"line":140,"column":29},"end":{"line":140,"column":null}},"loc":{"start":{"line":144,"column":13},"end":{"line":153,"column":1}}},"9":{"name":"(anonymous_9)","decl":{"start":{"line":157,"column":40},"end":{"line":157,"column":41}},"loc":{"start":{"line":157,"column":65},"end":{"line":174,"column":1}}}},"branchMap":{"0":{"loc":{"start":{"line":6,"column":6},"end":{"line":6,"column":63}},"type":"cond-expr","locations":[{"start":{"line":6,"column":21},"end":{"line":6,"column":43}},{"start":{"line":6,"column":46},"end":{"line":6,"column":63}}]},"1":{"loc":{"start":{"line":27,"column":9},"end":{"line":27,"column":27}},"type":"binary-expr","locations":[{"start":{"line":27,"column":9},"end":{"line":27,"column":16}},{"start":{"line":27,"column":20},"end":{"line":27,"column":27}}]},"2":{"loc":{"start":{"line":28,"column":4},"end":{"line":55,"column":null}},"type":"if","locations":[{"start":{"line":28,"column":4},"end":{"line":55,"column":null}},{"start":{"line":49,"column":11},"end":{"line":55,"column":null}}]},"3":{"loc":{"start":{"line":28,"column":8},"end":{"line":28,"column":44}},"type":"binary-expr","locations":[{"start":{"line":28,"column":8},"end":{"line":28,"column":24}},{"start":{"line":28,"column":28},"end":{"line":28,"column":44}}]},"4":{"loc":{"start":{"line":29,"column":6},"end":{"line":38,"column":null}},"type":"if","locations":[{"start":{"line":29,"column":6},"end":{"line":38,"column":null}}]},"5":{"loc":{"start":{"line":34,"column":10},"end":{"line":36,"column":null}},"type":"if","locations":[{"start":{"line":34,"column":10},"end":{"line":36,"column":null}}]},"6":{"loc":{"start":{"line":39,"column":6},"end":{"line":48,"column":null}},"type":"if","locations":[{"start":{"line":39,"column":6},"end":{"line":48,"column":null}}]},"7":{"loc":{"start":{"line":44,"column":10},"end":{"line":46,"column":null}},"type":"if","locations":[{"start":{"line":44,"column":10},"end":{"line":46,"column":null}}]},"8":{"loc":{"start":{"line":50,"column":6},"end":{"line":52,"column":null}},"type":"if","locations":[{"start":{"line":50,"column":6},"end":{"line":52,"column":null}}]},"9":{"loc":{"start":{"line":74,"column":2},"end":{"line":74,"column":41}},"type":"if","locations":[{"start":{"line":74,"column":2},"end":{"line":74,"column":41}}]},"10":{"loc":{"start":{"line":76,"column":9},"end":{"line":76,"column":53}},"type":"binary-expr","locations":[{"start":{"line":76,"column":9},"end":{"line":76,"column":29}},{"start":{"line":76,"column":33},"end":{"line":76,"column":53}}]},"11":{"loc":{"start":{"line":77,"column":4},"end":{"line":92,"column":null}},"type":"if","locations":[{"start":{"line":77,"column":4},"end":{"line":92,"column":null}},{"start":{"line":85,"column":11},"end":{"line":92,"column":null}}]},"12":{"loc":{"start":{"line":81,"column":6},"end":{"line":83,"column":null}},"type":"if","locations":[{"start":{"line":81,"column":6},"end":{"line":83,"column":null}}]},"13":{"loc":{"start":{"line":89,"column":6},"end":{"line":91,"column":null}},"type":"if","locations":[{"start":{"line":89,"column":6},"end":{"line":91,"column":null}}]},"14":{"loc":{"start":{"line":99,"column":2},"end":{"line":99,"column":41}},"type":"if","locations":[{"start":{"line":99,"column":2},"end":{"line":99,"column":41}}]},"15":{"loc":{"start":{"line":107,"column":4},"end":{"line":109,"column":null}},"type":"if","locations":[{"start":{"line":107,"column":4},"end":{"line":109,"column":null}}]},"16":{"loc":{"start":{"line":131,"column":4},"end":{"line":133,"column":null}},"type":"if","locations":[{"start":{"line":131,"column":4},"end":{"line":133,"column":null}}]},"17":{"loc":{"start":{"line":146,"column":4},"end":{"line":148,"column":null}},"type":"if","locations":[{"start":{"line":146,"column":4},"end":{"line":148,"column":null}}]},"18":{"loc":{"start":{"line":164,"column":4},"end":{"line":169,"column":null}},"type":"if","locations":[{"start":{"line":164,"column":4},"end":{"line":169,"column":null}}]},"19":{"loc":{"start":{"line":166,"column":8},"end":{"line":167,"column":50}},"type":"binary-expr","locations":[{"start":{"line":166,"column":8},"end":{"line":166,"column":50}},{"start":{"line":167,"column":8},"end":{"line":167,"column":50}}]}},"s":{"0":1,"1":14,"2":14,"3":67,"4":14,"5":1,"6":7,"7":1,"8":1,"9":7,"10":7,"11":7,"12":28,"13":7,"14":2,"15":2,"16":8,"17":8,"18":8,"19":2,"20":7,"21":7,"22":7,"23":14,"24":14,"25":14,"26":0,"27":21,"28":3,"29":18,"30":18,"31":4,"32":1,"33":1,"34":8,"35":8,"36":8,"37":8,"38":8,"39":8,"40":1,"41":7,"42":28,"43":14,"44":14,"45":14,"46":14,"47":2,"48":14,"49":14,"50":14,"51":14,"52":14,"53":9,"54":7,"55":1,"56":1,"57":8,"58":1,"59":7,"60":7,"61":7,"62":7,"63":7,"64":36,"65":36,"66":36,"67":17,"68":36,"69":36,"70":7,"71":1,"72":1,"73":8,"74":66,"75":8,"76":8,"77":8,"78":24,"79":2,"80":22,"81":22,"82":6,"83":1,"84":1,"85":10,"86":9,"87":8,"88":1,"89":1,"90":2,"91":1,"92":12,"93":12,"94":12,"95":12,"96":32,"97":6,"98":26,"99":26,"100":6,"101":1},"f":{"0":14,"1":67,"2":7,"3":7,"4":8,"5":8,"6":8,"7":66,"8":10,"9":12},"b":{"0":[56,11],"1":[32,4],"2":[7,21],"3":[28,26],"4":[2],"5":[2],"6":[7],"7":[0],"8":[3],"9":[1],"10":[35,35],"11":[14,14],"12":[2],"13":[9],"14":[1],"15":[17],"16":[2],"17":[8],"18":[6],"19":[6,4]}}
,"/Users/robrichards/practice/index.ts": {"path":"/Users/robrichards/practice/index.ts","statementMap":{"0":{"start":{"line":1,"column":25},"end":{"line":5,"column":41}},"1":{"start":{"line":2,"column":2},"end":{"line":5,"column":41}},"2":{"start":{"line":4,"column":19},"end":{"line":4,"column":24}},"3":{"start":{"line":5,"column":27},"end":{"line":5,"column":37}},"4":{"start":{"line":1,"column":13},"end":{"line":1,"column":25}},"5":{"start":{"line":7,"column":28},"end":{"line":7,"column":71}},"6":{"start":{"line":7,"column":51},"end":{"line":7,"column":71}},"7":{"start":{"line":7,"column":13},"end":{"line":7,"column":28}},"8":{"start":{"line":9,"column":28},"end":{"line":11,"column":1}},"9":{"start":{"line":10,"column":2},"end":{"line":10,"column":67}},"10":{"start":{"line":10,"column":46},"end":{"line":10,"column":65}},"11":{"start":{"line":9,"column":13},"end":{"line":9,"column":28}},"12":{"start":{"line":13,"column":29},"end":{"line":18,"column":13}},"13":{"start":{"line":14,"column":2},"end":{"line":18,"column":13}},"14":{"start":{"line":16,"column":22},"end":{"line":16,"column":43}},"15":{"start":{"line":13,"column":13},"end":{"line":13,"column":29}},"16":{"start":{"line":20,"column":31},"end":{"line":23,"column":1}},"17":{"start":{"line":21,"column":24},"end":{"line":21,"column":40}},"18":{"start":{"line":22,"column":2},"end":{"line":22,"column":50}},"19":{"start":{"line":20,"column":13},"end":{"line":20,"column":31}},"20":{"start":{"line":25,"column":37},"end":{"line":26,"column":78}},"21":{"start":{"line":26,"column":2},"end":{"line":26,"column":78}},"22":{"start":{"line":26,"column":36},"end":{"line":26,"column":72}},"23":{"start":{"line":25,"column":13},"end":{"line":25,"column":37}},"24":{"start":{"line":28,"column":28},"end":{"line":43,"column":1}},"25":{"start":{"line":29,"column":20},"end":{"line":29,"column":37}},"26":{"start":{"line":30,"column":14},"end":{"line":30,"column":15}},"27":{"start":{"line":31,"column":12},"end":{"line":31,"column":32}},"28":{"start":{"line":33,"column":2},"end":{"line":33,"column":41}},"29":{"start":{"line":33,"column":28},"end":{"line":33,"column":41}},"30":{"start":{"line":35,"column":2},"end":{"line":41,"column":null}},"31":{"start":{"line":36,"column":4},"end":{"line":38,"column":null}},"32":{"start":{"line":37,"column":6},"end":{"line":37,"column":19}},"33":{"start":{"line":39,"column":4},"end":{"line":39,"column":12}},"34":{"start":{"line":40,"column":4},"end":{"line":40,"column":10}},"35":{"start":{"line":42,"column":2},"end":{"line":42,"column":14}},"36":{"start":{"line":28,"column":13},"end":{"line":28,"column":28}},"37":{"start":{"line":45,"column":29},"end":{"line":61,"column":1}},"38":{"start":{"line":46,"column":2},"end":{"line":60,"column":null}},"39":{"start":{"line":49,"column":6},"end":{"line":49,"column":17}},"40":{"start":{"line":51,"column":6},"end":{"line":51,"column":17}},"41":{"start":{"line":53,"column":6},"end":{"line":53,"column":17}},"42":{"start":{"line":55,"column":6},"end":{"line":55,"column":17}},"43":{"start":{"line":57,"column":6},"end":{"line":57,"column":17}},"44":{"start":{"line":59,"column":6},"end":{"line":59,"column":29}},"45":{"start":{"line":45,"column":13},"end":{"line":45,"column":29}},"46":{"start":{"line":63,"column":32},"end":{"line":64,"column":47}},"47":{"start":{"line":64,"column":2},"end":{"line":64,"column":47}},"48":{"start":{"line":64,"column":20},"end":{"line":64,"column":45}},"49":{"start":{"line":63,"column":13},"end":{"line":63,"column":32}},"50":{"start":{"line":66,"column":45},"end":{"line":68,"column":66}},"51":{"start":{"line":68,"column":20},"end":{"line":68,"column":66}},"52":{"start":{"line":68,"column":40},"end":{"line":68,"column":65}},"53":{"start":{"line":66,"column":13},"end":{"line":66,"column":45}},"54":{"start":{"line":70,"column":38},"end":{"line":73,"column":63}},"55":{"start":{"line":73,"column":14},"end":{"line":73,"column":63}},"56":{"start":{"line":73,"column":37},"end":{"line":73,"column":49}},"57":{"start":{"line":70,"column":13},"end":{"line":70,"column":38}},"58":{"start":{"line":75,"column":38},"end":{"line":86,"column":1}},"59":{"start":{"line":76,"column":25},"end":{"line":76,"column":26}},"60":{"start":{"line":77,"column":23},"end":{"line":77,"column":24}},"61":{"start":{"line":79,"column":2},"end":{"line":81,"column":4}},"62":{"start":{"line":80,"column":4},"end":{"line":80,"column":64}},"63":{"start":{"line":83,"column":2},"end":{"line":85,"column":22}},"64":{"start":{"line":75,"column":13},"end":{"line":75,"column":38}},"65":{"start":{"line":88,"column":25},"end":{"line":105,"column":1}},"66":{"start":{"line":89,"column":2},"end":{"line":89,"column":48}},"67":{"start":{"line":89,"column":35},"end":{"line":89,"column":48}},"68":{"start":{"line":90,"column":20},"end":{"line":90,"column":22}},"69":{"start":{"line":91,"column":2},"end":{"line":96,"column":7}},"70":{"start":{"line":95,"column":6},"end":{"line":95,"column":73}},"71":{"start":{"line":98,"column":2},"end":{"line":102,"column":null}},"72":{"start":{"line":99,"column":4},"end":{"line":99,"column":54}},"73":{"start":{"line":99,"column":41},"end":{"line":99,"column":54}},"74":{"start":{"line":100,"column":4},"end":{"line":100,"column":46}},"75":{"start":{"line":100,"column":33},"end":{"line":100,"column":46}},"76":{"start":{"line":101,"column":4},"end":{"line":101,"column":51}},"77":{"start":{"line":101,"column":31},"end":{"line":101,"column":51}},"78":{"start":{"line":104,"column":2},"end":{"line":104,"column":14}},"79":{"start":{"line":88,"column":13},"end":{"line":88,"column":25}},"80":{"start":{"line":107,"column":32},"end":{"line":117,"column":1}},"81":{"start":{"line":108,"column":24},"end":{"line":108,"column":25}},"82":{"start":{"line":110,"column":2},"end":{"line":114,"column":null}},"83":{"start":{"line":111,"column":4},"end":{"line":111,"column":40}},"84":{"start":{"line":111,"column":22},"end":{"line":111,"column":40}},"85":{"start":{"line":112,"column":4},"end":{"line":112,"column":60}},"86":{"start":{"line":112,"column":47},"end":{"line":112,"column":60}},"87":{"start":{"line":113,"column":4},"end":{"line":113,"column":65}},"88":{"start":{"line":113,"column":47},"end":{"line":113,"column":65}},"89":{"start":{"line":116,"column":2},"end":{"line":116,"column":31}},"90":{"start":{"line":107,"column":13},"end":{"line":107,"column":32}},"91":{"start":{"line":122,"column":35},"end":{"line":133,"column":1}},"92":{"start":{"line":123,"column":21},"end":{"line":123,"column":41}},"93":{"start":{"line":125,"column":2},"end":{"line":131,"column":null}},"94":{"start":{"line":125,"column":15},"end":{"line":125,"column":16}},"95":{"start":{"line":126,"column":4},"end":{"line":130,"column":null}},"96":{"start":{"line":126,"column":17},"end":{"line":126,"column":18}},"97":{"start":{"line":127,"column":6},"end":{"line":129,"column":null}},"98":{"start":{"line":128,"column":8},"end":{"line":128,"column":48}},"99":{"start":{"line":132,"column":2},"end":{"line":132,"column":22}},"100":{"start":{"line":122,"column":13},"end":{"line":122,"column":35}},"101":{"start":{"line":135,"column":34},"end":{"line":152,"column":1}},"102":{"start":{"line":136,"column":12},"end":{"line":136,"column":21}},"103":{"start":{"line":137,"column":2},"end":{"line":137,"column":20}},"104":{"start":{"line":138,"column":2},"end":{"line":138,"column":20}},"105":{"start":{"line":139,"column":2},"end":{"line":139,"column":20}},"106":{"start":{"line":140,"column":10},"end":{"line":140,"column":12}},"107":{"start":{"line":141,"column":2},"end":{"line":150,"column":null}},"108":{"start":{"line":141,"column":15},"end":{"line":141,"column":16}},"109":{"start":{"line":142,"column":4},"end":{"line":149,"column":null}},"110":{"start":{"line":143,"column":6},"end":{"line":143,"column":21}},"111":{"start":{"line":145,"column":16},"end":{"line":145,"column":23}},"112":{"start":{"line":146,"column":6},"end":{"line":148,"column":null}},"113":{"start":{"line":147,"column":8},"end":{"line":147,"column":21}},"114":{"start":{"line":151,"column":2},"end":{"line":151,"column":24}},"115":{"start":{"line":135,"column":13},"end":{"line":135,"column":34}},"116":{"start":{"line":154,"column":44},"end":{"line":177,"column":1}},"117":{"start":{"line":158,"column":2},"end":{"line":158,"column":24}},"118":{"start":{"line":158,"column":15},"end":{"line":158,"column":24}},"119":{"start":{"line":159,"column":2},"end":{"line":159,"column":27}},"120":{"start":{"line":159,"column":17},"end":{"line":159,"column":27}},"121":{"start":{"line":160,"column":2},"end":{"line":160,"column":49}},"122":{"start":{"line":160,"column":39},"end":{"line":160,"column":49}},"123":{"start":{"line":162,"column":11},"end":{"line":162,"column":12}},"124":{"start":{"line":163,"column":11},"end":{"line":163,"column":12}},"125":{"start":{"line":165,"column":2},"end":{"line":173,"column":null}},"126":{"start":{"line":166,"column":4},"end":{"line":172,"column":null}},"127":{"start":{"line":167,"column":6},"end":{"line":167,"column":11}},"128":{"start":{"line":168,"column":6},"end":{"line":168,"column":11}},"129":{"start":{"line":170,"column":6},"end":{"line":170,"column":21}},"130":{"start":{"line":171,"column":6},"end":{"line":171,"column":13}},"131":{"start":{"line":174,"column":2},"end":{"line":174,"column":43}},"132":{"start":{"line":174,"column":28},"end":{"line":174,"column":43}},"133":{"start":{"line":176,"column":2},"end":{"line":176,"column":12}},"134":{"start":{"line":154,"column":13},"end":{"line":154,"column":44}},"135":{"start":{"line":179,"column":28},"end":{"line":184,"column":1}},"136":{"start":{"line":183,"column":2},"end":{"line":183,"column":79}},"137":{"start":{"line":183,"column":37},"end":{"line":183,"column":65}},"138":{"start":{"line":179,"column":13},"end":{"line":179,"column":28}},"139":{"start":{"line":186,"column":27},"end":{"line":200,"column":1}},"140":{"start":{"line":187,"column":14},"end":{"line":187,"column":16}},"141":{"start":{"line":188,"column":12},"end":{"line":188,"column":13}},"142":{"start":{"line":189,"column":13},"end":{"line":189,"column":14}},"143":{"start":{"line":190,"column":2},"end":{"line":192,"column":5}},"144":{"start":{"line":191,"column":4},"end":{"line":191,"column":49}},"145":{"start":{"line":193,"column":2},"end":{"line":198,"column":null}},"146":{"start":{"line":194,"column":4},"end":{"line":197,"column":null}},"147":{"start":{"line":195,"column":6},"end":{"line":195,"column":21}},"148":{"start":{"line":196,"column":6},"end":{"line":196,"column":29}},"149":{"start":{"line":199,"column":2},"end":{"line":199,"column":16}},"150":{"start":{"line":186,"column":13},"end":{"line":186,"column":27}},"151":{"start":{"line":202,"column":27},"end":{"line":223,"column":1}},"152":{"start":{"line":203,"column":18},"end":{"line":203,"column":67}},"153":{"start":{"line":204,"column":2},"end":{"line":204,"column":28}},"154":{"start":{"line":205,"column":2},"end":{"line":208,"column":null}},"155":{"start":{"line":206,"column":4},"end":{"line":206,"column":49}},"156":{"start":{"line":207,"column":4},"end":{"line":207,"column":45}},"157":{"start":{"line":209,"column":2},"end":{"line":212,"column":null}},"158":{"start":{"line":210,"column":4},"end":{"line":210,"column":46}},"159":{"start":{"line":211,"column":4},"end":{"line":211,"column":42}},"160":{"start":{"line":213,"column":2},"end":{"line":216,"column":null}},"161":{"start":{"line":214,"column":4},"end":{"line":214,"column":47}},"162":{"start":{"line":215,"column":4},"end":{"line":215,"column":43}},"163":{"start":{"line":218,"column":2},"end":{"line":221,"column":null}},"164":{"start":{"line":219,"column":4},"end":{"line":219,"column":47}},"165":{"start":{"line":220,"column":4},"end":{"line":220,"column":43}},"166":{"start":{"line":222,"column":2},"end":{"line":222,"column":17}},"167":{"start":{"line":202,"column":13},"end":{"line":202,"column":27}},"168":{"start":{"line":228,"column":23},"end":{"line":237,"column":1}},"169":{"start":{"line":229,"column":31},"end":{"line":229,"column":33}},"170":{"start":{"line":230,"column":2},"end":{"line":232,"column":5}},"171":{"start":{"line":231,"column":4},"end":{"line":231,"column":58}},"172":{"start":{"line":233,"column":2},"end":{"line":235,"column":null}},"173":{"start":{"line":234,"column":4},"end":{"line":234,"column":46}},"174":{"start":{"line":234,"column":25},"end":{"line":234,"column":46}},"175":{"start":{"line":236,"column":2},"end":{"line":236,"column":11}},"176":{"start":{"line":228,"column":13},"end":{"line":228,"column":23}},"177":{"start":{"line":239,"column":47},"end":{"line":243,"column":29}},"178":{"start":{"line":240,"column":2},"end":{"line":243,"column":29}},"179":{"start":{"line":242,"column":16},"end":{"line":242,"column":79}},"180":{"start":{"line":242,"column":47},"end":{"line":242,"column":75}},"181":{"start":{"line":243,"column":20},"end":{"line":243,"column":25}},"182":{"start":{"line":239,"column":13},"end":{"line":239,"column":47}},"183":{"start":{"line":245,"column":25},"end":{"line":246,"column":62}},"184":{"start":{"line":246,"column":2},"end":{"line":246,"column":62}},"185":{"start":{"line":245,"column":13},"end":{"line":245,"column":25}},"186":{"start":{"line":248,"column":23},"end":{"line":254,"column":1}},"187":{"start":{"line":249,"column":2},"end":{"line":253,"column":4}},"188":{"start":{"line":250,"column":4},"end":{"line":252,"column":10}},"189":{"start":{"line":251,"column":6},"end":{"line":251,"column":18}},"190":{"start":{"line":248,"column":13},"end":{"line":248,"column":23}},"191":{"start":{"line":256,"column":23},"end":{"line":284,"column":1}},"192":{"start":{"line":257,"column":2},"end":{"line":257,"column":25}},"193":{"start":{"line":257,"column":13},"end":{"line":257,"column":25}},"194":{"start":{"line":258,"column":2},"end":{"line":258,"column":31}},"195":{"start":{"line":258,"column":19},"end":{"line":258,"column":31}},"196":{"start":{"line":260,"column":14},"end":{"line":260,"column":17}},"197":{"start":{"line":261,"column":13},"end":{"line":261,"column":16}},"198":{"start":{"line":262,"column":10},"end":{"line":262,"column":11}},"199":{"start":{"line":264,"column":10},"end":{"line":264,"column":11}},"200":{"start":{"line":265,"column":13},"end":{"line":265,"column":15}},"201":{"start":{"line":267,"column":2},"end":{"line":271,"column":null}},"202":{"start":{"line":268,"column":4},"end":{"line":268,"column":20}},"203":{"start":{"line":269,"column":4},"end":{"line":269,"column":52}},"204":{"start":{"line":270,"column":4},"end":{"line":270,"column":14}},"205":{"start":{"line":273,"column":2},"end":{"line":282,"column":null}},"206":{"start":{"line":274,"column":4},"end":{"line":274,"column":20}},"207":{"start":{"line":275,"column":4},"end":{"line":275,"column":18}},"208":{"start":{"line":276,"column":4},"end":{"line":280,"column":null}},"209":{"start":{"line":277,"column":6},"end":{"line":277,"column":54}},"210":{"start":{"line":279,"column":6},"end":{"line":279,"column":12}},"211":{"start":{"line":281,"column":4},"end":{"line":281,"column":14}},"212":{"start":{"line":283,"column":2},"end":{"line":283,"column":14}},"213":{"start":{"line":256,"column":13},"end":{"line":256,"column":23}},"214":{"start":{"line":286,"column":30},"end":{"line":299,"column":1}},"215":{"start":{"line":287,"column":2},"end":{"line":287,"column":28}},"216":{"start":{"line":288,"column":18},"end":{"line":288,"column":20}},"217":{"start":{"line":289,"column":19},"end":{"line":289,"column":20}},"218":{"start":{"line":290,"column":2},"end":{"line":292,"column":5}},"219":{"start":{"line":291,"column":4},"end":{"line":291,"column":58}},"220":{"start":{"line":293,"column":2},"end":{"line":297,"column":null}},"221":{"start":{"line":294,"column":4},"end":{"line":296,"column":null}},"222":{"start":{"line":295,"column":6},"end":{"line":295,"column":22}},"223":{"start":{"line":298,"column":2},"end":{"line":298,"column":20}},"224":{"start":{"line":286,"column":13},"end":{"line":286,"column":30}},"225":{"start":{"line":301,"column":31},"end":{"line":303,"column":1}},"226":{"start":{"line":302,"column":2},"end":{"line":302,"column":37}},"227":{"start":{"line":301,"column":13},"end":{"line":301,"column":31}},"228":{"start":{"line":311,"column":26},"end":{"line":317,"column":1}},"229":{"start":{"line":312,"column":2},"end":{"line":312,"column":51}},"230":{"start":{"line":312,"column":24},"end":{"line":312,"column":51}},"231":{"start":{"line":313,"column":2},"end":{"line":313,"column":54}},"232":{"start":{"line":313,"column":24},"end":{"line":313,"column":54}},"233":{"start":{"line":314,"column":2},"end":{"line":314,"column":67}},"234":{"start":{"line":314,"column":24},"end":{"line":314,"column":67}},"235":{"start":{"line":315,"column":2},"end":{"line":315,"column":78}},"236":{"start":{"line":315,"column":24},"end":{"line":315,"column":78}},"237":{"start":{"line":316,"column":2},"end":{"line":316,"column":71}},"238":{"start":{"line":311,"column":13},"end":{"line":311,"column":26}},"239":{"start":{"line":319,"column":36},"end":{"line":322,"column":4}},"240":{"start":{"line":320,"column":2},"end":{"line":322,"column":4}},"241":{"start":{"line":321,"column":4},"end":{"line":321,"column":53}},"242":{"start":{"line":321,"column":43},"end":{"line":321,"column":53}},"243":{"start":{"line":319,"column":13},"end":{"line":319,"column":36}},"244":{"start":{"line":324,"column":26},"end":{"line":325,"column":44}},"245":{"start":{"line":325,"column":2},"end":{"line":325,"column":44}},"246":{"start":{"line":324,"column":13},"end":{"line":324,"column":26}},"247":{"start":{"line":327,"column":29},"end":{"line":351,"column":1}},"248":{"start":{"line":330,"column":11},"end":{"line":330,"column":12}},"249":{"start":{"line":331,"column":11},"end":{"line":331,"column":12}},"250":{"start":{"line":332,"column":12},"end":{"line":332,"column":14}},"251":{"start":{"line":334,"column":2},"end":{"line":349,"column":null}},"252":{"start":{"line":335,"column":4},"end":{"line":348,"column":null}},"253":{"start":{"line":336,"column":6},"end":{"line":336,"column":29}},"254":{"start":{"line":337,"column":6},"end":{"line":337,"column":29}},"255":{"start":{"line":338,"column":6},"end":{"line":338,"column":14}},"256":{"start":{"line":339,"column":11},"end":{"line":348,"column":null}},"257":{"start":{"line":340,"column":6},"end":{"line":340,"column":29}},"258":{"start":{"line":341,"column":6},"end":{"line":341,"column":14}},"259":{"start":{"line":342,"column":11},"end":{"line":348,"column":null}},"260":{"start":{"line":343,"column":6},"end":{"line":343,"column":29}},"261":{"start":{"line":344,"column":6},"end":{"line":344,"column":14}},"262":{"start":{"line":345,"column":6},"end":{"line":345,"column":14}},"263":{"start":{"line":347,"column":6},"end":{"line":347,"column":14}},"264":{"start":{"line":350,"column":2},"end":{"line":350,"column":13}},"265":{"start":{"line":327,"column":13},"end":{"line":327,"column":29}},"266":{"start":{"line":353,"column":35},"end":{"line":356,"column":55}},"267":{"start":{"line":356,"column":2},"end":{"line":356,"column":55}},"268":{"start":{"line":356,"column":33},"end":{"line":356,"column":54}},"269":{"start":{"line":353,"column":13},"end":{"line":353,"column":35}},"270":{"start":{"line":371,"column":30},"end":{"line":379,"column":1}},"271":{"start":{"line":372,"column":16},"end":{"line":372,"column":18}},"272":{"start":{"line":373,"column":2},"end":{"line":377,"column":4}},"273":{"start":{"line":374,"column":4},"end":{"line":376,"column":31}},"274":{"start":{"line":378,"column":2},"end":{"line":378,"column":17}},"275":{"start":{"line":371,"column":13},"end":{"line":371,"column":30}},"276":{"start":{"line":381,"column":27},"end":{"line":391,"column":1}},"277":{"start":{"line":382,"column":19},"end":{"line":382,"column":20}},"278":{"start":{"line":383,"column":19},"end":{"line":383,"column":20}},"279":{"start":{"line":385,"column":2},"end":{"line":388,"column":5}},"280":{"start":{"line":386,"column":4},"end":{"line":386,"column":50}},"281":{"start":{"line":387,"column":4},"end":{"line":387,"column":50}},"282":{"start":{"line":390,"column":2},"end":{"line":390,"column":20}},"283":{"start":{"line":381,"column":13},"end":{"line":381,"column":27}},"284":{"start":{"line":399,"column":27},"end":{"line":418,"column":1}},"285":{"start":{"line":400,"column":2},"end":{"line":402,"column":null}},"286":{"start":{"line":401,"column":4},"end":{"line":401,"column":14}},"287":{"start":{"line":403,"column":2},"end":{"line":417,"column":15}},"288":{"start":{"line":406,"column":6},"end":{"line":408,"column":null}},"289":{"start":{"line":407,"column":8},"end":{"line":407,"column":39}},"290":{"start":{"line":409,"column":6},"end":{"line":411,"column":null}},"291":{"start":{"line":410,"column":8},"end":{"line":410,"column":49}},"292":{"start":{"line":412,"column":6},"end":{"line":415,"column":20}},"293":{"start":{"line":399,"column":13},"end":{"line":399,"column":27}},"294":{"start":{"line":420,"column":26},"end":{"line":421,"column":46}},"295":{"start":{"line":421,"column":2},"end":{"line":421,"column":46}},"296":{"start":{"line":421,"column":21},"end":{"line":421,"column":45}},"297":{"start":{"line":420,"column":13},"end":{"line":420,"column":26}},"298":{"start":{"line":427,"column":31},"end":{"line":437,"column":1}},"299":{"start":{"line":428,"column":2},"end":{"line":428,"column":30}},"300":{"start":{"line":428,"column":18},"end":{"line":428,"column":30}},"301":{"start":{"line":429,"column":2},"end":{"line":436,"column":4}},"302":{"start":{"line":433,"column":21},"end":{"line":433,"column":35}},"303":{"start":{"line":434,"column":22},"end":{"line":434,"column":27}},"304":{"start":{"line":427,"column":13},"end":{"line":427,"column":31}},"305":{"start":{"line":439,"column":24},"end":{"line":443,"column":1}},"306":{"start":{"line":440,"column":2},"end":{"line":440,"column":26}},"307":{"start":{"line":440,"column":13},"end":{"line":440,"column":26}},"308":{"start":{"line":442,"column":2},"end":{"line":442,"column":40}},"309":{"start":{"line":439,"column":13},"end":{"line":439,"column":24}},"310":{"start":{"line":445,"column":25},"end":{"line":455,"column":1}},"311":{"start":{"line":446,"column":2},"end":{"line":454,"column":14}},"312":{"start":{"line":449,"column":6},"end":{"line":449,"column":35}},"313":{"start":{"line":449,"column":24},"end":{"line":449,"column":35}},"314":{"start":{"line":450,"column":6},"end":{"line":450,"column":35}},"315":{"start":{"line":450,"column":24},"end":{"line":450,"column":35}},"316":{"start":{"line":451,"column":6},"end":{"line":451,"column":35}},"317":{"start":{"line":451,"column":24},"end":{"line":451,"column":35}},"318":{"start":{"line":452,"column":6},"end":{"line":452,"column":35}},"319":{"start":{"line":452,"column":24},"end":{"line":452,"column":35}},"320":{"start":{"line":445,"column":13},"end":{"line":445,"column":25}},"321":{"start":{"line":457,"column":35},"end":{"line":462,"column":1}},"322":{"start":{"line":458,"column":2},"end":{"line":458,"column":33}},"323":{"start":{"line":458,"column":24},"end":{"line":458,"column":33}},"324":{"start":{"line":459,"column":2},"end":{"line":461,"column":5}},"325":{"start":{"line":460,"column":4},"end":{"line":460,"column":28}},"326":{"start":{"line":457,"column":13},"end":{"line":457,"column":35}},"327":{"start":{"line":464,"column":27},"end":{"line":466,"column":1}},"328":{"start":{"line":465,"column":2},"end":{"line":465,"column":72}},"329":{"start":{"line":464,"column":13},"end":{"line":464,"column":27}},"330":{"start":{"line":468,"column":27},"end":{"line":471,"column":1}},"331":{"start":{"line":469,"column":2},"end":{"line":469,"column":35}},"332":{"start":{"line":469,"column":26},"end":{"line":469,"column":35}},"333":{"start":{"line":470,"column":2},"end":{"line":470,"column":67}},"334":{"start":{"line":470,"column":37},"end":{"line":470,"column":47}},"335":{"start":{"line":468,"column":13},"end":{"line":468,"column":27}},"336":{"start":{"line":473,"column":24},"end":{"line":479,"column":1}},"337":{"start":{"line":474,"column":2},"end":{"line":478,"column":15}},"338":{"start":{"line":477,"column":19},"end":{"line":477,"column":33}},"339":{"start":{"line":473,"column":13},"end":{"line":473,"column":24}},"340":{"start":{"line":481,"column":22},"end":{"line":495,"column":1}},"341":{"start":{"line":487,"column":20},"end":{"line":487,"column":21}},"342":{"start":{"line":489,"column":2},"end":{"line":492,"column":null}},"343":{"start":{"line":490,"column":4},"end":{"line":490,"column":41}},"344":{"start":{"line":491,"column":4},"end":{"line":491,"column":21}},"345":{"start":{"line":494,"column":2},"end":{"line":494,"column":21}},"346":{"start":{"line":481,"column":13},"end":{"line":481,"column":22}},"347":{"start":{"line":497,"column":25},"end":{"line":499,"column":1}},"348":{"start":{"line":498,"column":2},"end":{"line":498,"column":40}},"349":{"start":{"line":497,"column":13},"end":{"line":497,"column":25}},"350":{"start":{"line":501,"column":37},"end":{"line":506,"column":1}},"351":{"start":{"line":502,"column":2},"end":{"line":502,"column":37}},"352":{"start":{"line":502,"column":28},"end":{"line":502,"column":37}},"353":{"start":{"line":503,"column":2},"end":{"line":503,"column":46}},"354":{"start":{"line":503,"column":28},"end":{"line":503,"column":46}},"355":{"start":{"line":504,"column":2},"end":{"line":504,"column":32}},"356":{"start":{"line":504,"column":25},"end":{"line":504,"column":30}},"357":{"start":{"line":505,"column":2},"end":{"line":505,"column":33}},"358":{"start":{"line":501,"column":13},"end":{"line":501,"column":37}},"359":{"start":{"line":508,"column":28},"end":{"line":510,"column":1}},"360":{"start":{"line":509,"column":2},"end":{"line":509,"column":54}},"361":{"start":{"line":508,"column":13},"end":{"line":508,"column":28}},"362":{"start":{"line":512,"column":26},"end":{"line":516,"column":1}},"363":{"start":{"line":513,"column":2},"end":{"line":515,"column":26}},"364":{"start":{"line":515,"column":19},"end":{"line":515,"column":24}},"365":{"start":{"line":512,"column":13},"end":{"line":512,"column":26}},"366":{"start":{"line":518,"column":25},"end":{"line":520,"column":1}},"367":{"start":{"line":519,"column":2},"end":{"line":519,"column":63}},"368":{"start":{"line":519,"column":41},"end":{"line":519,"column":60}},"369":{"start":{"line":518,"column":13},"end":{"line":518,"column":25}},"370":{"start":{"line":522,"column":29},"end":{"line":523,"column":29}},"371":{"start":{"line":523,"column":2},"end":{"line":523,"column":29}},"372":{"start":{"line":522,"column":13},"end":{"line":522,"column":29}},"373":{"start":{"line":525,"column":18},"end":{"line":535,"column":1}},"374":{"start":{"line":526,"column":10},"end":{"line":526,"column":11}},"375":{"start":{"line":527,"column":10},"end":{"line":527,"column":11}},"376":{"start":{"line":529,"column":2},"end":{"line":532,"column":5}},"377":{"start":{"line":530,"column":4},"end":{"line":530,"column":43}},"378":{"start":{"line":530,"column":36},"end":{"line":530,"column":43}},"379":{"start":{"line":531,"column":4},"end":{"line":531,"column":43}},"380":{"start":{"line":531,"column":36},"end":{"line":531,"column":43}},"381":{"start":{"line":534,"column":2},"end":{"line":534,"column":17}},"382":{"start":{"line":525,"column":13},"end":{"line":525,"column":18}},"383":{"start":{"line":537,"column":28},"end":{"line":542,"column":1}},"384":{"start":{"line":538,"column":2},"end":{"line":541,"column":15}},"385":{"start":{"line":540,"column":19},"end":{"line":540,"column":47}},"386":{"start":{"line":537,"column":13},"end":{"line":537,"column":28}},"387":{"start":{"line":544,"column":42},"end":{"line":556,"column":1}},"388":{"start":{"line":547,"column":2},"end":{"line":555,"column":9}},"389":{"start":{"line":550,"column":10},"end":{"line":550,"column":45}},"390":{"start":{"line":551,"column":10},"end":{"line":551,"column":19}},"391":{"start":{"line":544,"column":13},"end":{"line":544,"column":42}},"392":{"start":{"line":558,"column":25},"end":{"line":559,"column":47}},"393":{"start":{"line":559,"column":2},"end":{"line":559,"column":47}},"394":{"start":{"line":558,"column":13},"end":{"line":558,"column":25}},"395":{"start":{"line":561,"column":33},"end":{"line":571,"column":1}},"396":{"start":{"line":565,"column":2},"end":{"line":570,"column":4}},"397":{"start":{"line":567,"column":35},"end":{"line":567,"column":40}},"398":{"start":{"line":561,"column":13},"end":{"line":561,"column":33}},"399":{"start":{"line":573,"column":38},"end":{"line":575,"column":1}},"400":{"start":{"line":574,"column":2},"end":{"line":574,"column":66}},"401":{"start":{"line":573,"column":13},"end":{"line":573,"column":38}},"402":{"start":{"line":578,"column":37},"end":{"line":581,"column":null}},"403":{"start":{"line":579,"column":2},"end":{"line":581,"column":null}},"404":{"start":{"line":579,"column":52},"end":{"line":579,"column":61}},"405":{"start":{"line":580,"column":22},"end":{"line":580,"column":35}},"406":{"start":{"line":578,"column":13},"end":{"line":578,"column":37}},"407":{"start":{"line":584,"column":25},"end":{"line":585,"column":74}},"408":{"start":{"line":585,"column":2},"end":{"line":585,"column":74}},"409":{"start":{"line":585,"column":37},"end":{"line":585,"column":63}},"410":{"start":{"line":584,"column":13},"end":{"line":584,"column":25}},"411":{"start":{"line":587,"column":34},"end":{"line":588,"column":69}},"412":{"start":{"line":588,"column":2},"end":{"line":588,"column":69}},"413":{"start":{"line":587,"column":13},"end":{"line":587,"column":34}},"414":{"start":{"line":590,"column":28},"end":{"line":595,"column":null}},"415":{"start":{"line":591,"column":2},"end":{"line":595,"column":null}},"416":{"start":{"line":594,"column":21},"end":{"line":594,"column":39}},"417":{"start":{"line":590,"column":13},"end":{"line":590,"column":28}},"418":{"start":{"line":598,"column":26},"end":{"line":599,"column":53}},"419":{"start":{"line":599,"column":2},"end":{"line":599,"column":53}},"420":{"start":{"line":599,"column":32},"end":{"line":599,"column":45}},"421":{"start":{"line":598,"column":13},"end":{"line":598,"column":26}},"422":{"start":{"line":601,"column":24},"end":{"line":605,"column":46}},"423":{"start":{"line":605,"column":14},"end":{"line":605,"column":46}},"424":{"start":{"line":601,"column":13},"end":{"line":601,"column":24}},"425":{"start":{"line":607,"column":24},"end":{"line":608,"column":29}},"426":{"start":{"line":608,"column":2},"end":{"line":608,"column":29}},"427":{"start":{"line":607,"column":13},"end":{"line":607,"column":24}},"428":{"start":{"line":610,"column":22},"end":{"line":614,"column":1}},"429":{"start":{"line":611,"column":2},"end":{"line":611,"column":34}},"430":{"start":{"line":611,"column":24},"end":{"line":611,"column":34}},"431":{"start":{"line":612,"column":2},"end":{"line":612,"column":28}},"432":{"start":{"line":612,"column":21},"end":{"line":612,"column":26}},"433":{"start":{"line":613,"column":2},"end":{"line":613,"column":39}},"434":{"start":{"line":610,"column":13},"end":{"line":610,"column":22}},"435":{"start":{"line":616,"column":30},"end":{"line":616,"column":75}},"436":{"start":{"line":616,"column":53},"end":{"line":616,"column":75}},"437":{"start":{"line":616,"column":13},"end":{"line":616,"column":30}},"438":{"start":{"line":618,"column":47},"end":{"line":623,"column":1}},"439":{"start":{"line":619,"column":19},"end":{"line":619,"column":72}},"440":{"start":{"line":619,"column":40},"end":{"line":619,"column":49}},"441":{"start":{"line":619,"column":66},"end":{"line":619,"column":71}},"442":{"start":{"line":620,"column":2},"end":{"line":620,"column":38}},"443":{"start":{"line":620,"column":29},"end":{"line":620,"column":38}},"444":{"start":{"line":621,"column":2},"end":{"line":621,"column":48}},"445":{"start":{"line":621,"column":29},"end":{"line":621,"column":48}},"446":{"start":{"line":622,"column":2},"end":{"line":622,"column":35}},"447":{"start":{"line":618,"column":13},"end":{"line":618,"column":47}},"448":{"start":{"line":625,"column":23},"end":{"line":632,"column":1}},"449":{"start":{"line":626,"column":2},"end":{"line":626,"column":25}},"450":{"start":{"line":626,"column":15},"end":{"line":626,"column":25}},"451":{"start":{"line":627,"column":10},"end":{"line":627,"column":12}},"452":{"start":{"line":628,"column":2},"end":{"line":630,"column":null}},"453":{"start":{"line":628,"column":15},"end":{"line":628,"column":16}},"454":{"start":{"line":629,"column":4},"end":{"line":629,"column":18}},"455":{"start":{"line":631,"column":2},"end":{"line":631,"column":11}},"456":{"start":{"line":625,"column":13},"end":{"line":625,"column":23}},"457":{"start":{"line":634,"column":31},"end":{"line":639,"column":13}},"458":{"start":{"line":635,"column":2},"end":{"line":639,"column":13}},"459":{"start":{"line":637,"column":19},"end":{"line":637,"column":24}},"460":{"start":{"line":638,"column":20},"end":{"line":638,"column":25}},"461":{"start":{"line":634,"column":13},"end":{"line":634,"column":31}},"462":{"start":{"line":641,"column":26},"end":{"line":642,"column":49}},"463":{"start":{"line":642,"column":2},"end":{"line":642,"column":49}},"464":{"start":{"line":642,"column":25},"end":{"line":642,"column":39}},"465":{"start":{"line":641,"column":13},"end":{"line":641,"column":26}},"466":{"start":{"line":644,"column":32},"end":{"line":649,"column":14}},"467":{"start":{"line":645,"column":2},"end":{"line":649,"column":14}},"468":{"start":{"line":646,"column":22},"end":{"line":646,"column":54}},"469":{"start":{"line":647,"column":16},"end":{"line":647,"column":35}},"470":{"start":{"line":648,"column":19},"end":{"line":648,"column":25}},"471":{"start":{"line":644,"column":13},"end":{"line":644,"column":32}},"472":{"start":{"line":651,"column":24},"end":{"line":665,"column":1}},"473":{"start":{"line":652,"column":12},"end":{"line":652,"column":76}},"474":{"start":{"line":652,"column":46},"end":{"line":652,"column":56}},"475":{"start":{"line":653,"column":2},"end":{"line":664,"column":null}},"476":{"start":{"line":655,"column":6},"end":{"line":655,"column":17}},"477":{"start":{"line":657,"column":6},"end":{"line":657,"column":17}},"478":{"start":{"line":659,"column":6},"end":{"line":659,"column":17}},"479":{"start":{"line":661,"column":6},"end":{"line":661,"column":17}},"480":{"start":{"line":663,"column":6},"end":{"line":663,"column":17}},"481":{"start":{"line":651,"column":13},"end":{"line":651,"column":24}},"482":{"start":{"line":667,"column":26},"end":{"line":671,"column":14}},"483":{"start":{"line":668,"column":2},"end":{"line":671,"column":14}},"484":{"start":{"line":670,"column":19},"end":{"line":670,"column":40}},"485":{"start":{"line":667,"column":13},"end":{"line":667,"column":26}},"486":{"start":{"line":673,"column":28},"end":{"line":681,"column":16}},"487":{"start":{"line":674,"column":2},"end":{"line":681,"column":16}},"488":{"start":{"line":678,"column":8},"end":{"line":678,"column":69}},"489":{"start":{"line":680,"column":22},"end":{"line":680,"column":26}},"490":{"start":{"line":673,"column":13},"end":{"line":673,"column":28}},"491":{"start":{"line":683,"column":21},"end":{"line":686,"column":14}},"492":{"start":{"line":684,"column":2},"end":{"line":686,"column":14}},"493":{"start":{"line":685,"column":26},"end":{"line":685,"column":79}},"494":{"start":{"line":683,"column":13},"end":{"line":683,"column":21}},"495":{"start":{"line":688,"column":19},"end":{"line":695,"column":13}},"496":{"start":{"line":689,"column":2},"end":{"line":695,"column":13}},"497":{"start":{"line":688,"column":13},"end":{"line":688,"column":19}},"498":{"start":{"line":697,"column":29},"end":{"line":698,"column":56}},"499":{"start":{"line":698,"column":2},"end":{"line":698,"column":56}},"500":{"start":{"line":698,"column":28},"end":{"line":698,"column":48}},"501":{"start":{"line":697,"column":13},"end":{"line":697,"column":29}},"502":{"start":{"line":700,"column":27},"end":{"line":716,"column":1}},"503":{"start":{"line":701,"column":2},"end":{"line":715,"column":18}},"504":{"start":{"line":705,"column":10},"end":{"line":705,"column":77}},"505":{"start":{"line":705,"column":25},"end":{"line":705,"column":77}},"506":{"start":{"line":706,"column":10},"end":{"line":706,"column":22}},"507":{"start":{"line":712,"column":10},"end":{"line":712,"column":77}},"508":{"start":{"line":712,"column":25},"end":{"line":712,"column":77}},"509":{"start":{"line":713,"column":10},"end":{"line":713,"column":22}},"510":{"start":{"line":700,"column":13},"end":{"line":700,"column":27}}},"fnMap":{"0":{"name":"(anonymous_0)","decl":{"start":{"line":1,"column":25},"end":{"line":1,"column":26}},"loc":{"start":{"line":2,"column":2},"end":{"line":5,"column":41}}},"1":{"name":"(anonymous_1)","decl":{"start":{"line":4,"column":9},"end":{"line":4,"column":10}},"loc":{"start":{"line":4,"column":19},"end":{"line":4,"column":24}}},"2":{"name":"(anonymous_2)","decl":{"start":{"line":5,"column":12},"end":{"line":5,"column":13}},"loc":{"start":{"line":5,"column":27},"end":{"line":5,"column":37}}},"3":{"name":"(anonymous_3)","decl":{"start":{"line":7,"column":28},"end":{"line":7,"column":29}},"loc":{"start":{"line":7,"column":51},"end":{"line":7,"column":71}}},"4":{"name":"(anonymous_4)","decl":{"start":{"line":9,"column":28},"end":{"line":9,"column":29}},"loc":{"start":{"line":9,"column":68},"end":{"line":11,"column":1}}},"5":{"name":"(anonymous_5)","decl":{"start":{"line":10,"column":20},"end":{"line":10,"column":21}},"loc":{"start":{"line":10,"column":46},"end":{"line":10,"column":65}}},"6":{"name":"(anonymous_6)","decl":{"start":{"line":13,"column":29},"end":{"line":13,"column":30}},"loc":{"start":{"line":14,"column":2},"end":{"line":18,"column":13}}},"7":{"name":"(anonymous_7)","decl":{"start":{"line":16,"column":12},"end":{"line":16,"column":13}},"loc":{"start":{"line":16,"column":22},"end":{"line":16,"column":43}}},"8":{"name":"(anonymous_8)","decl":{"start":{"line":20,"column":31},"end":{"line":20,"column":32}},"loc":{"start":{"line":20,"column":55},"end":{"line":23,"column":1}}},"9":{"name":"(anonymous_9)","decl":{"start":{"line":25,"column":37},"end":{"line":25,"column":38}},"loc":{"start":{"line":26,"column":2},"end":{"line":26,"column":78}}},"10":{"name":"(anonymous_10)","decl":{"start":{"line":26,"column":19},"end":{"line":26,"column":20}},"loc":{"start":{"line":26,"column":36},"end":{"line":26,"column":72}}},"11":{"name":"(anonymous_11)","decl":{"start":{"line":28,"column":28},"end":{"line":28,"column":29}},"loc":{"start":{"line":28,"column":56},"end":{"line":43,"column":1}}},"12":{"name":"(anonymous_12)","decl":{"start":{"line":45,"column":29},"end":{"line":45,"column":30}},"loc":{"start":{"line":45,"column":56},"end":{"line":61,"column":1}}},"13":{"name":"(anonymous_13)","decl":{"start":{"line":63,"column":32},"end":{"line":63,"column":33}},"loc":{"start":{"line":64,"column":2},"end":{"line":64,"column":47}}},"14":{"name":"(anonymous_14)","decl":{"start":{"line":64,"column":10},"end":{"line":64,"column":11}},"loc":{"start":{"line":64,"column":20},"end":{"line":64,"column":45}}},"15":{"name":"(anonymous_15)","decl":{"start":{"line":66,"column":45},"end":{"line":66,"column":null}},"loc":{"start":{"line":68,"column":20},"end":{"line":68,"column":66}}},"16":{"name":"(anonymous_16)","decl":{"start":{"line":68,"column":31},"end":{"line":68,"column":32}},"loc":{"start":{"line":68,"column":40},"end":{"line":68,"column":65}}},"17":{"name":"(anonymous_17)","decl":{"start":{"line":70,"column":38},"end":{"line":70,"column":null}},"loc":{"start":{"line":73,"column":14},"end":{"line":73,"column":63}}},"18":{"name":"(anonymous_18)","decl":{"start":{"line":73,"column":27},"end":{"line":73,"column":28}},"loc":{"start":{"line":73,"column":37},"end":{"line":73,"column":49}}},"19":{"name":"(anonymous_19)","decl":{"start":{"line":75,"column":38},"end":{"line":75,"column":39}},"loc":{"start":{"line":75,"column":60},"end":{"line":86,"column":1}}},"20":{"name":"(anonymous_20)","decl":{"start":{"line":79,"column":17},"end":{"line":79,"column":18}},"loc":{"start":{"line":80,"column":4},"end":{"line":80,"column":64}}},"21":{"name":"(anonymous_21)","decl":{"start":{"line":88,"column":25},"end":{"line":88,"column":26}},"loc":{"start":{"line":88,"column":65},"end":{"line":105,"column":1}}},"22":{"name":"(anonymous_22)","decl":{"start":{"line":94,"column":13},"end":{"line":94,"column":14}},"loc":{"start":{"line":94,"column":22},"end":{"line":96,"column":5}}},"23":{"name":"(anonymous_23)","decl":{"start":{"line":107,"column":32},"end":{"line":107,"column":33}},"loc":{"start":{"line":107,"column":57},"end":{"line":117,"column":1}}},"24":{"name":"(anonymous_24)","decl":{"start":{"line":122,"column":35},"end":{"line":122,"column":36}},"loc":{"start":{"line":122,"column":66},"end":{"line":133,"column":1}}},"25":{"name":"(anonymous_25)","decl":{"start":{"line":135,"column":34},"end":{"line":135,"column":35}},"loc":{"start":{"line":135,"column":59},"end":{"line":152,"column":1}}},"26":{"name":"(anonymous_26)","decl":{"start":{"line":154,"column":44},"end":{"line":154,"column":null}},"loc":{"start":{"line":157,"column":12},"end":{"line":177,"column":1}}},"27":{"name":"(anonymous_27)","decl":{"start":{"line":179,"column":28},"end":{"line":179,"column":null}},"loc":{"start":{"line":182,"column":19},"end":{"line":184,"column":1}}},"28":{"name":"(anonymous_28)","decl":{"start":{"line":183,"column":27},"end":{"line":183,"column":28}},"loc":{"start":{"line":183,"column":37},"end":{"line":183,"column":65}}},"29":{"name":"(anonymous_29)","decl":{"start":{"line":186,"column":27},"end":{"line":186,"column":28}},"loc":{"start":{"line":186,"column":58},"end":{"line":200,"column":1}}},"30":{"name":"(anonymous_30)","decl":{"start":{"line":190,"column":14},"end":{"line":190,"column":15}},"loc":{"start":{"line":190,"column":23},"end":{"line":192,"column":3}}},"31":{"name":"(anonymous_31)","decl":{"start":{"line":202,"column":27},"end":{"line":202,"column":28}},"loc":{"start":{"line":202,"column":53},"end":{"line":223,"column":1}}},"32":{"name":"(anonymous_32)","decl":{"start":{"line":228,"column":23},"end":{"line":228,"column":24}},"loc":{"start":{"line":228,"column":52},"end":{"line":237,"column":1}}},"33":{"name":"(anonymous_33)","decl":{"start":{"line":230,"column":12},"end":{"line":230,"column":13}},"loc":{"start":{"line":230,"column":21},"end":{"line":232,"column":3}}},"34":{"name":"(anonymous_34)","decl":{"start":{"line":239,"column":47},"end":{"line":239,"column":48}},"loc":{"start":{"line":240,"column":2},"end":{"line":243,"column":29}}},"35":{"name":"(anonymous_35)","decl":{"start":{"line":242,"column":9},"end":{"line":242,"column":10}},"loc":{"start":{"line":242,"column":16},"end":{"line":242,"column":79}}},"36":{"name":"(anonymous_36)","decl":{"start":{"line":242,"column":35},"end":{"line":242,"column":36}},"loc":{"start":{"line":242,"column":47},"end":{"line":242,"column":75}}},"37":{"name":"(anonymous_37)","decl":{"start":{"line":243,"column":10},"end":{"line":243,"column":11}},"loc":{"start":{"line":243,"column":20},"end":{"line":243,"column":25}}},"38":{"name":"(anonymous_38)","decl":{"start":{"line":245,"column":25},"end":{"line":245,"column":26}},"loc":{"start":{"line":246,"column":2},"end":{"line":246,"column":62}}},"39":{"name":"(anonymous_39)","decl":{"start":{"line":248,"column":23},"end":{"line":248,"column":24}},"loc":{"start":{"line":248,"column":64},"end":{"line":254,"column":1}}},"40":{"name":"(anonymous_40)","decl":{"start":{"line":249,"column":9},"end":{"line":249,"column":10}},"loc":{"start":{"line":249,"column":15},"end":{"line":253,"column":3}}},"41":{"name":"(anonymous_41)","decl":{"start":{"line":250,"column":28},"end":{"line":250,"column":29}},"loc":{"start":{"line":250,"column":47},"end":{"line":252,"column":5}}},"42":{"name":"(anonymous_42)","decl":{"start":{"line":256,"column":23},"end":{"line":256,"column":24}},"loc":{"start":{"line":256,"column":45},"end":{"line":284,"column":1}}},"43":{"name":"(anonymous_43)","decl":{"start":{"line":286,"column":30},"end":{"line":286,"column":31}},"loc":{"start":{"line":286,"column":55},"end":{"line":299,"column":1}}},"44":{"name":"(anonymous_44)","decl":{"start":{"line":290,"column":25},"end":{"line":290,"column":26}},"loc":{"start":{"line":290,"column":34},"end":{"line":292,"column":3}}},"45":{"name":"(anonymous_45)","decl":{"start":{"line":301,"column":31},"end":{"line":301,"column":32}},"loc":{"start":{"line":301,"column":55},"end":{"line":303,"column":1}}},"46":{"name":"(anonymous_46)","decl":{"start":{"line":311,"column":26},"end":{"line":311,"column":27}},"loc":{"start":{"line":311,"column":57},"end":{"line":317,"column":1}}},"47":{"name":"(anonymous_47)","decl":{"start":{"line":319,"column":36},"end":{"line":319,"column":37}},"loc":{"start":{"line":320,"column":2},"end":{"line":322,"column":4}}},"48":{"name":"(anonymous_48)","decl":{"start":{"line":320,"column":17},"end":{"line":320,"column":18}},"loc":{"start":{"line":320,"column":26},"end":{"line":322,"column":3}}},"49":{"name":"(anonymous_49)","decl":{"start":{"line":324,"column":26},"end":{"line":324,"column":27}},"loc":{"start":{"line":325,"column":2},"end":{"line":325,"column":44}}},"50":{"name":"(anonymous_50)","decl":{"start":{"line":327,"column":29},"end":{"line":327,"column":null}},"loc":{"start":{"line":329,"column":28},"end":{"line":351,"column":1}}},"51":{"name":"(anonymous_51)","decl":{"start":{"line":353,"column":35},"end":{"line":353,"column":null}},"loc":{"start":{"line":356,"column":2},"end":{"line":356,"column":55}}},"52":{"name":"(anonymous_52)","decl":{"start":{"line":356,"column":23},"end":{"line":356,"column":24}},"loc":{"start":{"line":356,"column":33},"end":{"line":356,"column":54}}},"53":{"name":"(anonymous_53)","decl":{"start":{"line":371,"column":30},"end":{"line":371,"column":31}},"loc":{"start":{"line":371,"column":73},"end":{"line":379,"column":1}}},"54":{"name":"(anonymous_54)","decl":{"start":{"line":373,"column":15},"end":{"line":373,"column":16}},"loc":{"start":{"line":374,"column":4},"end":{"line":376,"column":31}}},"55":{"name":"(anonymous_55)","decl":{"start":{"line":381,"column":27},"end":{"line":381,"column":28}},"loc":{"start":{"line":381,"column":60},"end":{"line":391,"column":1}}},"56":{"name":"(anonymous_56)","decl":{"start":{"line":385,"column":16},"end":{"line":385,"column":17}},"loc":{"start":{"line":385,"column":27},"end":{"line":388,"column":3}}},"57":{"name":"(anonymous_57)","decl":{"start":{"line":399,"column":27},"end":{"line":399,"column":28}},"loc":{"start":{"line":399,"column":52},"end":{"line":418,"column":1}}},"58":{"name":"(anonymous_58)","decl":{"start":{"line":405,"column":9},"end":{"line":405,"column":10}},"loc":{"start":{"line":405,"column":18},"end":{"line":416,"column":5}}},"59":{"name":"(anonymous_59)","decl":{"start":{"line":420,"column":26},"end":{"line":420,"column":27}},"loc":{"start":{"line":421,"column":2},"end":{"line":421,"column":46}}},"60":{"name":"(anonymous_60)","decl":{"start":{"line":421,"column":11},"end":{"line":421,"column":12}},"loc":{"start":{"line":421,"column":21},"end":{"line":421,"column":45}}},"61":{"name":"(anonymous_61)","decl":{"start":{"line":427,"column":31},"end":{"line":427,"column":32}},"loc":{"start":{"line":427,"column":53},"end":{"line":437,"column":1}}},"62":{"name":"(anonymous_62)","decl":{"start":{"line":433,"column":11},"end":{"line":433,"column":12}},"loc":{"start":{"line":433,"column":21},"end":{"line":433,"column":35}}},"63":{"name":"(anonymous_63)","decl":{"start":{"line":434,"column":12},"end":{"line":434,"column":13}},"loc":{"start":{"line":434,"column":22},"end":{"line":434,"column":27}}},"64":{"name":"(anonymous_64)","decl":{"start":{"line":439,"column":24},"end":{"line":439,"column":25}},"loc":{"start":{"line":439,"column":47},"end":{"line":443,"column":1}}},"65":{"name":"(anonymous_65)","decl":{"start":{"line":445,"column":25},"end":{"line":445,"column":26}},"loc":{"start":{"line":445,"column":49},"end":{"line":455,"column":1}}},"66":{"name":"(anonymous_66)","decl":{"start":{"line":448,"column":9},"end":{"line":448,"column":10}},"loc":{"start":{"line":448,"column":18},"end":{"line":453,"column":5}}},"67":{"name":"(anonymous_67)","decl":{"start":{"line":457,"column":35},"end":{"line":457,"column":36}},"loc":{"start":{"line":457,"column":66},"end":{"line":462,"column":1}}},"68":{"name":"(anonymous_68)","decl":{"start":{"line":459,"column":20},"end":{"line":459,"column":21}},"loc":{"start":{"line":459,"column":33},"end":{"line":461,"column":3}}},"69":{"name":"(anonymous_69)","decl":{"start":{"line":464,"column":27},"end":{"line":464,"column":28}},"loc":{"start":{"line":464,"column":52},"end":{"line":466,"column":1}}},"70":{"name":"(anonymous_70)","decl":{"start":{"line":468,"column":27},"end":{"line":468,"column":28}},"loc":{"start":{"line":468,"column":60},"end":{"line":471,"column":1}}},"71":{"name":"(anonymous_71)","decl":{"start":{"line":470,"column":22},"end":{"line":470,"column":23}},"loc":{"start":{"line":470,"column":37},"end":{"line":470,"column":47}}},"72":{"name":"(anonymous_72)","decl":{"start":{"line":473,"column":24},"end":{"line":473,"column":25}},"loc":{"start":{"line":473,"column":53},"end":{"line":479,"column":1}}},"73":{"name":"(anonymous_73)","decl":{"start":{"line":477,"column":9},"end":{"line":477,"column":10}},"loc":{"start":{"line":477,"column":19},"end":{"line":477,"column":33}}},"74":{"name":"(anonymous_74)","decl":{"start":{"line":481,"column":22},"end":{"line":481,"column":null}},"loc":{"start":{"line":486,"column":12},"end":{"line":495,"column":1}}},"75":{"name":"(anonymous_75)","decl":{"start":{"line":497,"column":25},"end":{"line":497,"column":26}},"loc":{"start":{"line":497,"column":49},"end":{"line":499,"column":1}}},"76":{"name":"(anonymous_76)","decl":{"start":{"line":501,"column":37},"end":{"line":501,"column":38}},"loc":{"start":{"line":501,"column":72},"end":{"line":506,"column":1}}},"77":{"name":"(anonymous_77)","decl":{"start":{"line":504,"column":15},"end":{"line":504,"column":16}},"loc":{"start":{"line":504,"column":25},"end":{"line":504,"column":30}}},"78":{"name":"(anonymous_78)","decl":{"start":{"line":508,"column":28},"end":{"line":508,"column":29}},"loc":{"start":{"line":508,"column":60},"end":{"line":510,"column":1}}},"79":{"name":"(anonymous_79)","decl":{"start":{"line":512,"column":26},"end":{"line":512,"column":27}},"loc":{"start":{"line":512,"column":55},"end":{"line":516,"column":1}}},"80":{"name":"(anonymous_80)","decl":{"start":{"line":515,"column":9},"end":{"line":515,"column":10}},"loc":{"start":{"line":515,"column":19},"end":{"line":515,"column":24}}},"81":{"name":"(anonymous_81)","decl":{"start":{"line":518,"column":25},"end":{"line":518,"column":26}},"loc":{"start":{"line":518,"column":60},"end":{"line":520,"column":1}}},"82":{"name":"(anonymous_82)","decl":{"start":{"line":519,"column":24},"end":{"line":519,"column":25}},"loc":{"start":{"line":519,"column":41},"end":{"line":519,"column":60}}},"83":{"name":"(anonymous_83)","decl":{"start":{"line":522,"column":29},"end":{"line":522,"column":30}},"loc":{"start":{"line":523,"column":2},"end":{"line":523,"column":29}}},"84":{"name":"(anonymous_84)","decl":{"start":{"line":525,"column":18},"end":{"line":525,"column":19}},"loc":{"start":{"line":525,"column":43},"end":{"line":535,"column":1}}},"85":{"name":"(anonymous_85)","decl":{"start":{"line":529,"column":24},"end":{"line":529,"column":25}},"loc":{"start":{"line":529,"column":33},"end":{"line":532,"column":3}}},"86":{"name":"(anonymous_86)","decl":{"start":{"line":537,"column":28},"end":{"line":537,"column":29}},"loc":{"start":{"line":537,"column":52},"end":{"line":542,"column":1}}},"87":{"name":"(anonymous_87)","decl":{"start":{"line":540,"column":9},"end":{"line":540,"column":10}},"loc":{"start":{"line":540,"column":19},"end":{"line":540,"column":47}}},"88":{"name":"(anonymous_88)","decl":{"start":{"line":544,"column":42},"end":{"line":544,"column":null}},"loc":{"start":{"line":546,"column":19},"end":{"line":556,"column":1}}},"89":{"name":"(anonymous_89)","decl":{"start":{"line":549,"column":8},"end":{"line":549,"column":18}},"loc":{"start":{"line":549,"column":28},"end":{"line":552,"column":9}}},"90":{"name":"(anonymous_90)","decl":{"start":{"line":558,"column":25},"end":{"line":558,"column":26}},"loc":{"start":{"line":559,"column":2},"end":{"line":559,"column":47}}},"91":{"name":"(anonymous_91)","decl":{"start":{"line":561,"column":33},"end":{"line":561,"column":null}},"loc":{"start":{"line":564,"column":13},"end":{"line":571,"column":1}}},"92":{"name":"(anonymous_92)","decl":{"start":{"line":567,"column":25},"end":{"line":567,"column":26}},"loc":{"start":{"line":567,"column":35},"end":{"line":567,"column":40}}},"93":{"name":"(anonymous_93)","decl":{"start":{"line":573,"column":38},"end":{"line":573,"column":39}},"loc":{"start":{"line":573,"column":54},"end":{"line":575,"column":1}}},"94":{"name":"(anonymous_94)","decl":{"start":{"line":578,"column":37},"end":{"line":578,"column":38}},"loc":{"start":{"line":579,"column":2},"end":{"line":581,"column":null}}},"95":{"name":"(anonymous_95)","decl":{"start":{"line":579,"column":42},"end":{"line":579,"column":43}},"loc":{"start":{"line":579,"column":52},"end":{"line":579,"column":61}}},"96":{"name":"(anonymous_96)","decl":{"start":{"line":580,"column":4},"end":{"line":580,"column":5}},"loc":{"start":{"line":580,"column":22},"end":{"line":580,"column":35}}},"97":{"name":"(anonymous_97)","decl":{"start":{"line":584,"column":25},"end":{"line":584,"column":26}},"loc":{"start":{"line":585,"column":2},"end":{"line":585,"column":74}}},"98":{"name":"(anonymous_98)","decl":{"start":{"line":585,"column":22},"end":{"line":585,"column":23}},"loc":{"start":{"line":585,"column":37},"end":{"line":585,"column":63}}},"99":{"name":"(anonymous_99)","decl":{"start":{"line":587,"column":34},"end":{"line":587,"column":35}},"loc":{"start":{"line":588,"column":2},"end":{"line":588,"column":69}}},"100":{"name":"(anonymous_100)","decl":{"start":{"line":590,"column":28},"end":{"line":590,"column":29}},"loc":{"start":{"line":591,"column":2},"end":{"line":595,"column":null}}},"101":{"name":"(anonymous_101)","decl":{"start":{"line":594,"column":11},"end":{"line":594,"column":12}},"loc":{"start":{"line":594,"column":21},"end":{"line":594,"column":39}}},"102":{"name":"(anonymous_102)","decl":{"start":{"line":598,"column":26},"end":{"line":598,"column":27}},"loc":{"start":{"line":599,"column":2},"end":{"line":599,"column":53}}},"103":{"name":"(anonymous_103)","decl":{"start":{"line":599,"column":22},"end":{"line":599,"column":23}},"loc":{"start":{"line":599,"column":32},"end":{"line":599,"column":45}}},"104":{"name":"(anonymous_104)","decl":{"start":{"line":601,"column":24},"end":{"line":601,"column":null}},"loc":{"start":{"line":605,"column":14},"end":{"line":605,"column":46}}},"105":{"name":"(anonymous_105)","decl":{"start":{"line":607,"column":24},"end":{"line":607,"column":25}},"loc":{"start":{"line":608,"column":2},"end":{"line":608,"column":29}}},"106":{"name":"(anonymous_106)","decl":{"start":{"line":610,"column":22},"end":{"line":610,"column":23}},"loc":{"start":{"line":610,"column":60},"end":{"line":614,"column":1}}},"107":{"name":"(anonymous_107)","decl":{"start":{"line":612,"column":11},"end":{"line":612,"column":12}},"loc":{"start":{"line":612,"column":21},"end":{"line":612,"column":26}}},"108":{"name":"(anonymous_108)","decl":{"start":{"line":616,"column":30},"end":{"line":616,"column":31}},"loc":{"start":{"line":616,"column":53},"end":{"line":616,"column":75}}},"109":{"name":"(anonymous_109)","decl":{"start":{"line":618,"column":47},"end":{"line":618,"column":48}},"loc":{"start":{"line":618,"column":78},"end":{"line":623,"column":1}}},"110":{"name":"(anonymous_110)","decl":{"start":{"line":619,"column":30},"end":{"line":619,"column":31}},"loc":{"start":{"line":619,"column":40},"end":{"line":619,"column":49}}},"111":{"name":"(anonymous_111)","decl":{"start":{"line":619,"column":56},"end":{"line":619,"column":57}},"loc":{"start":{"line":619,"column":66},"end":{"line":619,"column":71}}},"112":{"name":"(anonymous_112)","decl":{"start":{"line":625,"column":23},"end":{"line":625,"column":24}},"loc":{"start":{"line":625,"column":63},"end":{"line":632,"column":1}}},"113":{"name":"(anonymous_113)","decl":{"start":{"line":634,"column":31},"end":{"line":634,"column":32}},"loc":{"start":{"line":635,"column":2},"end":{"line":639,"column":13}}},"114":{"name":"(anonymous_114)","decl":{"start":{"line":637,"column":9},"end":{"line":637,"column":10}},"loc":{"start":{"line":637,"column":19},"end":{"line":637,"column":24}}},"115":{"name":"(anonymous_115)","decl":{"start":{"line":638,"column":10},"end":{"line":638,"column":11}},"loc":{"start":{"line":638,"column":20},"end":{"line":638,"column":25}}},"116":{"name":"(anonymous_116)","decl":{"start":{"line":641,"column":26},"end":{"line":641,"column":27}},"loc":{"start":{"line":642,"column":2},"end":{"line":642,"column":49}}},"117":{"name":"(anonymous_117)","decl":{"start":{"line":642,"column":15},"end":{"line":642,"column":16}},"loc":{"start":{"line":642,"column":25},"end":{"line":642,"column":39}}},"118":{"name":"(anonymous_118)","decl":{"start":{"line":644,"column":32},"end":{"line":644,"column":33}},"loc":{"start":{"line":645,"column":2},"end":{"line":649,"column":14}}},"119":{"name":"(anonymous_119)","decl":{"start":{"line":646,"column":12},"end":{"line":646,"column":13}},"loc":{"start":{"line":646,"column":22},"end":{"line":646,"column":54}}},"120":{"name":"(anonymous_120)","decl":{"start":{"line":647,"column":9},"end":{"line":647,"column":10}},"loc":{"start":{"line":647,"column":16},"end":{"line":647,"column":35}}},"121":{"name":"(anonymous_121)","decl":{"start":{"line":648,"column":12},"end":{"line":648,"column":13}},"loc":{"start":{"line":648,"column":19},"end":{"line":648,"column":25}}},"122":{"name":"(anonymous_122)","decl":{"start":{"line":651,"column":24},"end":{"line":651,"column":25}},"loc":{"start":{"line":651,"column":61},"end":{"line":665,"column":1}}},"123":{"name":"(anonymous_123)","decl":{"start":{"line":652,"column":31},"end":{"line":652,"column":32}},"loc":{"start":{"line":652,"column":46},"end":{"line":652,"column":56}}},"124":{"name":"(anonymous_124)","decl":{"start":{"line":667,"column":26},"end":{"line":667,"column":27}},"loc":{"start":{"line":668,"column":2},"end":{"line":671,"column":14}}},"125":{"name":"(anonymous_125)","decl":{"start":{"line":670,"column":9},"end":{"line":670,"column":10}},"loc":{"start":{"line":670,"column":19},"end":{"line":670,"column":40}}},"126":{"name":"(anonymous_126)","decl":{"start":{"line":673,"column":28},"end":{"line":673,"column":29}},"loc":{"start":{"line":674,"column":2},"end":{"line":681,"column":16}}},"127":{"name":"(anonymous_127)","decl":{"start":{"line":677,"column":6},"end":{"line":677,"column":7}},"loc":{"start":{"line":678,"column":8},"end":{"line":678,"column":69}}},"128":{"name":"(anonymous_128)","decl":{"start":{"line":680,"column":12},"end":{"line":680,"column":1
[...]
umn":18}},"5":{"start":{"line":19,"column":4},"end":{"line":19,"column":41}},"6":{"start":{"line":19,"column":24},"end":{"line":19,"column":41}},"7":{"start":{"line":20,"column":18},"end":{"line":20,"column":27}},"8":{"start":{"line":21,"column":4},"end":{"line":23,"column":null}},"9":{"start":{"line":22,"column":6},"end":{"line":22,"column":29}},"10":{"start":{"line":24,"column":4},"end":{"line":24,"column":19}},"11":{"start":{"line":28,"column":18},"end":{"line":28,"column":37}},"12":{"start":{"line":29,"column":4},"end":{"line":33,"column":null}},"13":{"start":{"line":30,"column":6},"end":{"line":30,"column":26}},"14":{"start":{"line":31,"column":6},"end":{"line":31,"column":18}},"15":{"start":{"line":32,"column":6},"end":{"line":32,"column":23}},"16":{"start":{"line":34,"column":18},"end":{"line":34,"column":33}},"17":{"start":{"line":35,"column":4},"end":{"line":35,"column":27}},"18":{"start":{"line":36,"column":4},"end":{"line":36,"column":16}},"19":{"start":{"line":37,"column":4},"end":{"line":37,"column":21}},"20":{"start":{"line":41,"column":4},"end":{"line":41,"column":45}},"21":{"start":{"line":41,"column":28},"end":{"line":41,"column":45}},"22":{"start":{"line":43,"column":4},"end":{"line":47,"column":null}},"23":{"start":{"line":44,"column":6},"end":{"line":44,"column":18}},"24":{"start":{"line":45,"column":6},"end":{"line":45,"column":23}},"25":{"start":{"line":46,"column":6},"end":{"line":46,"column":23}},"26":{"start":{"line":50,"column":18},"end":{"line":50,"column":27}},"27":{"start":{"line":51,"column":4},"end":{"line":54,"column":null}},"28":{"start":{"line":52,"column":6},"end":{"line":52,"column":29}},"29":{"start":{"line":53,"column":6},"end":{"line":53,"column":29}},"30":{"start":{"line":55,"column":4},"end":{"line":55,"column":29}},"31":{"start":{"line":56,"column":4},"end":{"line":56,"column":24}},"32":{"start":{"line":57,"column":4},"end":{"line":57,"column":16}},"33":{"start":{"line":58,"column":4},"end":{"line":58,"column":21}},"34":{"start":{"line":62,"column":18},"end":{"line":62,"column":37}},"35":{"start":{"line":63,"column":4},"end":{"line":63,"column":29}},"36":{"start":{"line":64,"column":4},"end":{"line":64,"column":24}},"37":{"start":{"line":65,"column":4},"end":{"line":65,"column":16}},"38":{"start":{"line":66,"column":4},"end":{"line":66,"column":21}},"39":{"start":{"line":70,"column":4},"end":{"line":72,"column":null}},"40":{"start":{"line":71,"column":6},"end":{"line":71,"column":23}},"41":{"start":{"line":74,"column":4},"end":{"line":78,"column":null}},"42":{"start":{"line":75,"column":6},"end":{"line":75,"column":23}},"43":{"start":{"line":76,"column":6},"end":{"line":76,"column":18}},"44":{"start":{"line":77,"column":6},"end":{"line":77,"column":23}},"45":{"start":{"line":79,"column":23},"end":{"line":79,"column":32}},"46":{"start":{"line":80,"column":4},"end":{"line":80,"column":31}},"47":{"start":{"line":81,"column":4},"end":{"line":81,"column":24}},"48":{"start":{"line":82,"column":4},"end":{"line":82,"column":16}},"49":{"start":{"line":83,"column":4},"end":{"line":83,"column":21}},"50":{"start":{"line":87,"column":4},"end":{"line":89,"column":null}},"51":{"start":{"line":88,"column":6},"end":{"line":88,"column":33}},"52":{"start":{"line":90,"column":4},"end":{"line":93,"column":null}},"53":{"start":{"line":91,"column":6},"end":{"line":91,"column":19}},"54":{"start":{"line":92,"column":6},"end":{"line":92,"column":62}},"55":{"start":{"line":95,"column":18},"end":{"line":95,"column":27}},"56":{"start":{"line":97,"column":4},"end":{"line":106,"column":null}},"57":{"start":{"line":98,"column":6},"end":{"line":103,"column":null}},"58":{"start":{"line":99,"column":8},"end":{"line":99,"column":41}},"59":{"start":{"line":100,"column":8},"end":{"line":100,"column":23}},"60":{"start":{"line":101,"column":8},"end":{"line":101,"column":20}},"61":{"start":{"line":102,"column":8},"end":{"line":102,"column":83}},"62":{"start":{"line":104,"column":6},"end":{"line":104,"column":29}},"63":{"start":{"line":105,"column":6},"end":{"line":105,"column":29}},"64":{"start":{"line":107,"column":4},"end":{"line":107,"column":40}},"65":{"start":{"line":111,"column":4},"end":{"line":113,"column":null}},"66":{"start":{"line":112,"column":6},"end":{"line":112,"column":39}},"67":{"start":{"line":114,"column":4},"end":{"line":118,"column":null}},"68":{"start":{"line":115,"column":6},"end":{"line":117,"column":9}},"69":{"start":{"line":120,"column":4},"end":{"line":122,"column":null}},"70":{"start":{"line":121,"column":6},"end":{"line":121,"column":51}},"71":{"start":{"line":123,"column":4},"end":{"line":127,"column":null}},"72":{"start":{"line":124,"column":6},"end":{"line":126,"column":9}},"73":{"start":{"line":129,"column":18},"end":{"line":129,"column":27}},"74":{"start":{"line":130,"column":22},"end":{"line":130,"column":23}},"75":{"start":{"line":131,"column":4},"end":{"line":134,"column":null}},"76":{"start":{"line":132,"column":6},"end":{"line":132,"column":29}},"77":{"start":{"line":133,"column":6},"end":{"line":133,"column":20}},"78":{"start":{"line":135,"column":4},"end":{"line":135,"column":69}},"79":{"start":{"line":139,"column":4},"end":{"line":141,"column":null}},"80":{"start":{"line":140,"column":6},"end":{"line":140,"column":18}},"81":{"start":{"line":142,"column":29},"end":{"line":142,"column":38}},"82":{"start":{"line":143,"column":4},"end":{"line":149,"column":null}},"83":{"start":{"line":144,"column":24},"end":{"line":144,"column":45}},"84":{"start":{"line":145,"column":6},"end":{"line":145,"column":47}},"85":{"start":{"line":146,"column":6},"end":{"line":146,"column":37}},"86":{"start":{"line":147,"column":6},"end":{"line":147,"column":25}},"87":{"start":{"line":148,"column":6},"end":{"line":148,"column":18}},"88":{"start":{"line":150,"column":4},"end":{"line":150,"column":16}},"89":{"start":{"line":10,"column":0},"end":{"line":10,"column":13}},"90":{"start":{"line":155,"column":11},"end":{"line":155,"column":27}},"91":{"start":{"line":156,"column":0},"end":{"line":156,"column":13}},"92":{"start":{"line":157,"column":0},"end":{"line":157,"column":13}},"93":{"start":{"line":158,"column":0},"end":{"line":158,"column":13}},"94":{"start":{"line":159,"column":0},"end":{"line":159,"column":13}}},"fnMap":{"0":{"name":"(anonymous_0)","decl":{"start":{"line":4,"column":2},"end":{"line":4,"column":14}},"loc":{"start":{"line":4,"column":26},"end":{"line":7,"column":3}}},"1":{"name":"(anonymous_1)","decl":{"start":{"line":13,"column":2},"end":{"line":13,"column":14}},"loc":{"start":{"line":13,"column":25},"end":{"line":16,"column":3}}},"2":{"name":"(anonymous_2)","decl":{"start":{"line":18,"column":2},"end":{"line":18,"column":10}},"loc":{"start":{"line":18,"column":10},"end":{"line":25,"column":3}}},"3":{"name":"(anonymous_3)","decl":{"start":{"line":27,"column":2},"end":{"line":27,"column":6}},"loc":{"start":{"line":27,"column":20},"end":{"line":38,"column":3}}},"4":{"name":"(anonymous_4)","decl":{"start":{"line":40,"column":2},"end":{"line":40,"column":5}},"loc":{"start":{"line":40,"column":5},"end":{"line":59,"column":3}}},"5":{"name":"(anonymous_5)","decl":{"start":{"line":61,"column":2},"end":{"line":61,"column":9}},"loc":{"start":{"line":61,"column":23},"end":{"line":67,"column":3}}},"6":{"name":"(anonymous_6)","decl":{"start":{"line":69,"column":2},"end":{"line":69,"column":7}},"loc":{"start":{"line":69,"column":7},"end":{"line":84,"column":3}}},"7":{"name":"(anonymous_7)","decl":{"start":{"line":86,"column":2},"end":{"line":86,"column":18}},"loc":{"start":{"line":86,"column":32},"end":{"line":108,"column":3}}},"8":{"name":"(anonymous_8)","decl":{"start":{"line":110,"column":2},"end":{"line":110,"column":17}},"loc":{"start":{"line":110,"column":32},"end":{"line":136,"column":3}}},"9":{"name":"(anonymous_9)","decl":{"start":{"line":138,"column":2},"end":{"line":138,"column":16}},"loc":{"start":{"line":138,"column":16},"end":{"line":151,"column":3}}}},"branchMap":{"0":{"loc":{"start":{"line":13,"column":14},"end":{"line":13,"column":25}},"type":"default-arg","locations":[{"start":{"line":13,"column":21},"end":{"line":13,"column":25}}]},"1":{"loc":{"start":{"line":19,"column":4},"end":{"line":19,"column":41}},"type":"if","locations":[{"start":{"line":19,"column":4},"end":{"line":19,"column":41}}]},"2":{"loc":{"start":{"line":29,"column":4},"end":{"line":33,"column":null}},"type":"if","locations":[{"start":{"line":29,"column":4},"end":{"line":33,"column":null}}]},"3":{"loc":{"start":{"line":41,"column":4},"end":{"line":41,"column":45}},"type":"if","locations":[{"start":{"line":41,"column":4},"end":{"line":41,"column":45}}]},"4":{"loc":{"start":{"line":43,"column":4},"end":{"line":47,"column":null}},"type":"if","locations":[{"start":{"line":43,"column":4},"end":{"line":47,"column":null}}]},"5":{"loc":{"start":{"line":70,"column":4},"end":{"line":72,"column":null}},"type":"if","locations":[{"start":{"line":70,"column":4},"end":{"line":72,"column":null}}]},"6":{"loc":{"start":{"line":74,"column":4},"end":{"line":78,"column":null}},"type":"if","locations":[{"start":{"line":74,"column":4},"end":{"line":78,"column":null}}]},"7":{"loc":{"start":{"line":87,"column":4},"end":{"line":89,"column":null}},"type":"if","locations":[{"start":{"line":87,"column":4},"end":{"line":89,"column":null}}]},"8":{"loc":{"start":{"line":90,"column":4},"end":{"line":93,"column":null}},"type":"if","locations":[{"start":{"line":90,"column":4},"end":{"line":93,"column":null}}]},"9":{"loc":{"start":{"line":98,"column":6},"end":{"line":103,"column":null}},"type":"if","locations":[{"start":{"line":98,"column":6},"end":{"line":103,"column":null}}]},"10":{"loc":{"start":{"line":111,"column":4},"end":{"line":113,"column":null}},"type":"if","locations":[{"start":{"line":111,"column":4},"end":{"line":113,"column":null}}]},"11":{"loc":{"start":{"line":114,"column":4},"end":{"line":118,"column":null}},"type":"if","locations":[{"start":{"line":114,"column":4},"end":{"line":118,"column":null}}]},"12":{"loc":{"start":{"line":120,"column":4},"end":{"line":122,"column":null}},"type":"if","locations":[{"start":{"line":120,"column":4},"end":{"line":122,"column":null}}]},"13":{"loc":{"start":{"line":123,"column":4},"end":{"line":127,"column":null}},"type":"if","locations":[{"start":{"line":123,"column":4},"end":{"line":127,"column":null}}]},"14":{"loc":{"start":{"line":139,"column":4},"end":{"line":141,"column":null}},"type":"if","locations":[{"start":{"line":139,"column":4},"end":{"line":141,"column":null}}]}},"s":{"0":30,"1":30,"2":1,"3":6,"4":6,"5":27,"6":7,"7":20,"8":20,"9":58,"10":20,"11":24,"12":24,"13":7,"14":7,"15":7,"16":17,"17":17,"18":17,"19":17,"20":2,"21":1,"22":1,"23":0,"24":0,"25":0,"26":1,"27":1,"28":7,"29":7,"30":1,"31":1,"32":1,"33":1,"34":4,"35":4,"36":4,"37":4,"38":4,"39":4,"40":1,"41":3,"42":2,"43":2,"44":2,"45":1,"46":1,"47":1,"48":1,"49":1,"50":4,"51":1,"52":3,"53":1,"54":1,"55":2,"56":2,"57":7,"58":1,"59":1,"60":1,"61":1,"62":6,"63":6,"64":1,"65":4,"66":1,"67":3,"68":1,"69":2,"70":0,"71":2,"72":1,"73":1,"74":1,"75":1,"76":2,"77":2,"78":1,"79":3,"80":2,"81":1,"82":1,"83":3,"84":3,"85":3,"86":3,"87":3,"88":1,"89":1,"90":1,"91":1,"92":1,"93":1,"94":1},"f":{"0":30,"1":6,"2":27,"3":24,"4":2,"5":4,"6":4,"7":4,"8":4,"9":3},"b":{"0":[6],"1":[7],"2":[7],"3":[1],"4":[0],"5":[1],"6":[2],"7":[1],"8":[1],"9":[1],"10":[1],"11":[1],"12":[0],"13":[1],"14":[2]}}
,"/Users/robrichards/practice/percentGenerator.ts": {"path":"/Users/robrichards/practice/percentGenerator.ts","statementMap":{"0":{"start":{"line":20,"column":29},"end":{"line":37,"column":1}},"1":{"start":{"line":21,"column":17},"end":{"line":24,"column":4}},"2":{"start":{"line":25,"column":2},"end":{"line":25,"column":35}},"3":{"start":{"line":25,"column":25},"end":{"line":25,"column":35}},"4":{"start":{"line":27,"column":30},"end":{"line":27,"column":31}},"5":{"start":{"line":29,"column":2},"end":{"line":32,"column":5}},"6":{"start":{"line":30,"column":4},"end":{"line":30,"column":46}},"7":{"start":{"line":31,"column":4},"end":{"line":31,"column":69}},"8":{"start":{"line":34,"column":2},"end":{"line":34,"column":70}},"9":{"start":{"line":36,"column":2},"end":{"line":36,"column":16}},"10":{"start":{"line":39,"column":47},"end":{"line":49,"column":1}},"11":{"start":{"line":40,"column":42},"end":{"line":40,"column":49}},"12":{"start":{"line":42,"column":2},"end":{"line":48,"column":4}},"13":{"start":{"line":39,"column":13},"end":{"line":39,"column":47}}},"fnMap":{"0":{"name":"(anonymous_0)","decl":{"start":{"line":20,"column":29},"end":{"line":20,"column":30}},"loc":{"start":{"line":20,"column":55},"end":{"line":37,"column":1}}},"1":{"name":"(anonymous_1)","decl":{"start":{"line":29,"column":15},"end":{"line":29,"column":16}},"loc":{"start":{"line":29,"column":24},"end":{"line":32,"column":3}}},"2":{"name":"(anonymous_2)","decl":{"start":{"line":39,"column":47},"end":{"line":39,"column":48}},"loc":{"start":{"line":39,"column":68},"end":{"line":49,"column":1}}}},"branchMap":{"0":{"loc":{"start":{"line":25,"column":2},"end":{"line":25,"column":35}},"type":"if","locations":[{"start":{"line":25,"column":2},"end":{"line":25,"column":35}}]}},"s":{"0":1,"1":12,"2":12,"3":5,"4":7,"5":7,"6":23,"7":23,"8":7,"9":7,"10":1,"11":3,"12":3,"13":1},"f":{"0":12,"1":23,"2":3},"b":{"0":[5]}}
,"/Users/robrichards/practice/search.ts": {"path":"/Users/robrichards/practice/search.ts","statementMap":{"0":{"start":{"line":1,"column":28},"end":{"line":15,"column":1}},"1":{"start":{"line":5,"column":14},"end":{"line":5,"column":15}},"2":{"start":{"line":6,"column":10},"end":{"line":6,"column":30}},"3":{"start":{"line":8,"column":2},"end":{"line":13,"column":null}},"4":{"start":{"line":9,"column":14},"end":{"line":9,"column":43}},"5":{"start":{"line":10,"column":4},"end":{"line":10,"column":53}},"6":{"start":{"line":10,"column":41},"end":{"line":10,"column":53}},"7":{"start":{"line":11,"column":4},"end":{"line":12,"column":25}},"8":{"start":{"line":11,"column":39},"end":{"line":11,"column":53}},"9":{"start":{"line":12,"column":9},"end":{"line":12,"column":25}},"10":{"start":{"line":14,"column":2},"end":{"line":14,"column":15}},"11":{"start":{"line":1,"column":13},"end":{"line":1,"column":28}}},"fnMap":{"0":{"name":"(anonymous_0)","decl":{"start":{"line":1,"column":28},"end":{"line":1,"column":null}},"loc":{"start":{"line":4,"column":13},"end":{"line":15,"column":1}}}},"branchMap":{"0":{"loc":{"start":{"line":10,"column":4},"end":{"line":10,"column":53}},"type":"if","locations":[{"start":{"line":10,"column":4},"end":{"line":10,"column":53}}]},"1":{"loc":{"start":{"line":11,"column":4},"end":{"line":12,"column":25}},"type":"if","locations":[{"start":{"line":11,"column":4},"end":{"line":12,"column":25}},{"start":{"line":12,"column":9},"end":{"line":12,"column":25}}]}},"s":{"0":1,"1":4,"2":4,"3":4,"4":8,"5":8,"6":1,"7":7,"8":3,"9":4,"10":3,"11":1},"f":{"0":4},"b":{"0":[1],"1":[3,4]}}
,"/Users/robrichards/practice/sort.ts": {"path":"/Users/robrichards/practice/sort.ts","statementMap":{"0":{"start":{"line":1,"column":15},"end":{"line":9,"column":1}},"1":{"start":{"line":3,"column":12},"end":{"line":3,"column":14}},"2":{"start":{"line":4,"column":2},"end":{"line":6,"column":null}},"3":{"start":{"line":5,"column":4},"end":{"line":5,"column":74}},"4":{"start":{"line":8,"column":2},"end":{"line":8,"column":37}},"5":{"start":{"line":11,"column":25},"end":{"line":19,"column":1}},"6":{"start":{"line":13,"column":2},"end":{"line":13,"column":34}},"7":{"start":{"line":13,"column":23},"end":{"line":13,"column":34}},"8":{"start":{"line":15,"column":19},"end":{"line":15,"column":33}},"9":{"start":{"line":16,"column":15},"end":{"line":16,"column":38}},"10":{"start":{"line":18,"column":2},"end":{"line":18,"column":49}},"11":{"start":{"line":11,"column":13},"end":{"line":11,"column":25}},"12":{"start":{"line":21,"column":26},"end":{"line":32,"column":1}},"13":{"start":{"line":22,"column":2},"end":{"line":30,"column":null}},"14":{"start":{"line":22,"column":15},"end":{"line":22,"column":16}},"15":{"start":{"line":23,"column":4},"end":{"line":29,"column":null}},"16":{"start":{"line":23,"column":17},"end":{"line":23,"column":18}},"17":{"start":{"line":24,"column":6},"end":{"line":28,"column":null}},"18":{"start":{"line":25,"column":19},"end":{"line":25,"column":25}},"19":{"start":{"line":26,"column":8},"end":{"line":26,"column":28}},"20":{"start":{"line":27,"column":8},"end":{"line":27,"column":26}},"21":{"start":{"line":31,"column":2},"end":{"line":31,"column":13}},"22":{"start":{"line":21,"column":13},"end":{"line":21,"column":26}},"23":{"start":{"line":34,"column":35},"end":{"line":48,"column":1}},"24":{"start":{"line":37,"column":20},"end":{"line":37,"column":22}},"25":{"start":{"line":38,"column":17},"end":{"line":38,"column":19}},"26":{"start":{"line":40,"column":2},"end":{"line":42,"column":4}},"27":{"start":{"line":41,"column":4},"end":{"line":41,"column":71}},"28":{"start":{"line":44,"column":2},"end":{"line":47,"column":4}},"29":{"start":{"line":45,"column":29},"end":{"line":45,"column":34}},"30":{"start":{"line":46,"column":33},"end":{"line":46,"column":75}},"31":{"start":{"line":34,"column":13},"end":{"line":34,"column":35}}},"fnMap":{"0":{"name":"(anonymous_0)","decl":{"start":{"line":1,"column":15},"end":{"line":1,"column":16}},"loc":{"start":{"line":1,"column":76},"end":{"line":9,"column":1}}},"1":{"name":"(anonymous_1)","decl":{"start":{"line":11,"column":25},"end":{"line":11,"column":26}},"loc":{"start":{"line":11,"column":63},"end":{"line":19,"column":1}}},"2":{"name":"(anonymous_2)","decl":{"start":{"line":21,"column":26},"end":{"line":21,"column":27}},"loc":{"start":{"line":21,"column":64},"end":{"line":32,"column":1}}},"3":{"name":"(anonymous_3)","decl":{"start":{"line":34,"column":35},"end":{"line":34,"column":null}},"loc":{"start":{"line":36,"column":28},"end":{"line":48,"column":1}}},"4":{"name":"(anonymous_4)","decl":{"start":{"line":40,"column":14},"end":{"line":40,"column":15}},"loc":{"start":{"line":41,"column":4},"end":{"line":41,"column":71}}},"5":{"name":"(anonymous_5)","decl":{"start":{"line":45,"column":19},"end":{"line":45,"column":20}},"loc":{"start":{"line":45,"column":29},"end":{"line":45,"column":34}}},"6":{"name":"(anonymous_6)","decl":{"start":{"line":46,"column":22},"end":{"line":46,"column":23}},"loc":{"start":{"line":46,"column":33},"end":{"line":46,"column":75}}}},"branchMap":{"0":{"loc":{"start":{"line":4,"column":9},"end":{"line":4,"column":36}},"type":"binary-expr","locations":[{"start":{"line":4,"column":9},"end":{"line":4,"column":20}},{"start":{"line":4,"column":24},"end":{"line":4,"column":36}}]},"1":{"loc":{"start":{"line":5,"column":4},"end":{"line":5,"column":73}},"type":"cond-expr","locations":[{"start":{"line":5,"column":25},"end":{"line":5,"column":47}},{"start":{"line":5,"column":50},"end":{"line":5,"column":73}}]},"2":{"loc":{"start":{"line":13,"column":2},"end":{"line":13,"column":34}},"type":"if","locations":[{"start":{"line":13,"column":2},"end":{"line":13,"column":34}}]},"3":{"loc":{"start":{"line":24,"column":6},"end":{"line":28,"column":null}},"type":"if","locations":[{"start":{"line":24,"column":6},"end":{"line":28,"column":null}}]},"4":{"loc":{"start":{"line":41,"column":4},"end":{"line":41,"column":71}},"type":"cond-expr","locations":[{"start":{"line":41,"column":31},"end":{"line":41,"column":51}},{"start":{"line":41,"column":54},"end":{"line":41,"column":71}}]},"5":{"loc":{"start":{"line":46,"column":33},"end":{"line":46,"column":75}},"type":"cond-expr","locations":[{"start":{"line":46,"column":69},"end":{"line":46,"column":71}},{"start":{"line":46,"column":74},"end":{"line":46,"column":75}}]}},"s":{"0":1,"1":13,"2":13,"3":30,"4":13,"5":1,"6":29,"7":16,"8":13,"9":13,"10":13,"11":1,"12":1,"13":3,"14":3,"15":15,"16":15,"17":113,"18":33,"19":33,"20":33,"21":3,"22":1,"23":1,"24":4,"25":4,"26":4,"27":23,"28":4,"29":27,"30":10,"31":1},"f":{"0":13,"1":29,"2":3,"3":4,"4":23,"5":27,"6":10},"b":{"0":[43,36],"1":[14,16],"2":[16],"3":[33],"4":[8,15],"5":[4,6]}}
}
