TN:
SF:date.ts
FN:2,(anonymous_0)
FN:7,(anonymous_1)
FN:14,(anonymous_2)
FN:24,(anonymous_3)
FN:51,(anonymous_4)
FN:58,(anonymous_5)
FN:89,(anonymous_6)
FNF:7
FNH:7
FNDA:11,(anonymous_0)
FNDA:6,(anonymous_1)
FNDA:8,(anonymous_2)
FNDA:25,(anonymous_3)
FNDA:9,(anonymous_4)
FNDA:7,(anonymous_5)
FNDA:12,(anonymous_6)
DA:2,1
DA:3,11
DA:4,11
DA:7,1
DA:11,6
DA:12,4
DA:14,8
DA:15,2
DA:16,2
DA:24,1
DA:28,25
DA:29,5
DA:31,20
DA:35,6
DA:37,14
DA:51,1
DA:52,9
DA:58,1
DA:62,7
DA:63,1
DA:68,6
DA:70,6
DA:75,6
DA:78,2
DA:84,4
DA:85,4
DA:86,4
DA:87,4
DA:89,4
DA:90,12
DA:92,12
DA:93,5
DA:97,5
DA:102,5
DA:103,5
DA:104,5
DA:106,5
DA:110,4
DA:112,4
DA:115,4
LF:40
LH:40
BRDA:4,0,0,11
BRDA:4,0,1,9
BRDA:11,1,0,2
BRDA:14,2,0,2
BRDA:28,3,0,5
BRDA:31,4,0,6
BRDA:33,5,0,18
BRDA:33,5,1,2
BRDA:62,6,0,1
BRDA:70,7,0,1
BRDA:70,7,1,5
BRDA:75,8,0,2
BRDA:92,9,0,5
BRDA:94,10,0,3
BRDA:94,10,1,2
BRDA:98,11,0,1
BRDA:98,11,1,4
BRF:17
BRH:17
end_of_record
TN:
SF:faang.ts
FN:1,(anonymous_0)
FN:5,(anonymous_1)
FN:16,(anonymous_2)
FN:20,(anonymous_3)
FN:65,(anonymous_4)
FN:98,(anonymous_5)
FN:120,(anonymous_6)
FN:124,(anonymous_7)
FN:140,(anonymous_8)
FN:157,(anonymous_9)
FNF:10
FNH:10
FNDA:14,(anonymous_0)
FNDA:67,(anonymous_1)
FNDA:7,(anonymous_2)
FNDA:7,(anonymous_3)
FNDA:8,(anonymous_4)
FNDA:8,(anonymous_5)
FNDA:8,(anonymous_6)
FNDA:66,(anonymous_7)
FNDA:10,(anonymous_8)
FNDA:12,(anonymous_9)
DA:1,1
DA:2,14
DA:3,14
DA:6,67
DA:8,14
DA:16,1
DA:17,7
DA:20,1
DA:24,7
DA:25,7
DA:27,7
DA:28,28
DA:29,7
DA:30,2
DA:31,2
DA:32,8
DA:33,8
DA:34,8
DA:35,2
DA:39,7
DA:40,7
DA:41,7
DA:42,14
DA:43,14
DA:44,14
DA:45,0
DA:50,21
DA:51,3
DA:53,18
DA:54,18
DA:57,4
DA:65,1
DA:68,8
DA:69,8
DA:70,8
DA:71,8
DA:72,8
DA:74,8
DA:76,7
DA:77,28
DA:78,14
DA:79,14
DA:80,14
DA:81,14
DA:82,2
DA:84,14
DA:86,14
DA:87,14
DA:88,14
DA:89,14
DA:90,9
DA:95,7
DA:98,1
DA:99,8
DA:100,7
DA:101,7
DA:102,7
DA:104,7
DA:105,36
DA:106,36
DA:107,36
DA:108,17
DA:110,36
DA:111,36
DA:114,7
DA:120,1
DA:121,8
DA:124,66
DA:127,8
DA:128,8
DA:130,8
DA:131,24
DA:132,2
DA:134,22
DA:135,22
DA:137,6
DA:140,1
DA:145,10
DA:146,9
DA:147,8
DA:149,1
DA:150,1
DA:152,2
DA:157,1
DA:158,12
DA:160,12
DA:161,12
DA:163,12
DA:164,32
DA:165,6
DA:170,26
DA:171,26
DA:173,6
LF:93
LH:92
BRDA:6,0,0,56
BRDA:6,0,1,11
BRDA:27,1,0,32
BRDA:27,1,1,4
BRDA:28,2,0,7
BRDA:28,2,1,21
BRDA:28,3,0,28
BRDA:28,3,1,26
BRDA:29,4,0,2
BRDA:34,5,0,2
BRDA:39,6,0,7
BRDA:44,7,0,0
BRDA:50,8,0,3
BRDA:74,9,0,1
BRDA:76,10,0,35
BRDA:76,10,1,35
BRDA:77,11,0,14
BRDA:77,11,1,14
BRDA:81,12,0,2
BRDA:89,13,0,9
BRDA:99,14,0,1
BRDA:107,15,0,17
BRDA:131,16,0,2
BRDA:146,17,0,8
BRDA:164,18,0,6
BRDA:166,19,0,6
BRDA:166,19,1,4
BRF:27
BRH:26
end_of_record
TN:
SF:index.ts
FN:1,(anonymous_0)
FN:4,(anonymous_1)
FN:5,(anonymous_2)
FN:7,(anonymous_3)
FN:9,(anonymous_4)
FN:10,(anonymous_5)
FN:13,(anonymous_6)
FN:16,(anonymous_7)
FN:20,(anonymous_8)
FN:25,(anonymous_9)
FN:26,(anonymous_10)
FN:28,(anonymous_11)
FN:45,(anonymous_12)
FN:63,(anonymous_13)
FN:64,(anonymous_14)
FN:67,(anonymous_15)
FN:70,(anonymous_16)
FN:73,(anonymous_17)
FN:77,(anonymous_18)
FN:80,(anonymous_19)
FN:84,(anonymous_20)
FN:93,(anonymous_21)
FN:99,(anonymous_22)
FN:112,(anonymous_23)
FN:127,(anonymous_24)
FN:140,(anonymous_25)
FN:159,(anonymous_26)
FN:184,(anonymous_27)
FN:189,(anonymous_28)
FN:192,(anonymous_29)
FN:196,(anonymous_30)
FN:208,(anonymous_31)
FN:234,(anonymous_32)
FN:236,(anonymous_33)
FN:245,(anonymous_34)
FN:248,(anonymous_35)
FN:248,(anonymous_36)
FN:249,(anonymous_37)
FN:251,(anonymous_38)
FN:255,(anonymous_39)
FN:256,(anonymous_40)
FN:257,(anonymous_41)
FN:263,(anonymous_42)
FN:293,(anonymous_43)
FN:297,(anonymous_44)
FN:308,(anonymous_45)
FN:318,(anonymous_46)
FN:326,(anonymous_47)
FN:329,(anonymous_48)
FN:334,(anonymous_49)
FN:339,(anonymous_50)
FN:365,(anonymous_51)
FN:368,(anonymous_52)
FN:384,(anonymous_53)
FN:386,(anonymous_54)
FN:394,(anonymous_55)
FN:398,(anonymous_56)
FN:412,(anonymous_57)
FN:418,(anonymous_58)
FN:433,(anonymous_59)
FN:436,(anonymous_60)
FN:443,(anonymous_61)
FN:449,(anonymous_62)
FN:450,(anonymous_63)
FN:455,(anonymous_64)
FN:461,(anonymous_65)
FN:464,(anonymous_66)
FN:473,(anonymous_67)
FN:475,(anonymous_68)
FN:480,(anonymous_69)
FN:484,(anonymous_70)
FN:486,(anonymous_71)
FN:489,(anonymous_72)
FN:493,(anonymous_73)
FN:497,(anonymous_74)
FN:513,(anonymous_75)
FN:517,(anonymous_76)
FN:520,(anonymous_77)
FN:524,(anonymous_78)
FN:528,(anonymous_79)
FN:531,(anonymous_80)
FN:534,(anonymous_81)
FN:535,(anonymous_82)
FN:538,(anonymous_83)
FN:541,(anonymous_84)
FN:545,(anonymous_85)
FN:553,(anonymous_86)
FN:556,(anonymous_87)
FN:560,(anonymous_88)
FN:565,(anonymous_89)
FN:574,(anonymous_90)
FN:577,(anonymous_91)
FN:583,(anonymous_92)
FN:589,(anonymous_93)
FN:594,(anonymous_94)
FN:595,(anonymous_95)
FN:596,(anonymous_96)
FN:601,(anonymous_97)
FN:602,(anonymous_98)
FN:604,(anonymous_99)
FN:607,(anonymous_100)
FN:611,(anonymous_101)
FN:615,(anonymous_102)
FN:616,(anonymous_103)
FN:618,(anonymous_104)
FN:624,(anonymous_105)
FN:627,(anonymous_106)
FN:629,(anonymous_107)
FN:633,(anonymous_108)
FN:635,(anonymous_109)
FN:636,(anonymous_110)
FN:636,(anonymous_111)
FN:642,(anonymous_112)
FN:651,(anonymous_113)
FN:654,(anonymous_114)
FN:655,(anonymous_115)
FN:658,(anonymous_116)
FN:659,(anonymous_117)
FN:661,(anonymous_118)
FN:663,(anonymous_119)
FN:664,(anonymous_120)
FN:665,(anonymous_121)
FN:668,(anonymous_122)
FN:669,(anonymous_123)
FN:684,(anonymous_124)
FN:687,(anonymous_125)
FN:690,(anonymous_126)
FN:694,(anonymous_127)
FN:697,(anonymous_128)
FN:700,(anonymous_129)
FN:702,(anonymous_130)
FN:705,(anonymous_131)
FN:714,(anonymous_132)
FN:715,(anonymous_133)
FNF:134
FNH:111
FNDA:3,(anonymous_0)
FNDA:7,(anonymous_1)
FNDA:7,(anonymous_2)
FNDA:4,(anonymous_3)
FNDA:4,(anonymous_4)
FNDA:9,(anonymous_5)
FNDA:4,(anonymous_6)
FNDA:17,(anonymous_7)
FNDA:3,(anonymous_8)
FNDA:4,(anonymous_9)
FNDA:56,(anonymous_10)
FNDA:5,(anonymous_11)
FNDA:9,(anonymous_12)
FNDA:3,(anonymous_13)
FNDA:8,(anonymous_14)
FNDA:3,(anonymous_15)
FNDA:8,(anonymous_16)
FNDA:3,(anonymous_17)
FNDA:8,(anonymous_18)
FNDA:6,(anonymous_19)
FNDA:24,(anonymous_20)
FNDA:6,(anonymous_21)
FNDA:22,(anonymous_22)
FNDA:8,(anonymous_23)
FNDA:0,(anonymous_24)
FNDA:0,(anonymous_25)
FNDA:0,(anonymous_26)
FNDA:0,(anonymous_27)
FNDA:0,(anonymous_28)
FNDA:0,(anonymous_29)
FNDA:0,(anonymous_30)
FNDA:0,(anonymous_31)
FNDA:0,(anonymous_32)
FNDA:0,(anonymous_33)
FNDA:0,(anonymous_34)
FNDA:0,(anonymous_35)
FNDA:0,(anonymous_36)
FNDA:0,(anonymous_37)
FNDA:43,(anonymous_38)
FNDA:0,(anonymous_39)
FNDA:0,(anonymous_40)
FNDA:0,(anonymous_41)
FNDA:0,(anonymous_42)
FNDA:0,(anonymous_43)
FNDA:0,(anonymous_44)
FNDA:0,(anonymous_45)
FNDA:0,(anonymous_46)
FNDA:3,(anonymous_47)
FNDA:6,(anonymous_48)
FNDA:6,(anonymous_49)
FNDA:3,(anonymous_50)
FNDA:3,(anonymous_51)
FNDA:24,(anonymous_52)
FNDA:2,(anonymous_53)
FNDA:6,(anonymous_54)
FNDA:5,(anonymous_55)
FNDA:34,(anonymous_56)
FNDA:4,(anonymous_57)
FNDA:17,(anonymous_58)
FNDA:4,(anonymous_59)
FNDA:15,(anonymous_60)
FNDA:4,(anonymous_61)
FNDA:20,(anonymous_62)
FNDA:27,(anonymous_63)
FNDA:5,(anonymous_64)
FNDA:3,(anonymous_65)
FNDA:13,(anonymous_66)
FNDA:5,(anonymous_67)
FNDA:9,(anonymous_68)
FNDA:19,(anonymous_69)
FNDA:4,(anonymous_70)
FNDA:10,(anonymous_71)
FNDA:3,(anonymous_72)
FNDA:10,(anonymous_73)
FNDA:0,(anonymous_74)
FNDA:5,(anonymous_75)
FNDA:7,(anonymous_76)
FNDA:39,(anonymous_77)
FNDA:6,(anonymous_78)
FNDA:3,(anonymous_79)
FNDA:17,(anonymous_80)
FNDA:3,(anonymous_81)
FNDA:6,(anonymous_82)
FNDA:6,(anonymous_83)
FNDA:5,(anonymous_84)
FNDA:16,(anonymous_85)
FNDA:3,(anonymous_86)
FNDA:14,(anonymous_87)
FNDA:4,(anonymous_88)
FNDA:16,(anonymous_89)
FNDA:8,(anonymous_90)
FNDA:5,(anonymous_91)
FNDA:35,(anonymous_92)
FNDA:8,(anonymous_93)
FNDA:5,(anonymous_94)
FNDA:17,(anonymous_95)
FNDA:17,(anonymous_96)
FNDA:3,(anonymous_97)
FNDA:14,(anonymous_98)
FNDA:5,(anonymous_99)
FNDA:3,(anonymous_100)
FNDA:9,(anonymous_101)
FNDA:2,(anonymous_102)
FNDA:24,(anonymous_103)
FNDA:4,(anonymous_104)
FNDA:4,(anonymous_105)
FNDA:4,(anonymous_106)
FNDA:2,(anonymous_107)
FNDA:3,(anonymous_108)
FNDA:6,(anonymous_109)
FNDA:26,(anonymous_110)
FNDA:12,(anonymous_111)
FNDA:6,(anonymous_112)
FNDA:2,(anonymous_113)
FNDA:6,(anonymous_114)
FNDA:12,(anonymous_115)
FNDA:6,(anonymous_116)
FNDA:35,(anonymous_117)
FNDA:109,(anonymous_118)
FNDA:462,(anonymous_119)
FNDA:208,(anonymous_120)
FNDA:208,(anonymous_121)
FNDA:17,(anonymous_122)
FNDA:51,(anonymous_123)
FNDA:9,(anonymous_124)
FNDA:18,(anonymous_125)
FNDA:5,(anonymous_126)
FNDA:48,(anonymous_127)
FNDA:48,(anonymous_128)
FNDA:20,(anonymous_129)
FNDA:220,(anonymous_130)
FNDA:4,(anonymous_131)
FNDA:5,(anonymous_132)
FNDA:992,(anonymous_133)
DA:1,1
DA:2,3
DA:4,7
DA:5,7
DA:7,4
DA:9,1
DA:10,9
DA:13,1
DA:14,4
DA:16,17
DA:20,1
DA:21,3
DA:22,3
DA:25,1
DA:26,56
DA:28,1
DA:29,5
DA:30,5
DA:31,5
DA:33,5
DA:35,4
DA:36,6
DA:37,1
DA:39,5
DA:40,5
DA:42,3
DA:45,1
DA:46,9
DA:49,3
DA:51,1
DA:53,1
DA:55,1
DA:57,1
DA:59,2
DA:63,1
DA:64,8
DA:67,1
DA:70,8
DA:73,1
DA:77,8
DA:80,1
DA:81,6
DA:82,6
DA:84,6
DA:85,24
DA:88,6
DA:93,1
DA:94,6
DA:95,5
DA:96,5
DA:100,22
DA:103,5
DA:104,17
DA:105,16
DA:106,15
DA:109,3
DA:112,1
DA:113,8
DA:115,8
DA:116,221
DA:117,221
DA:118,218
DA:121,5
DA:127,1
DA:128,0
DA:130,0
DA:131,0
DA:132,0
DA:133,0
DA:137,0
DA:140,1
DA:141,0
DA:142,0
DA:143,0
DA:144,0
DA:145,0
DA:146,0
DA:147,0
DA:148,0
DA:150,0
DA:151,0
DA:152,0
DA:156,0
DA:159,1
DA:163,0
DA:164,0
DA:165,0
DA:167,0
DA:168,0
DA:170,0
DA:171,0
DA:172,0
DA:173,0
DA:175,0
DA:176,0
DA:179,0
DA:181,0
DA:184,1
DA:188,0
DA:189,0
DA:192,1
DA:193,0
DA:194,0
DA:195,0
DA:196,0
DA:197,0
DA:199,0
DA:200,0
DA:201,0
DA:202,0
DA:205,0
DA:208,1
DA:209,0
DA:210,0
DA:211,0
DA:212,0
DA:213,0
DA:215,0
DA:216,0
DA:217,0
DA:219,0
DA:220,0
DA:221,0
DA:224,0
DA:225,0
DA:226,0
DA:228,0
DA:234,1
DA:235,0
DA:236,0
DA:237,0
DA:239,0
DA:240,0
DA:242,0
DA:245,1
DA:246,0
DA:248,0
DA:249,0
DA:251,1
DA:252,43
DA:255,1
DA:256,0
DA:257,0
DA:258,0
DA:263,1
DA:264,0
DA:265,0
DA:267,0
DA:268,0
DA:269,0
DA:271,0
DA:272,0
DA:274,0
DA:275,0
DA:276,0
DA:277,0
DA:280,0
DA:281,0
DA:282,0
DA:283,0
DA:284,0
DA:286,0
DA:288,0
DA:290,0
DA:293,1
DA:294,0
DA:295,0
DA:296,0
DA:297,0
DA:298,0
DA:300,0
DA:301,0
DA:302,0
DA:305,0
DA:308,1
DA:309,0
DA:318,1
DA:319,0
DA:320,0
DA:321,0
DA:322,0
DA:323,0
DA:326,1
DA:329,3
DA:330,6
DA:334,1
DA:335,6
DA:336,4
DA:339,1
DA:342,3
DA:343,3
DA:344,3
DA:346,3
DA:347,24
DA:348,2
DA:349,2
DA:350,2
DA:351,22
DA:352,0
DA:353,0
DA:354,22
DA:355,11
DA:356,11
DA:357,11
DA:359,11
DA:362,3
DA:365,1
DA:368,24
DA:384,1
DA:385,2
DA:386,2
DA:387,6
DA:391,2
DA:394,1
DA:395,5
DA:396,5
DA:398,5
DA:399,34
DA:400,34
DA:403,5
DA:412,1
DA:413,4
DA:414,1
DA:416,3
DA:419,17
DA:420,2
DA:422,15
DA:423,4
DA:425,11
DA:433,1
DA:436,15
DA:443,1
DA:444,4
DA:445,3
DA:449,20
DA:450,27
DA:455,1
DA:456,5
DA:458,4
DA:461,1
DA:462,3
DA:465,13
DA:466,7
DA:467,3
DA:468,2
DA:473,1
DA:474,5
DA:475,4
DA:476,9
DA:480,1
DA:481,19
DA:484,1
DA:485,4
DA:486,10
DA:489,1
DA:490,3
DA:493,10
DA:497,1
DA:503,0
DA:505,0
DA:506,0
DA:507,0
DA:510,0
DA:513,1
DA:514,5
DA:517,1
DA:518,7
DA:519,6
DA:520,39
DA:521,5
DA:524,1
DA:525,6
DA:528,1
DA:529,3
DA:531,17
DA:534,1
DA:535,6
DA:538,1
DA:539,6
DA:541,1
DA:542,5
DA:543,5
DA:545,5
DA:546,16
DA:547,16
DA:550,5
DA:553,1
DA:554,3
DA:556,14
DA:560,1
DA:563,4
DA:566,16
DA:567,16
DA:574,1
DA:575,8
DA:577,1
DA:581,5
DA:583,35
DA:589,1
DA:590,8
DA:594,1
DA:595,17
DA:596,17
DA:601,1
DA:602,14
DA:604,1
DA:605,5
DA:607,1
DA:608,3
DA:611,9
DA:615,1
DA:616,24
DA:618,1
DA:622,4
DA:624,1
DA:625,4
DA:627,1
DA:628,4
DA:629,3
DA:630,3
DA:633,3
DA:635,1
DA:636,26
DA:637,6
DA:638,3
DA:639,1
DA:642,1
DA:643,6
DA:644,5
DA:645,5
DA:646,33
DA:648,5
DA:651,1
DA:652,2
DA:654,6
DA:655,12
DA:658,1
DA:659,35
DA:661,1
DA:662,109
DA:663,462
DA:664,208
DA:665,208
DA:668,1
DA:669,51
DA:670,17
DA:672,4
DA:674,3
DA:676,3
DA:678,3
DA:680,4
DA:684,1
DA:685,9
DA:687,18
DA:690,1
DA:691,5
DA:695,48
DA:697,48
DA:700,1
DA:701,20
DA:702,220
DA:705,1
DA:706,4
DA:714,1
DA:715,992
LF:365
LH:254
BRDA:22,0,0,2
BRDA:22,0,1,1
BRDA:26,1,0,9
BRDA:26,1,1,47
BRDA:33,2,0,1
BRDA:36,3,0,1
BRDA:46,4,0,2
BRDA:46,4,1,3
BRDA:46,4,2,1
BRDA:46,4,3,1
BRDA:46,4,4,1
BRDA:46,4,5,1
BRDA:46,4,6,2
BRDA:64,5,0,4
BRDA:64,5,1,4
BRDA:70,6,0,8
BRDA:70,6,1,4
BRDA:85,7,0,13
BRDA:85,7,1,11
BRDA:88,8,0,4
BRDA:88,8,1,2
BRDA:94,9,0,1
BRDA:100,10,0,17
BRDA:100,10,1,5
BRDA:104,11,0,1
BRDA:105,12,0,1
BRDA:106,13,0,15
BRDA:116,14,0,19
BRDA:117,15,0,3
BRDA:117,16,0,221
BRDA:117,16,1,21
BRDA:118,17,0,18
BRDA:118,18,0,218
BRDA:118,18,1,18
BRDA:128,19,0,0
BRDA:128,19,1,0
BRDA:132,20,0,0
BRDA:147,21,0,0
BRDA:147,21,1,0
BRDA:151,22,0,0
BRDA:163,23,0,0
BRDA:164,24,0,0
BRDA:165,25,0,0
BRDA:170,26,0,0
BRDA:170,26,1,0
BRDA:171,27,0,0
BRDA:171,27,1,0
BRDA:179,28,0,0
BRDA:197,29,0,0
BRDA:197,29,1,0
BRDA:200,30,0,0
BRDA:200,31,0,0
BRDA:200,31,1,0
BRDA:211,32,0,0
BRDA:215,33,0,0
BRDA:219,34,0,0
BRDA:224,35,0,0
BRDA:237,36,0,0
BRDA:237,36,1,0
BRDA:240,37,0,0
BRDA:252,38,0,1
BRDA:252,38,1,42
BRDA:252,39,0,22
BRDA:252,39,1,20
BRDA:264,40,0,0
BRDA:265,41,0,0
BRDA:283,42,0,0
BRDA:283,42,1,0
BRDA:298,43,0,0
BRDA:298,43,1,0
BRDA:301,44,0,0
BRDA:319,45,0,0
BRDA:320,46,0,0
BRDA:321,47,0,0
BRDA:322,48,0,0
BRDA:330,49,0,4
BRDA:335,50,0,2
BRDA:347,51,0,2
BRDA:347,51,1,22
BRDA:347,52,0,24
BRDA:347,52,1,2
BRDA:351,53,0,0
BRDA:351,53,1,22
BRDA:351,54,0,22
BRDA:351,54,1,0
BRDA:354,55,0,11
BRDA:354,55,1,11
BRDA:387,56,0,4
BRDA:387,56,1,2
BRDA:413,57,0,1
BRDA:419,58,0,2
BRDA:422,59,0,4
BRDA:444,60,0,1
BRDA:456,61,0,1
BRDA:465,62,0,6
BRDA:466,63,0,4
BRDA:467,64,0,1
BRDA:468,65,0,2
BRDA:474,66,0,1
BRDA:481,67,0,19
BRDA:481,67,1,14
BRDA:481,67,2,9
BRDA:485,68,0,1
BRDA:514,69,0,3
BRDA:514,69,1,2
BRDA:518,70,0,1
BRDA:519,71,0,1
BRDA:525,72,0,1
BRDA:525,72,1,5
BRDA:546,73,0,6
BRDA:547,74,0,8
BRDA:563,75,0,2
BRDA:563,75,1,2
BRDA:563,76,0,4
BRDA:563,76,1,3
BRDA:566,77,0,6
BRDA:566,77,1,10
BRDA:590,78,0,3
BRDA:590,78,1,5
BRDA:605,79,0,2
BRDA:605,79,1,3
BRDA:628,80,0,1
BRDA:637,81,0,3
BRDA:638,82,0,2
BRDA:643,83,0,1
BRDA:670,84,0,4
BRDA:670,84,1,3
BRDA:670,84,2,3
BRDA:670,84,3,3
BRDA:670,84,4,4
BRDA:695,85,0,48
BRDA:695,85,1,32
BRDA:705,86,0,4
BRDA:706,87,0,1
BRDA:706,87,1,3
BRDA:708,88,0,1
BRDA:708,88,1,2
BRDA:710,89,0,1
BRDA:710,89,1,1
BRF:139
BRH:100
end_of_record
TN:
SF:linkedList.ts
FN:4,(anonymous_0)
FN:13,(anonymous_1)
FN:18,(anonymous_2)
FN:27,(anonymous_3)
FN:40,(anonymous_4)
FN:61,(anonymous_5)
FN:69,(anonymous_6)
FN:86,(anonymous_7)
FN:110,(anonymous_8)
FN:138,(anonymous_9)
FNF:10
FNH:10
FNDA:30,(anonymous_0)
FNDA:6,(anonymous_1)
FNDA:27,(anonymous_2)
FNDA:24,(anonymous_3)
FNDA:2,(anonymous_4)
FNDA:4,(anonymous_5)
FNDA:4,(anonymous_6)
FNDA:4,(anonymous_7)
FNDA:4,(anonymous_8)
FNDA:3,(anonymous_9)
DA:1,1
DA:5,30
DA:6,30
DA:10,1
DA:14,6
DA:15,6
DA:19,27
DA:20,20
DA:21,20
DA:22,58
DA:24,20
DA:28,24
DA:29,24
DA:30,7
DA:31,7
DA:32,7
DA:34,17
DA:35,17
DA:36,17
DA:37,17
DA:41,2
DA:43,1
DA:44,0
DA:45,0
DA:46,0
DA:50,1
DA:51,1
DA:52,7
DA:53,7
DA:55,1
DA:56,1
DA:57,1
DA:58,1
DA:62,4
DA:63,4
DA:64,4
DA:65,4
DA:66,4
DA:70,4
DA:71,1
DA:74,3
DA:75,2
DA:76,2
DA:77,2
DA:79,1
DA:80,1
DA:81,1
DA:82,1
DA:83,1
DA:87,4
DA:88,1
DA:90,3
DA:91,1
DA:92,1
DA:95,2
DA:97,2
DA:98,7
DA:99,1
DA:100,1
DA:101,1
DA:102,1
DA:104,6
DA:105,6
DA:107,1
DA:111,4
DA:112,1
DA:114,3
DA:115,1
DA:120,2
DA:121,0
DA:123,2
DA:124,1
DA:129,1
DA:130,1
DA:131,1
DA:132,2
DA:133,2
DA:135,1
DA:139,3
DA:140,2
DA:142,1
DA:143,1
DA:144,3
DA:145,3
DA:146,3
DA:147,3
DA:148,3
DA:150,1
DA:155,1
DA:156,1
DA:157,1
DA:158,1
DA:159,1
LF:93
LH:89
BRDA:13,0,0,6
BRDA:19,1,0,7
BRDA:29,2,0,7
BRDA:41,3,0,1
BRDA:43,4,0,0
BRDA:70,5,0,1
BRDA:74,6,0,2
BRDA:87,7,0,1
BRDA:90,8,0,1
BRDA:98,9,0,1
BRDA:111,10,0,1
BRDA:114,11,0,1
BRDA:120,12,0,0
BRDA:123,13,0,1
BRDA:139,14,0,2
BRF:15
BRH:13
end_of_record
TN:
SF:percentGenerator.ts
FN:20,(anonymous_0)
FN:29,(anonymous_1)
FN:39,(anonymous_2)
FNF:3
FNH:3
FNDA:12,(anonymous_0)
FNDA:23,(anonymous_1)
FNDA:3,(anonymous_2)
DA:20,1
DA:21,12
DA:25,12
DA:27,7
DA:29,7
DA:30,23
DA:31,23
DA:34,7
DA:36,7
DA:39,1
DA:40,3
DA:42,3
LF:12
LH:12
BRDA:25,0,0,5
BRF:1
BRH:1
end_of_record
TN:
SF:search.ts
FN:1,(anonymous_0)
FNF:1
FNH:1
FNDA:4,(anonymous_0)
DA:1,1
DA:5,4
DA:6,4
DA:8,4
DA:9,8
DA:10,8
DA:11,7
DA:12,4
DA:14,3
LF:9
LH:9
BRDA:10,0,0,1
BRDA:11,1,0,3
BRDA:11,1,1,4
BRF:3
BRH:3
end_of_record
TN:
SF:sort.ts
FN:1,(anonymous_0)
FN:11,(anonymous_1)
FN:21,(anonymous_2)
FN:34,(anonymous_3)
FN:40,(anonymous_4)
FN:45,(anonymous_5)
FN:46,(anonymous_6)
FNF:7
FNH:7
FNDA:13,(anonymous_0)
FNDA:29,(anonymous_1)
FNDA:3,(anonymous_2)
FNDA:4,(anonymous_3)
FNDA:23,(anonymous_4)
FNDA:27,(anonymous_5)
FNDA:10,(anonymous_6)
DA:1,1
DA:3,13
DA:4,13
DA:5,30
DA:8,13
DA:11,1
DA:13,29
DA:15,13
DA:16,13
DA:18,13
DA:21,1
DA:22,3
DA:23,15
DA:24,113
DA:25,33
DA:26,33
DA:27,33
DA:31,3
DA:34,1
DA:37,4
DA:38,4
DA:40,4
DA:41,23
DA:44,4
DA:45,27
DA:46,10
LF:26
LH:26
BRDA:4,0,0,43
BRDA:4,0,1,36
BRDA:5,1,0,14
BRDA:5,1,1,16
BRDA:13,2,0,16
BRDA:24,3,0,33
BRDA:41,4,0,8
BRDA:41,4,1,15
BRDA:46,5,0,4
BRDA:46,5,1,6
BRF:10
BRH:10
end_of_record
