TN:
SF:date.ts
FN:2,(anonymous_0)
FN:7,(anonymous_1)
FN:14,(anonymous_2)
FN:24,(anonymous_3)
FN:51,(anonymous_4)
FN:58,(anonymous_5)
FN:89,(anonymous_6)
FNF:7
FNH:7
FNDA:11,(anonymous_0)
FNDA:6,(anonymous_1)
FNDA:8,(anonymous_2)
FNDA:25,(anonymous_3)
FNDA:9,(anonymous_4)
FNDA:7,(anonymous_5)
FNDA:12,(anonymous_6)
DA:2,1
DA:3,11
DA:4,11
DA:7,1
DA:11,6
DA:12,4
DA:14,8
DA:15,2
DA:16,2
DA:24,1
DA:28,25
DA:29,5
DA:31,20
DA:35,6
DA:37,14
DA:51,1
DA:52,9
DA:58,1
DA:62,7
DA:63,1
DA:68,6
DA:70,6
DA:75,6
DA:78,2
DA:84,4
DA:85,4
DA:86,4
DA:87,4
DA:89,4
DA:90,12
DA:92,12
DA:93,5
DA:97,5
DA:102,5
DA:103,5
DA:104,5
DA:106,5
DA:110,4
DA:112,4
DA:115,4
LF:40
LH:40
BRDA:4,0,0,11
BRDA:4,0,1,9
BRDA:11,1,0,2
BRDA:14,2,0,2
BRDA:28,3,0,5
BRDA:31,4,0,6
BRDA:33,5,0,18
BRDA:33,5,1,2
BRDA:62,6,0,1
BRDA:70,7,0,1
BRDA:70,7,1,5
BRDA:75,8,0,2
BRDA:92,9,0,5
BRDA:94,10,0,3
BRDA:94,10,1,2
BRDA:98,11,0,1
BRDA:98,11,1,4
BRF:17
BRH:17
end_of_record
TN:
SF:faang.ts
FN:1,(anonymous_0)
FN:5,(anonymous_1)
FN:16,(anonymous_2)
FN:20,(anonymous_3)
FN:65,(anonymous_4)
FN:98,(anonymous_5)
FN:120,(anonymous_6)
FN:124,(anonymous_7)
FN:140,(anonymous_8)
FN:157,(anonymous_9)
FNF:10
FNH:10
FNDA:14,(anonymous_0)
FNDA:67,(anonymous_1)
FNDA:7,(anonymous_2)
FNDA:7,(anonymous_3)
FNDA:8,(anonymous_4)
FNDA:8,(anonymous_5)
FNDA:8,(anonymous_6)
FNDA:66,(anonymous_7)
FNDA:10,(anonymous_8)
FNDA:12,(anonymous_9)
DA:1,1
DA:2,14
DA:3,14
DA:6,67
DA:8,14
DA:16,1
DA:17,7
DA:20,1
DA:24,7
DA:25,7
DA:27,7
DA:28,28
DA:29,7
DA:30,2
DA:31,2
DA:32,8
DA:33,8
DA:34,8
DA:35,2
DA:39,7
DA:40,7
DA:41,7
DA:42,14
DA:43,14
DA:44,14
DA:45,0
DA:50,21
DA:51,3
DA:53,18
DA:54,18
DA:57,4
DA:65,1
DA:68,8
DA:69,8
DA:70,8
DA:71,8
DA:72,8
DA:74,8
DA:76,7
DA:77,28
DA:78,14
DA:79,14
DA:80,14
DA:81,14
DA:82,2
DA:84,14
DA:86,14
DA:87,14
DA:88,14
DA:89,14
DA:90,9
DA:95,7
DA:98,1
DA:99,8
DA:100,7
DA:101,7
DA:102,7
DA:104,7
DA:105,36
DA:106,36
DA:107,36
DA:108,17
DA:110,36
DA:111,36
DA:114,7
DA:120,1
DA:121,8
DA:124,66
DA:127,8
DA:128,8
DA:130,8
DA:131,24
DA:132,2
DA:134,22
DA:135,22
DA:137,6
DA:140,1
DA:145,10
DA:146,9
DA:147,8
DA:149,1
DA:150,1
DA:152,2
DA:157,1
DA:158,12
DA:160,12
DA:161,12
DA:163,12
DA:164,32
DA:165,6
DA:170,26
DA:171,26
DA:173,6
LF:93
LH:92
BRDA:6,0,0,56
BRDA:6,0,1,11
BRDA:27,1,0,32
BRDA:27,1,1,4
BRDA:28,2,0,7
BRDA:28,2,1,21
BRDA:28,3,0,28
BRDA:28,3,1,26
BRDA:29,4,0,2
BRDA:34,5,0,2
BRDA:39,6,0,7
BRDA:44,7,0,0
BRDA:50,8,0,3
BRDA:74,9,0,1
BRDA:76,10,0,35
BRDA:76,10,1,35
BRDA:77,11,0,14
BRDA:77,11,1,14
BRDA:81,12,0,2
BRDA:89,13,0,9
BRDA:99,14,0,1
BRDA:107,15,0,17
BRDA:131,16,0,2
BRDA:146,17,0,8
BRDA:164,18,0,6
BRDA:166,19,0,6
BRDA:166,19,1,4
BRF:27
BRH:26
end_of_record
TN:
SF:index.ts
FN:1,(anonymous_0)
FN:4,(anonymous_1)
FN:5,(anonymous_2)
FN:7,(anonymous_3)
FN:9,(anonymous_4)
FN:10,(anonymous_5)
FN:13,(anonymous_6)
FN:16,(anonymous_7)
FN:20,(anonymous_8)
FN:25,(anonymous_9)
FN:26,(anonymous_10)
FN:28,(anonymous_11)
FN:45,(anonymous_12)
FN:63,(anonymous_13)
FN:64,(anonymous_14)
FN:66,(anonymous_15)
FN:68,(anonymous_16)
FN:70,(anonymous_17)
FN:73,(anonymous_18)
FN:75,(anonymous_19)
FN:79,(anonymous_20)
FN:88,(anonymous_21)
FN:94,(anonymous_22)
FN:107,(anonymous_23)
FN:122,(anonymous_24)
FN:135,(anonymous_25)
FN:154,(anonymous_26)
FN:179,(anonymous_27)
FN:183,(anonymous_28)
FN:186,(anonymous_29)
FN:190,(anonymous_30)
FN:202,(anonymous_31)
FN:228,(anonymous_32)
FN:230,(anonymous_33)
FN:239,(anonymous_34)
FN:242,(anonymous_35)
FN:242,(anonymous_36)
FN:243,(anonymous_37)
FN:245,(anonymous_38)
FN:248,(anonymous_39)
FN:249,(anonymous_40)
FN:250,(anonymous_41)
FN:256,(anonymous_42)
FN:286,(anonymous_43)
FN:290,(anonymous_44)
FN:301,(anonymous_45)
FN:311,(anonymous_46)
FN:319,(anonymous_47)
FN:320,(anonymous_48)
FN:324,(anonymous_49)
FN:327,(anonymous_50)
FN:353,(anonymous_51)
FN:356,(anonymous_52)
FN:371,(anonymous_53)
FN:373,(anonymous_54)
FN:381,(anonymous_55)
FN:385,(anonymous_56)
FN:399,(anonymous_57)
FN:405,(anonymous_58)
FN:420,(anonymous_59)
FN:421,(anonymous_60)
FN:427,(anonymous_61)
FN:434,(anonymous_62)
FN:435,(anonymous_63)
FN:439,(anonymous_64)
FN:445,(anonymous_65)
FN:448,(anonymous_66)
FN:457,(anonymous_67)
FN:459,(anonymous_68)
FN:464,(anonymous_69)
FN:468,(anonymous_70)
FN:470,(anonymous_71)
FN:473,(anonymous_72)
FN:477,(anonymous_73)
FN:481,(anonymous_74)
FN:497,(anonymous_75)
FN:501,(anonymous_76)
FN:504,(anonymous_77)
FN:508,(anonymous_78)
FN:512,(anonymous_79)
FN:515,(anonymous_80)
FN:518,(anonymous_81)
FN:519,(anonymous_82)
FN:522,(anonymous_83)
FN:525,(anonymous_84)
FN:529,(anonymous_85)
FN:537,(anonymous_86)
FN:540,(anonymous_87)
FN:544,(anonymous_88)
FN:549,(anonymous_89)
FN:558,(anonymous_90)
FN:561,(anonymous_91)
FN:567,(anonymous_92)
FN:573,(anonymous_93)
FN:578,(anonymous_94)
FN:579,(anonymous_95)
FN:580,(anonymous_96)
FN:584,(anonymous_97)
FN:585,(anonymous_98)
FN:587,(anonymous_99)
FN:590,(anonymous_100)
FN:594,(anonymous_101)
FN:598,(anonymous_102)
FN:599,(anonymous_103)
FN:601,(anonymous_104)
FN:607,(anonymous_105)
FN:610,(anonymous_106)
FN:612,(anonymous_107)
FN:616,(anonymous_108)
FN:618,(anonymous_109)
FN:619,(anonymous_110)
FN:619,(anonymous_111)
FN:625,(anonymous_112)
FN:634,(anonymous_113)
FN:637,(anonymous_114)
FN:638,(anonymous_115)
FN:641,(anonymous_116)
FN:642,(anonymous_117)
FN:644,(anonymous_118)
FN:646,(anonymous_119)
FN:647,(anonymous_120)
FN:648,(anonymous_121)
FN:651,(anonymous_122)
FN:652,(anonymous_123)
FN:667,(anonymous_124)
FN:670,(anonymous_125)
FN:673,(anonymous_126)
FN:677,(anonymous_127)
FN:680,(anonymous_128)
FN:683,(anonymous_129)
FN:685,(anonymous_130)
FN:688,(anonymous_131)
FN:697,(anonymous_132)
FN:698,(anonymous_133)
FN:700,(anonymous_134)
FN:704,(anonymous_135)
FN:711,(anonymous_136)
FNF:137
FNH:116
FNDA:3,(anonymous_0)
FNDA:7,(anonymous_1)
FNDA:7,(anonymous_2)
FNDA:4,(anonymous_3)
FNDA:4,(anonymous_4)
FNDA:9,(anonymous_5)
FNDA:4,(anonymous_6)
FNDA:17,(anonymous_7)
FNDA:3,(anonymous_8)
FNDA:4,(anonymous_9)
FNDA:56,(anonymous_10)
FNDA:5,(anonymous_11)
FNDA:9,(anonymous_12)
FNDA:3,(anonymous_13)
FNDA:8,(anonymous_14)
FNDA:3,(anonymous_15)
FNDA:8,(anonymous_16)
FNDA:3,(anonymous_17)
FNDA:8,(anonymous_18)
FNDA:6,(anonymous_19)
FNDA:24,(anonymous_20)
FNDA:6,(anonymous_21)
FNDA:22,(anonymous_22)
FNDA:8,(anonymous_23)
FNDA:0,(anonymous_24)
FNDA:0,(anonymous_25)
FNDA:0,(anonymous_26)
FNDA:3,(anonymous_27)
FNDA:10,(anonymous_28)
FNDA:0,(anonymous_29)
FNDA:0,(anonymous_30)
FNDA:0,(anonymous_31)
FNDA:0,(anonymous_32)
FNDA:0,(anonymous_33)
FNDA:0,(anonymous_34)
FNDA:0,(anonymous_35)
FNDA:0,(anonymous_36)
FNDA:0,(anonymous_37)
FNDA:43,(anonymous_38)
FNDA:0,(anonymous_39)
FNDA:0,(anonymous_40)
FNDA:0,(anonymous_41)
FNDA:0,(anonymous_42)
FNDA:0,(anonymous_43)
FNDA:0,(anonymous_44)
FNDA:0,(anonymous_45)
FNDA:0,(anonymous_46)
FNDA:3,(anonymous_47)
FNDA:6,(anonymous_48)
FNDA:6,(anonymous_49)
FNDA:3,(anonymous_50)
FNDA:3,(anonymous_51)
FNDA:24,(anonymous_52)
FNDA:2,(anonymous_53)
FNDA:6,(anonymous_54)
FNDA:5,(anonymous_55)
FNDA:34,(anonymous_56)
FNDA:4,(anonymous_57)
FNDA:17,(anonymous_58)
FNDA:4,(anonymous_59)
FNDA:15,(anonymous_60)
FNDA:4,(anonymous_61)
FNDA:20,(anonymous_62)
FNDA:27,(anonymous_63)
FNDA:5,(anonymous_64)
FNDA:3,(anonymous_65)
FNDA:13,(anonymous_66)
FNDA:5,(anonymous_67)
FNDA:9,(anonymous_68)
FNDA:19,(anonymous_69)
FNDA:4,(anonymous_70)
FNDA:10,(anonymous_71)
FNDA:3,(anonymous_72)
FNDA:10,(anonymous_73)
FNDA:0,(anonymous_74)
FNDA:5,(anonymous_75)
FNDA:7,(anonymous_76)
FNDA:39,(anonymous_77)
FNDA:6,(anonymous_78)
FNDA:3,(anonymous_79)
FNDA:17,(anonymous_80)
FNDA:3,(anonymous_81)
FNDA:6,(anonymous_82)
FNDA:6,(anonymous_83)
FNDA:5,(anonymous_84)
FNDA:16,(anonymous_85)
FNDA:3,(anonymous_86)
FNDA:14,(anonymous_87)
FNDA:4,(anonymous_88)
FNDA:16,(anonymous_89)
FNDA:8,(anonymous_90)
FNDA:5,(anonymous_91)
FNDA:35,(anonymous_92)
FNDA:8,(anonymous_93)
FNDA:5,(anonymous_94)
FNDA:17,(anonymous_95)
FNDA:17,(anonymous_96)
FNDA:3,(anonymous_97)
FNDA:14,(anonymous_98)
FNDA:5,(anonymous_99)
FNDA:3,(anonymous_100)
FNDA:9,(anonymous_101)
FNDA:2,(anonymous_102)
FNDA:24,(anonymous_103)
FNDA:4,(anonymous_104)
FNDA:4,(anonymous_105)
FNDA:4,(anonymous_106)
FNDA:2,(anonymous_107)
FNDA:3,(anonymous_108)
FNDA:6,(anonymous_109)
FNDA:26,(anonymous_110)
FNDA:12,(anonymous_111)
FNDA:6,(anonymous_112)
FNDA:2,(anonymous_113)
FNDA:6,(anonymous_114)
FNDA:12,(anonymous_115)
FNDA:6,(anonymous_116)
FNDA:35,(anonymous_117)
FNDA:109,(anonymous_118)
FNDA:462,(anonymous_119)
FNDA:225,(anonymous_120)
FNDA:225,(anonymous_121)
FNDA:17,(anonymous_122)
FNDA:51,(anonymous_123)
FNDA:9,(anonymous_124)
FNDA:18,(anonymous_125)
FNDA:5,(anonymous_126)
FNDA:48,(anonymous_127)
FNDA:48,(anonymous_128)
FNDA:20,(anonymous_129)
FNDA:220,(anonymous_130)
FNDA:4,(anonymous_131)
FNDA:5,(anonymous_132)
FNDA:992,(anonymous_133)
FNDA:8,(anonymous_134)
FNDA:17,(anonymous_135)
FNDA:7,(anonymous_136)
DA:1,1
DA:2,3
DA:4,7
DA:5,7
DA:7,4
DA:9,1
DA:10,9
DA:13,1
DA:14,4
DA:16,17
DA:20,1
DA:21,3
DA:22,3
DA:25,1
DA:26,56
DA:28,1
DA:29,5
DA:30,5
DA:31,5
DA:33,5
DA:35,4
DA:36,6
DA:37,1
DA:39,5
DA:40,5
DA:42,3
DA:45,1
DA:46,9
DA:49,3
DA:51,1
DA:53,1
DA:55,1
DA:57,1
DA:59,2
DA:63,1
DA:64,8
DA:66,1
DA:68,8
DA:70,1
DA:73,8
DA:75,1
DA:76,6
DA:77,6
DA:79,6
DA:80,24
DA:83,6
DA:88,1
DA:89,6
DA:90,5
DA:91,5
DA:95,22
DA:98,5
DA:99,17
DA:100,16
DA:101,15
DA:104,3
DA:107,1
DA:108,8
DA:110,8
DA:111,221
DA:112,221
DA:113,218
DA:116,5
DA:122,1
DA:123,0
DA:125,0
DA:126,0
DA:127,0
DA:128,0
DA:132,0
DA:135,1
DA:136,0
DA:137,0
DA:138,0
DA:139,0
DA:140,0
DA:141,0
DA:142,0
DA:143,0
DA:145,0
DA:146,0
DA:147,0
DA:151,0
DA:154,1
DA:158,0
DA:159,0
DA:160,0
DA:162,0
DA:163,0
DA:165,0
DA:166,0
DA:167,0
DA:168,0
DA:170,0
DA:171,0
DA:174,0
DA:176,0
DA:179,1
DA:183,10
DA:186,1
DA:187,0
DA:188,0
DA:189,0
DA:190,0
DA:191,0
DA:193,0
DA:194,0
DA:195,0
DA:196,0
DA:199,0
DA:202,1
DA:203,0
DA:204,0
DA:205,0
DA:206,0
DA:207,0
DA:209,0
DA:210,0
DA:211,0
DA:213,0
DA:214,0
DA:215,0
DA:218,0
DA:219,0
DA:220,0
DA:222,0
DA:228,1
DA:229,0
DA:230,0
DA:231,0
DA:233,0
DA:234,0
DA:236,0
DA:239,1
DA:240,0
DA:242,0
DA:243,0
DA:245,1
DA:246,43
DA:248,1
DA:249,0
DA:250,0
DA:251,0
DA:256,1
DA:257,0
DA:258,0
DA:260,0
DA:261,0
DA:262,0
DA:264,0
DA:265,0
DA:267,0
DA:268,0
DA:269,0
DA:270,0
DA:273,0
DA:274,0
DA:275,0
DA:276,0
DA:277,0
DA:279,0
DA:281,0
DA:283,0
DA:286,1
DA:287,0
DA:288,0
DA:289,0
DA:290,0
DA:291,0
DA:293,0
DA:294,0
DA:295,0
DA:298,0
DA:301,1
DA:302,0
DA:311,1
DA:312,0
DA:313,0
DA:314,0
DA:315,0
DA:316,0
DA:319,1
DA:320,3
DA:321,6
DA:324,1
DA:325,6
DA:327,1
DA:330,3
DA:331,3
DA:332,3
DA:334,3
DA:335,24
DA:336,2
DA:337,2
DA:338,2
DA:339,22
DA:340,0
DA:341,0
DA:342,22
DA:343,11
DA:344,11
DA:345,11
DA:347,11
DA:350,3
DA:353,1
DA:356,24
DA:371,1
DA:372,2
DA:373,2
DA:374,6
DA:378,2
DA:381,1
DA:382,5
DA:383,5
DA:385,5
DA:386,34
DA:387,34
DA:390,5
DA:399,1
DA:400,4
DA:401,1
DA:403,3
DA:406,17
DA:407,2
DA:409,15
DA:410,4
DA:412,11
DA:420,1
DA:421,15
DA:427,1
DA:428,4
DA:434,20
DA:435,27
DA:439,1
DA:440,5
DA:442,4
DA:445,1
DA:446,3
DA:449,13
DA:450,7
DA:451,3
DA:452,2
DA:457,1
DA:458,5
DA:459,4
DA:460,9
DA:464,1
DA:465,19
DA:468,1
DA:469,4
DA:470,10
DA:473,1
DA:474,3
DA:477,10
DA:481,1
DA:487,0
DA:489,0
DA:490,0
DA:491,0
DA:494,0
DA:497,1
DA:498,5
DA:501,1
DA:502,7
DA:503,6
DA:504,39
DA:505,5
DA:508,1
DA:509,6
DA:512,1
DA:513,3
DA:515,17
DA:518,1
DA:519,6
DA:522,1
DA:523,6
DA:525,1
DA:526,5
DA:527,5
DA:529,5
DA:530,16
DA:531,16
DA:534,5
DA:537,1
DA:538,3
DA:540,14
DA:544,1
DA:547,4
DA:550,16
DA:551,16
DA:558,1
DA:559,8
DA:561,1
DA:565,5
DA:567,35
DA:573,1
DA:574,8
DA:578,1
DA:579,17
DA:580,17
DA:584,1
DA:585,14
DA:587,1
DA:588,5
DA:590,1
DA:591,3
DA:594,9
DA:598,1
DA:599,24
DA:601,1
DA:605,4
DA:607,1
DA:608,4
DA:610,1
DA:611,4
DA:612,3
DA:613,3
DA:616,3
DA:618,1
DA:619,26
DA:620,6
DA:621,3
DA:622,1
DA:625,1
DA:626,6
DA:627,5
DA:628,5
DA:629,33
DA:631,5
DA:634,1
DA:635,2
DA:637,6
DA:638,12
DA:641,1
DA:642,35
DA:644,1
DA:645,109
DA:646,462
DA:647,225
DA:648,225
DA:651,1
DA:652,51
DA:653,17
DA:655,4
DA:657,3
DA:659,3
DA:661,3
DA:663,4
DA:667,1
DA:668,9
DA:670,18
DA:673,1
DA:674,5
DA:678,48
DA:680,48
DA:683,1
DA:684,20
DA:685,220
DA:688,1
DA:689,4
DA:697,1
DA:698,992
DA:700,1
DA:701,8
DA:705,17
DA:706,5
DA:712,7
DA:713,3
LF:368
LH:259
BRDA:22,0,0,2
BRDA:22,0,1,1
BRDA:26,1,0,9
BRDA:26,1,1,47
BRDA:33,2,0,1
BRDA:36,3,0,1
BRDA:46,4,0,2
BRDA:46,4,1,3
BRDA:46,4,2,1
BRDA:46,4,3,1
BRDA:46,4,4,1
BRDA:46,4,5,1
BRDA:46,4,6,2
BRDA:64,5,0,4
BRDA:64,5,1,4
BRDA:68,6,0,8
BRDA:68,6,1,4
BRDA:80,7,0,13
BRDA:80,7,1,11
BRDA:83,8,0,4
BRDA:83,8,1,2
BRDA:89,9,0,1
BRDA:95,10,0,17
BRDA:95,10,1,5
BRDA:99,11,0,1
BRDA:100,12,0,1
BRDA:101,13,0,15
BRDA:111,14,0,19
BRDA:112,15,0,3
BRDA:112,16,0,221
BRDA:112,16,1,21
BRDA:113,17,0,18
BRDA:113,18,0,218
BRDA:113,18,1,18
BRDA:123,19,0,0
BRDA:123,19,1,0
BRDA:127,20,0,0
BRDA:142,21,0,0
BRDA:142,21,1,0
BRDA:146,22,0,0
BRDA:158,23,0,0
BRDA:159,24,0,0
BRDA:160,25,0,0
BRDA:165,26,0,0
BRDA:165,26,1,0
BRDA:166,27,0,0
BRDA:166,27,1,0
BRDA:174,28,0,0
BRDA:191,29,0,0
BRDA:191,29,1,0
BRDA:194,30,0,0
BRDA:194,31,0,0
BRDA:194,31,1,0
BRDA:205,32,0,0
BRDA:209,33,0,0
BRDA:213,34,0,0
BRDA:218,35,0,0
BRDA:231,36,0,0
BRDA:231,36,1,0
BRDA:234,37,0,0
BRDA:246,38,0,1
BRDA:246,38,1,42
BRDA:246,39,0,22
BRDA:246,39,1,20
BRDA:257,40,0,0
BRDA:258,41,0,0
BRDA:276,42,0,0
BRDA:276,42,1,0
BRDA:291,43,0,0
BRDA:291,43,1,0
BRDA:294,44,0,0
BRDA:312,45,0,0
BRDA:313,46,0,0
BRDA:314,47,0,0
BRDA:315,48,0,0
BRDA:321,49,0,4
BRDA:325,50,0,2
BRDA:325,50,1,4
BRDA:335,51,0,2
BRDA:335,51,1,22
BRDA:335,52,0,24
BRDA:335,52,1,2
BRDA:339,53,0,0
BRDA:339,53,1,22
BRDA:339,54,0,22
BRDA:339,54,1,0
BRDA:342,55,0,11
BRDA:342,55,1,11
BRDA:374,56,0,4
BRDA:374,56,1,2
BRDA:400,57,0,1
BRDA:406,58,0,2
BRDA:409,59,0,4
BRDA:428,60,0,1
BRDA:428,60,1,3
BRDA:440,61,0,1
BRDA:449,62,0,6
BRDA:450,63,0,4
BRDA:451,64,0,1
BRDA:452,65,0,2
BRDA:458,66,0,1
BRDA:465,67,0,19
BRDA:465,67,1,14
BRDA:465,67,2,9
BRDA:469,68,0,1
BRDA:498,69,0,3
BRDA:498,69,1,2
BRDA:502,70,0,1
BRDA:503,71,0,1
BRDA:509,72,0,1
BRDA:509,72,1,5
BRDA:530,73,0,6
BRDA:531,74,0,8
BRDA:547,75,0,2
BRDA:547,75,1,2
BRDA:547,76,0,4
BRDA:547,76,1,3
BRDA:550,77,0,6
BRDA:550,77,1,10
BRDA:574,78,0,3
BRDA:574,78,1,5
BRDA:588,79,0,2
BRDA:588,79,1,3
BRDA:611,80,0,1
BRDA:620,81,0,3
BRDA:621,82,0,2
BRDA:626,83,0,1
BRDA:653,84,0,4
BRDA:653,84,1,3
BRDA:653,84,2,3
BRDA:653,84,3,3
BRDA:653,84,4,4
BRDA:678,85,0,48
BRDA:678,85,1,32
BRDA:688,86,0,4
BRDA:689,87,0,1
BRDA:689,87,1,3
BRDA:691,88,0,1
BRDA:691,88,1,2
BRDA:693,89,0,1
BRDA:693,89,1,1
BRDA:701,90,0,5
BRDA:701,90,1,3
BRDA:705,91,0,12
BRDA:712,92,0,4
BRF:145
BRH:106
end_of_record
TN:
SF:linkedList.ts
FN:4,(anonymous_0)
FN:13,(anonymous_1)
FN:18,(anonymous_2)
FN:27,(anonymous_3)
FN:40,(anonymous_4)
FN:61,(anonymous_5)
FN:69,(anonymous_6)
FN:86,(anonymous_7)
FN:110,(anonymous_8)
FN:138,(anonymous_9)
FNF:10
FNH:10
FNDA:30,(anonymous_0)
FNDA:6,(anonymous_1)
FNDA:27,(anonymous_2)
FNDA:24,(anonymous_3)
FNDA:2,(anonymous_4)
FNDA:4,(anonymous_5)
FNDA:4,(anonymous_6)
FNDA:4,(anonymous_7)
FNDA:4,(anonymous_8)
FNDA:3,(anonymous_9)
DA:1,1
DA:5,30
DA:6,30
DA:10,1
DA:14,6
DA:15,6
DA:19,27
DA:20,20
DA:21,20
DA:22,58
DA:24,20
DA:28,24
DA:29,24
DA:30,7
DA:31,7
DA:32,7
DA:34,17
DA:35,17
DA:36,17
DA:37,17
DA:41,2
DA:43,1
DA:44,0
DA:45,0
DA:46,0
DA:50,1
DA:51,1
DA:52,7
DA:53,7
DA:55,1
DA:56,1
DA:57,1
DA:58,1
DA:62,4
DA:63,4
DA:64,4
DA:65,4
DA:66,4
DA:70,4
DA:71,1
DA:74,3
DA:75,2
DA:76,2
DA:77,2
DA:79,1
DA:80,1
DA:81,1
DA:82,1
DA:83,1
DA:87,4
DA:88,1
DA:90,3
DA:91,1
DA:92,1
DA:95,2
DA:97,2
DA:98,7
DA:99,1
DA:100,1
DA:101,1
DA:102,1
DA:104,6
DA:105,6
DA:107,1
DA:111,4
DA:112,1
DA:114,3
DA:115,1
DA:120,2
DA:121,0
DA:123,2
DA:124,1
DA:129,1
DA:130,1
DA:131,1
DA:132,2
DA:133,2
DA:135,1
DA:139,3
DA:140,2
DA:142,1
DA:143,1
DA:144,3
DA:145,3
DA:146,3
DA:147,3
DA:148,3
DA:150,1
DA:155,1
DA:156,1
DA:157,1
DA:158,1
DA:159,1
LF:93
LH:89
BRDA:13,0,0,6
BRDA:19,1,0,7
BRDA:29,2,0,7
BRDA:41,3,0,1
BRDA:43,4,0,0
BRDA:70,5,0,1
BRDA:74,6,0,2
BRDA:87,7,0,1
BRDA:90,8,0,1
BRDA:98,9,0,1
BRDA:111,10,0,1
BRDA:114,11,0,1
BRDA:120,12,0,0
BRDA:123,13,0,1
BRDA:139,14,0,2
BRF:15
BRH:13
end_of_record
TN:
SF:percentGenerator.ts
FN:20,(anonymous_0)
FN:29,(anonymous_1)
FN:39,(anonymous_2)
FNF:3
FNH:3
FNDA:12,(anonymous_0)
FNDA:23,(anonymous_1)
FNDA:3,(anonymous_2)
DA:20,1
DA:21,12
DA:25,12
DA:27,7
DA:29,7
DA:30,23
DA:31,23
DA:34,7
DA:36,7
DA:39,1
DA:40,3
DA:42,3
LF:12
LH:12
BRDA:25,0,0,5
BRF:1
BRH:1
end_of_record
TN:
SF:search.ts
FN:1,(anonymous_0)
FNF:1
FNH:1
FNDA:4,(anonymous_0)
DA:1,1
DA:5,4
DA:6,4
DA:8,4
DA:9,8
DA:10,8
DA:11,7
DA:12,4
DA:14,3
LF:9
LH:9
BRDA:10,0,0,1
BRDA:11,1,0,3
BRDA:11,1,1,4
BRF:3
BRH:3
end_of_record
TN:
SF:sort.ts
FN:1,(anonymous_0)
FN:11,(anonymous_1)
FN:21,(anonymous_2)
FN:34,(anonymous_3)
FN:40,(anonymous_4)
FN:45,(anonymous_5)
FN:46,(anonymous_6)
FNF:7
FNH:7
FNDA:13,(anonymous_0)
FNDA:29,(anonymous_1)
FNDA:3,(anonymous_2)
FNDA:4,(anonymous_3)
FNDA:23,(anonymous_4)
FNDA:27,(anonymous_5)
FNDA:10,(anonymous_6)
DA:1,1
DA:3,13
DA:4,13
DA:5,30
DA:8,13
DA:11,1
DA:13,29
DA:15,13
DA:16,13
DA:18,13
DA:21,1
DA:22,3
DA:23,15
DA:24,113
DA:25,33
DA:26,33
DA:27,33
DA:31,3
DA:34,1
DA:37,4
DA:38,4
DA:40,4
DA:41,23
DA:44,4
DA:45,27
DA:46,10
LF:26
LH:26
BRDA:4,0,0,43
BRDA:4,0,1,36
BRDA:5,1,0,14
BRDA:5,1,1,16
BRDA:13,2,0,16
BRDA:24,3,0,33
BRDA:41,4,0,8
BRDA:41,4,1,15
BRDA:46,5,0,4
BRDA:46,5,1,6
BRF:10
BRH:10
end_of_record
